#
# A fatal error has been detected by the Java Runtime Environment:
#
#  SIGSEGV (0xb) at pc=0x00007feb9e6e4009, pid=17345, tid=17435
#
# JRE version: OpenJDK Runtime Environment (9.0) (build 9-internal+0-2016-04-14-195246.buildd.src)
# Java VM: OpenJDK 64-Bit Server VM (9-internal+0-2016-04-14-195246.buildd.src, mixed mode, tiered, compressed oops, g1 gc, linux-amd64)
# Problematic frame:
# C  [libjava.so+0x1d009]  JNU_GetEnv+0x19
#
# Core dump will be written. Default location: Core dumps may be processed with "/usr/share/apport/apport %p %s %c %d %P" (or dumping to /home/artem/testOF/downrigger_3_4/report/pic/core.17345)
#
# If you would like to submit a bug report, please visit:
#   http://bugreport.java.com/bugreport/crash.jsp
# The crash happened outside the Java Virtual Machine in native code.
# See problematic frame for where to report the bug.
#

---------------  S U M M A R Y ------------

Command Line: -Xmx500m ij.ImageJ -ijpath /home/artem/.imagej -port1 /home/artem/testOF/downrigger_3_4/report/pic/fullView.png

Host: Intel(R) Core(TM) i7 CPU         930  @ 2.80GHz, 8 cores, 13G, Ubuntu 16.04.6 LTS
Time: Fri Jan 31 19:34:47 2020 +05 elapsed time: 7 seconds (0d 0h 0m 7s)

---------------  T H R E A D  ---------------

Current thread (0x00007feb9874c000):  JavaThread "AWT-EventQueue-0" [_thread_in_native, id=17435, stack(0x00007feaf1c0b000,0x00007feaf1d0c000)]

Stack: [0x00007feaf1c0b000,0x00007feaf1d0c000],  sp=0x00007feaf1d06140,  free space=1004k
Native frames: (J=compiled Java code, j=interpreted, Vv=VM code, C=native code)
C  [libjava.so+0x1d009]  JNU_GetEnv+0x19
C  [libfontmanager.so+0x33f8e]
C  [libfreetype.so.6+0x14d2b]  FT_Stream_Seek+0x1b

Java frames: (J=compiled Java code, j=interpreted, Vv=VM code)
j  sun.font.FreetypeFontScaler.initNativeScaler(Lsun/font/Font2D;IIZI)J+0 java.desktop@9-internal
j  sun.font.FreetypeFontScaler.<init>(Lsun/font/Font2D;IZI)V+26 java.desktop@9-internal
v  ~StubRoutines::call_stub
j  sun.reflect.NativeConstructorAccessorImpl.newInstance0(Ljava/lang/reflect/Constructor;[Ljava/lang/Object;)Ljava/lang/Object;+0 java.base@9-internal
j  sun.reflect.NativeConstructorAccessorImpl.newInstance([Ljava/lang/Object;)Ljava/lang/Object;+85 java.base@9-internal
j  sun.reflect.DelegatingConstructorAccessorImpl.newInstance([Ljava/lang/Object;)Ljava/lang/Object;+5 java.base@9-internal
j  java.lang.reflect.Constructor.newInstance([Ljava/lang/Object;)Ljava/lang/Object;+65 java.base@9-internal
j  sun.font.FontScaler.getScaler(Lsun/font/Font2D;IZI)Lsun/font/FontScaler;+39 java.desktop@9-internal
j  sun.font.TrueTypeFont.getScaler()Lsun/font/FontScaler;+21 java.desktop@9-internal
j  sun.font.FileFontStrike.<init>(Lsun/font/FileFont;Lsun/font/FontStrikeDesc;)V+204 java.desktop@9-internal
j  sun.font.FileFont.createStrike(Lsun/font/FontStrikeDesc;)Lsun/font/FontStrike;+18 java.desktop@9-internal
j  sun.font.Font2D.getStrike(Lsun/font/FontStrikeDesc;Z)Lsun/font/FontStrike;+92 java.desktop@9-internal
j  sun.font.Font2D.getStrike(Lsun/font/FontStrikeDesc;)Lsun/font/FontStrike;+3 java.desktop@9-internal
j  sun.font.CompositeStrike.getStrikeForSlot(I)Lsun/font/PhysicalStrike;+23 java.desktop@9-internal
j  sun.font.CompositeStrike.getFontMetrics()Lsun/font/StrikeMetrics;+31 java.desktop@9-internal
j  sun.font.FontDesignMetrics.initMatrixAndMetrics()V+28 java.desktop@9-internal
j  sun.font.FontDesignMetrics.<init>(Ljava/awt/Font;Ljava/awt/font/FontRenderContext;)V+62 java.desktop@9-internal
j  sun.font.FontDesignMetrics.getMetrics(Ljava/awt/Font;Ljava/awt/font/FontRenderContext;)Lsun/font/FontDesignMetrics;+128 java.desktop@9-internal
j  sun.java2d.SunGraphics2D.getFontMetrics()Ljava/awt/FontMetrics;+21 java.desktop@9-internal
j  sun.awt.X11.XMenuItemPeer.calcTextMetrics()Lsun/awt/X11/XMenuItemPeer$TextMetrics;+59 java.desktop@9-internal
j  sun.awt.X11.XMenuItemPeer.getTextMetrics()Lsun/awt/X11/XMenuItemPeer$TextMetrics;+10 java.desktop@9-internal
j  sun.awt.X11.XMenuBarPeer.map()Lsun/awt/X11/XMenuBarPeer$MappingData;+113 java.desktop@9-internal
j  sun.awt.X11.XMenuBarPeer.map()Lsun/awt/X11/XBaseMenuWindow$MappingData;+1 java.desktop@9-internal
j  sun.awt.X11.XBaseMenuWindow.getMappingData()Lsun/awt/X11/XBaseMenuWindow$MappingData;+10 java.desktop@9-internal
j  sun.awt.X11.XMenuBarPeer.getDesiredHeight()I+1 java.desktop@9-internal
j  sun.awt.X11.XFramePeer.getMenuBarHeight()I+11 java.desktop@9-internal
j  sun.awt.X11.XFramePeer.updateChildrenSizes()V+5 java.desktop@9-internal
j  sun.awt.X11.XFramePeer$1.run()V+4 java.desktop@9-internal
j  java.awt.event.InvocationEvent.dispatch()V+47 java.desktop@9-internal
j  java.awt.EventQueue.dispatchEventImpl(Ljava/awt/AWTEvent;Ljava/lang/Object;)V+21 java.desktop@9-internal
j  java.awt.EventQueue.access$500(Ljava/awt/EventQueue;Ljava/awt/AWTEvent;Ljava/lang/Object;)V+3 java.desktop@9-internal
j  java.awt.EventQueue$3.run()Ljava/lang/Void;+32 java.desktop@9-internal
j  java.awt.EventQueue$3.run()Ljava/lang/Object;+1 java.desktop@9-internal
v  ~StubRoutines::call_stub
j  java.security.AccessController.doPrivileged(Ljava/security/PrivilegedAction;Ljava/security/AccessControlContext;)Ljava/lang/Object;+0 java.base@9-internal
j  java.security.ProtectionDomain$JavaSecurityAccessImpl.doIntersectionPrivilege(Ljava/security/PrivilegedAction;Ljava/security/AccessControlContext;Ljava/security/AccessControlContext;)Ljava/lang/Object;+18 java.base@9-internal
j  java.security.ProtectionDomain$JavaSecurityAccessImpl.doIntersectionPrivilege(Ljava/security/PrivilegedAction;Ljava/security/AccessControlContext;)Ljava/lang/Object;+6 java.base@9-internal
j  java.awt.EventQueue$4.run()Ljava/lang/Void;+11 java.desktop@9-internal
j  java.awt.EventQueue$4.run()Ljava/lang/Object;+1 java.desktop@9-internal
v  ~StubRoutines::call_stub
j  java.security.AccessController.doPrivileged(Ljava/security/PrivilegedAction;Ljava/security/AccessControlContext;)Ljava/lang/Object;+0 java.base@9-internal
j  java.security.ProtectionDomain$JavaSecurityAccessImpl.doIntersectionPrivilege(Ljava/security/PrivilegedAction;Ljava/security/AccessControlContext;Ljava/security/AccessControlContext;)Ljava/lang/Object;+18 java.base@9-internal
j  java.awt.EventQueue.dispatchEvent(Ljava/awt/AWTEvent;)V+73 java.desktop@9-internal
j  java.awt.EventDispatchThread.pumpOneEventForFilters(I)V+183 java.desktop@9-internal
j  java.awt.EventDispatchThread.pumpEventsForFilter(ILjava/awt/Conditional;Ljava/awt/EventFilter;)V+35 java.desktop@9-internal
j  java.awt.EventDispatchThread.pumpEventsForHierarchy(ILjava/awt/Conditional;Ljava/awt/Component;)V+11 java.desktop@9-internal
j  java.awt.EventDispatchThread.pumpEvents(ILjava/awt/Conditional;)V+4 java.desktop@9-internal
j  java.awt.EventDispatchThread.pumpEvents(Ljava/awt/Conditional;)V+3 java.desktop@9-internal
j  java.awt.EventDispatchThread.run()V+9 java.desktop@9-internal
v  ~StubRoutines::call_stub

siginfo: si_signo: 11 (SIGSEGV), si_code: 1 (SEGV_MAPERR), si_addr: 0x0000000000000000

Register to memory mapping:

RAX=0x0000000000000000 is an unknown value
RBX=0x0000000000000000 is an unknown value
RCX=0x0000000000000000 is an unknown value
RDX=0x0000000000010002 is an unknown value
RSP=0x00007feaf1d06140 is pointing into the stack for thread: 0x00007feb9874c000
RBP=0x00007feaf1d06150 is pointing into the stack for thread: 0x00007feb9874c000
RSI=0x0000000000010002 is an unknown value
RDI=0x0000000000000000 is an unknown value
R8 =0x0000000000000000 is an unknown value
R9 =0x0000000000000000 is an unknown value
R10=0x00000000000001db is an unknown value
R11=0x00007feb9e6e3ff0: JNU_GetEnv+0x0000000000000000 in /usr/lib/jvm/java-9-openjdk-amd64/lib/amd64/libjava.so at 0x00007feb9e6c7000
R12=0x00007fead0054a00 is an unknown value
R13=0x0000000000000000 is an unknown value
R14=0x0000000000000000 is an unknown value
R15=0x00007fead060b990 is an unknown value


Registers:
RAX=0x0000000000000000, RBX=0x0000000000000000, RCX=0x0000000000000000, RDX=0x0000000000010002
RSP=0x00007feaf1d06140, RBP=0x00007feaf1d06150, RSI=0x0000000000010002, RDI=0x0000000000000000
R8 =0x0000000000000000, R9 =0x0000000000000000, R10=0x00000000000001db, R11=0x00007feb9e6e3ff0
R12=0x00007fead0054a00, R13=0x0000000000000000, R14=0x0000000000000000, R15=0x00007fead060b990
RIP=0x00007feb9e6e4009, EFLAGS=0x0000000000010246, CSGSFS=0x002b000000000033, ERR=0x0000000000000004
  TRAPNO=0x000000000000000e

Top of Stack: (sp=0x00007feaf1d06140)
0x00007feaf1d06140:   0000000000000000 98ca480b3895b500
0x00007feaf1d06150:   00007feaf1d06190 00007feaf2a20f8e
0x00007feaf1d06160:   00007fead05f8b10 00007fead0054a00
0x00007feaf1d06170:   0000000000000000 0000000000000000
0x00007feaf1d06180:   00007fead0054a00 00007fead060b990
0x00007feaf1d06190:   0000000000000000 00007feaf2757d2b
0x00007feaf1d061a0:   0000000000000000 00007feaf29e9d80
0x00007feaf1d061b0:   0000000000000000 00007feaf276b8e0
0x00007feaf1d061c0:   0000000000000014 0000004400000053
0x00007feaf1d061d0:   0000000000000002 0000000000000000
0x00007feaf1d061e0:   0000006e0000005d 0000000000000000
0x00007feaf1d061f0:   0000000000000000 0000007c00000077
0x00007feaf1d06200:   468b45f04e8b41d0 468b41e04e8b45e8
0x00007feaf1d06210:   000000006176616a 0000000000000000
0x00007feaf1d06220:   00000000ffff0000 00007fead0000020
0x00007feaf1d06230:   0000000000000070 00007feaf1d062e4
0x00007feaf1d06240:   00007fead05f8b10 00007fead060b990
0x00007feaf1d06250:   00007feaf1d062e4 00007feba0df2184
0x00007feaf1d06260:   0000000000000004 00007feaf1d06294
0x00007feaf1d06270:   00007feaf29e69e0 98ca480b3895b500
0x00007feaf1d06280:   0000000000000070 00007fead00549d0
0x00007feaf1d06290:   00007feaf29e69e0 00007feaf1d063a8
0x00007feaf1d062a0:   00007fead05f8b10 00007fead060b990
0x00007feaf1d062b0:   00007fead0054910 00007feaf275a4c2
0x00007feaf1d062c0:   0000000100000000 00007feaf1d063b0
0x00007feaf1d062d0:   0000000000000000 0000000000000000
0x00007feaf1d062e0:   00000000f1d063a8 98ca480b3895b500
0x00007feaf1d062f0:   00007fead00549d0 00007feaf1d063b0
0x00007feaf1d06300:   0000000000000000 00007fead05f8a38
0x00007feaf1d06310:   00007feaf1d065b0 00007fead05f8998
0x00007feaf1d06320:   00007fead05f8b10 00007feaf275c581
0x00007feaf1d06330:   00007feaf1d063b0 00007feaf275c376 

Instructions: (pc=0x00007feb9e6e4009)
0x00007feb9e6e3fe9:   ff eb ea 0f 1f 40 00 55 89 f2 48 89 e5 48 83 ec
0x00007feb9e6e3ff9:   10 64 48 8b 04 25 28 00 00 00 48 89 45 f8 31 c0
0x00007feb9e6e4009:   48 8b 07 48 8d 75 f0 ff 50 30 48 8b 4d f8 64 48
0x00007feb9e6e4019:   33 0c 25 28 00 00 00 48 8b 45 f0 75 02 c9 c3 e8 


---------------  P R O C E S S  ---------------

Java Threads: ( => current thread )
  0x00007feaec001000 JavaThread "SeedGenerator Thread" daemon [_thread_blocked, id=17436, stack(0x00007feaf190a000,0x00007feaf1a0b000)]
=>0x00007feb9874c000 JavaThread "AWT-EventQueue-0" [_thread_in_native, id=17435, stack(0x00007feaf1c0b000,0x00007feaf1d0c000)]
  0x00007feb9874b800 JavaThread "AWT-Shutdown" [_thread_blocked, id=17434, stack(0x00007feaf1f0c000,0x00007feaf200d000)]
  0x00007feb98571000 JavaThread "AWT-XAWT" daemon [_thread_in_native, id=17431, stack(0x00007feaf200d000,0x00007feaf210e000)]
  0x00007feb9854c800 JavaThread "Java2D Disposer" daemon [_thread_blocked, id=17430, stack(0x00007feaf34bd000,0x00007feaf35be000)]
  0x00007feb984d2000 JavaThread "GC Daemon" daemon [_thread_blocked, id=17427, stack(0x00007feaf2fb8000,0x00007feaf30b9000)]
  0x00007feb9847b000 JavaThread "RMI Reaper" [_thread_blocked, id=17426, stack(0x00007feaf32bb000,0x00007feaf33bc000)]
  0x00007feb98478800 JavaThread "RMI TCP Accept-0" daemon [_thread_in_native, id=17425, stack(0x00007feaf33bc000,0x00007feaf34bd000)]
  0x00007feb9840f000 JavaThread "SeedGenerator Thread" daemon [_thread_in_Java, id=17380, stack(0x00007feb0407a000,0x00007feb0417b000)]
  0x00007feb98389000 JavaThread "Service Thread" daemon [_thread_blocked, id=17378, stack(0x00007feb04efe000,0x00007feb04fff000)]
  0x00007feb982e6800 JavaThread "Common-Cleaner" daemon [_thread_blocked, id=17377, stack(0x00007feb30070000,0x00007feb30171000)]
  0x00007feb982c6800 JavaThread "Sweeper thread" daemon [_thread_blocked, id=17376, stack(0x00007feb3059b000,0x00007feb3069c000)]
  0x00007feb982bc800 JavaThread "C1 CompilerThread3" daemon [_thread_blocked, id=17375, stack(0x00007feb3069c000,0x00007feb3079d000)]
  0x00007feb982ba800 JavaThread "C2 CompilerThread2" daemon [_thread_blocked, id=17374, stack(0x00007feb3079d000,0x00007feb3089e000)]
  0x00007feb982b8800 JavaThread "C2 CompilerThread1" daemon [_thread_blocked, id=17373, stack(0x00007feb3089e000,0x00007feb3099f000)]
  0x00007feb982b7000 JavaThread "C2 CompilerThread0" daemon [_thread_blocked, id=17372, stack(0x00007feb3099f000,0x00007feb30aa0000)]
  0x00007feb982b2800 JavaThread "Signal Dispatcher" daemon [_thread_blocked, id=17371, stack(0x00007feb30aa0000,0x00007feb30ba1000)]
  0x00007feb982b0800 JavaThread "Surrogate Locker Thread (Concurrent GC)" daemon [_thread_blocked, id=17370, stack(0x00007feb30ba1000,0x00007feb30ca2000)]
  0x00007feb9829e000 JavaThread "Finalizer" daemon [_thread_blocked, id=17369, stack(0x00007feb310f9000,0x00007feb311fa000)]
  0x00007feb9829a000 JavaThread "Reference Handler" daemon [_thread_blocked, id=17368, stack(0x00007feb311fa000,0x00007feb312fb000)]
  0x00007feb98011000 JavaThread "main" [_thread_blocked, id=17346, stack(0x00007feba142f000,0x00007feba1530000)]

Other Threads:
  0x00007feb98290000 VMThread [stack: 0x00007feb312fb000,0x00007feb313fc000] [id=17367]
  0x00007feb9838b800 WatcherThread [stack: 0x00007feb04dfd000,0x00007feb04efe000] [id=17379]

Threads with active compile tasks:

VM state:not at safepoint (normal execution)

VM Mutex/Monitor currently owned by a thread: None

heap address: 0x00000000e0c00000, size: 500 MB, Compressed Oops mode: 32-bit
Narrow klass base: 0x0000000000000000, Narrow klass shift: 3
Compressed class space size: 1073741824 Address: 0x0000000100000000

Heap:
 garbage-first heap   total 225280K, used 5375K [0x00000000e0c00000, 0x00000000e0d006e0, 0x0000000100000000)
  region size 1024K, 4 young (4096K), 2 survivors (2048K)
 Metaspace       used 15038K, capacity 15510K, committed 15744K, reserved 1062912K
  class space    used 1630K, capacity 1801K, committed 1920K, reserved 1048576K

Heap Regions: E=young(eden), S=young(survivor), O=old, HS=humongous(starts), HC=humongous(continues), CS=collection set, F=free, A=archive, TS=gc time stamp, AC=allocation context, TAMS=top-at-mark-start (previous, next)
|   0|0x00000000e0c00000, 0x00000000e0d00000, 0x00000000e0d00000|100%| O|  |TS  1|AC  0|TAMS 0x00000000e0c00000, 0x00000000e0c00000|
|   1|0x00000000e0d00000, 0x00000000e0e00000, 0x00000000e0e00000|100%| O|  |TS  1|AC  0|TAMS 0x00000000e0d00000, 0x00000000e0d00000|
|   2|0x00000000e0e00000, 0x00000000e0e3fe00, 0x00000000e0f00000| 24%| O|  |TS  1|AC  0|TAMS 0x00000000e0e00000, 0x00000000e0e00000|
|   3|0x00000000e0f00000, 0x00000000e0f00000, 0x00000000e1000000|  0%| F|  |TS  0|AC  0|TAMS 0x00000000e0f00000, 0x00000000e0f00000|
|   4|0x00000000e1000000, 0x00000000e1000000, 0x00000000e1100000|  0%| F|  |TS  0|AC  0|TAMS 0x00000000e1000000, 0x00000000e1000000|
|   5|0x00000000e1100000, 0x00000000e1100000, 0x00000000e1200000|  0%| F|  |TS  0|AC  0|TAMS 0x00000000e1100000, 0x00000000e1100000|
|   6|0x00000000e1200000, 0x00000000e1200000, 0x00000000e1300000|  0%| F|  |TS  0|AC  0|TAMS 0x00000000e1200000, 0x00000000e1200000|
|   7|0x00000000e1300000, 0x00000000e1300000, 0x00000000e1400000|  0%| F|  |TS  0|AC  0|TAMS 0x00000000e1300000, 0x00000000e1300000|
|   8|0x00000000e1400000, 0x00000000e1400000, 0x00000000e1500000|  0%| F|  |TS  0|AC  0|TAMS 0x00000000e1400000, 0x00000000e1400000|
|   9|0x00000000e1500000, 0x00000000e1500000, 0x00000000e1600000|  0%| F|  |TS  0|AC  0|TAMS 0x00000000e1500000, 0x00000000e1500000|
|  10|0x00000000e1600000, 0x00000000e1600000, 0x00000000e1700000|  0%| F|  |TS  0|AC  0|TAMS 0x00000000e1600000, 0x00000000e1600000|
|  11|0x00000000e1700000, 0x00000000e1700000, 0x00000000e1800000|  0%| F|  |TS  0|AC  0|TAMS 0x00000000e1700000, 0x00000000e1700000|
|  12|0x00000000e1800000, 0x00000000e1800000, 0x00000000e1900000|  0%| F|  |TS  0|AC  0|TAMS 0x00000000e1800000, 0x00000000e1800000|
|  13|0x00000000e1900000, 0x00000000e1900000, 0x00000000e1a00000|  0%| F|  |TS  0|AC  0|TAMS 0x00000000e1900000, 0x00000000e1900000|
|  14|0x00000000e1a00000, 0x00000000e1a00000, 0x00000000e1b00000|  0%| F|  |TS  0|AC  0|TAMS 0x00000000e1a00000, 0x00000000e1a00000|
|  15|0x00000000e1b00000, 0x00000000e1b00000, 0x00000000e1c00000|  0%| F|  |TS  0|AC  0|TAMS 0x00000000e1b00000, 0x00000000e1b00000|
|  16|0x00000000e1c00000, 0x00000000e1c00000, 0x00000000e1d00000|  0%| F|  |TS  0|AC  0|TAMS 0x00000000e1c00000, 0x00000000e1c00000|
|  17|0x00000000e1d00000, 0x00000000e1d00000, 0x00000000e1e00000|  0%| F|  |TS  0|AC  0|TAMS 0x00000000e1d00000, 0x00000000e1d00000|
|  18|0x00000000e1e00000, 0x00000000e1e00000, 0x00000000e1f00000|  0%| F|  |TS  0|AC  0|TAMS 0x00000000e1e00000, 0x00000000e1e00000|
|  19|0x00000000e1f00000, 0x00000000e1f00000, 0x00000000e2000000|  0%| F|  |TS  0|AC  0|TAMS 0x00000000e1f00000, 0x00000000e1f00000|
|  20|0x00000000e2000000, 0x00000000e2000000, 0x00000000e2100000|  0%| F|  |TS  0|AC  0|TAMS 0x00000000e2000000, 0x00000000e2000000|
|  21|0x00000000e2100000, 0x00000000e2100000, 0x00000000e2200000|  0%| F|  |TS  0|AC  0|TAMS 0x00000000e2100000, 0x00000000e2100000|
|  22|0x00000000e2200000, 0x00000000e2200000, 0x00000000e2300000|  0%| F|  |TS  0|AC  0|TAMS 0x00000000e2200000, 0x00000000e2200000|
|  23|0x00000000e2300000, 0x00000000e2300000, 0x00000000e2400000|  0%| F|  |TS  0|AC  0|TAMS 0x00000000e2300000, 0x00000000e2300000|
|  24|0x00000000e2400000, 0x00000000e2400000, 0x00000000e2500000|  0%| F|  |TS  0|AC  0|TAMS 0x00000000e2400000, 0x00000000e2400000|
|  25|0x00000000e2500000, 0x00000000e2500000, 0x00000000e2600000|  0%| F|  |TS  0|AC  0|TAMS 0x00000000e2500000, 0x00000000e2500000|
|  26|0x00000000e2600000, 0x00000000e2600000, 0x00000000e2700000|  0%| F|  |TS  0|AC  0|TAMS 0x00000000e2600000, 0x00000000e2600000|
|  27|0x00000000e2700000, 0x00000000e2700000, 0x00000000e2800000|  0%| F|  |TS  0|AC  0|TAMS 0x00000000e2700000, 0x00000000e2700000|
|  28|0x00000000e2800000, 0x00000000e2800000, 0x00000000e2900000|  0%| F|  |TS  0|AC  0|TAMS 0x00000000e2800000, 0x00000000e2800000|
|  29|0x00000000e2900000, 0x00000000e2900000, 0x00000000e2a00000|  0%| F|  |TS  0|AC  0|TAMS 0x00000000e2900000, 0x00000000e2900000|
|  30|0x00000000e2a00000, 0x00000000e2a00000, 0x00000000e2b00000|  0%| F|  |TS  0|AC  0|TAMS 0x00000000e2a00000, 0x00000000e2a00000|
|  31|0x00000000e2b00000, 0x00000000e2b00000, 0x00000000e2c00000|  0%| F|  |TS  0|AC  0|TAMS 0x00000000e2b00000, 0x00000000e2b00000|
|  32|0x00000000e2c00000, 0x00000000e2c00000, 0x00000000e2d00000|  0%| F|  |TS  0|AC  0|TAMS 0x00000000e2c00000, 0x00000000e2c00000|
|  33|0x00000000e2d00000, 0x00000000e2d00000, 0x00000000e2e00000|  0%| F|  |TS  0|AC  0|TAMS 0x00000000e2d00000, 0x00000000e2d00000|
|  34|0x00000000e2e00000, 0x00000000e2e00000, 0x00000000e2f00000|  0%| F|  |TS  0|AC  0|TAMS 0x00000000e2e00000, 0x00000000e2e00000|
|  35|0x00000000e2f00000, 0x00000000e2f00000, 0x00000000e3000000|  0%| F|  |TS  0|AC  0|TAMS 0x00000000e2f00000, 0x00000000e2f00000|
|  36|0x00000000e3000000, 0x00000000e3000000, 0x00000000e3100000|  0%| F|  |TS  0|AC  0|TAMS 0x00000000e3000000, 0x00000000e3000000|
|  37|0x00000000e3100000, 0x00000000e3100000, 0x00000000e3200000|  0%| F|  |TS  0|AC  0|TAMS 0x00000000e3100000, 0x00000000e3100000|
|  38|0x00000000e3200000, 0x00000000e3200000, 0x00000000e3300000|  0%| F|  |TS  0|AC  0|TAMS 0x00000000e3200000, 0x00000000e3200000|
|  39|0x00000000e3300000, 0x00000000e3300000, 0x00000000e3400000|  0%| F|  |TS  0|AC  0|TAMS 0x00000000e3300000, 0x00000000e3300000|
|  40|0x00000000e3400000, 0x00000000e3400000, 0x00000000e3500000|  0%| F|  |TS  0|AC  0|TAMS 0x00000000e3400000, 0x00000000e3400000|
|  41|0x00000000e3500000, 0x00000000e3500000, 0x00000000e3600000|  0%| F|  |TS  0|AC  0|TAMS 0x00000000e3500000, 0x00000000e3500000|
|  42|0x00000000e3600000, 0x00000000e3600000, 0x00000000e3700000|  0%| F|  |TS  0|AC  0|TAMS 0x00000000e3600000, 0x00000000e3600000|
|  43|0x00000000e3700000, 0x00000000e3700000, 0x00000000e3800000|  0%| F|  |TS  0|AC  0|TAMS 0x00000000e3700000, 0x00000000e3700000|
|  44|0x00000000e3800000, 0x00000000e3800000, 0x00000000e3900000|  0%| F|  |TS  0|AC  0|TAMS 0x00000000e3800000, 0x00000000e3800000|
|  45|0x00000000e3900000, 0x00000000e3900000, 0x00000000e3a00000|  0%| F|  |TS  0|AC  0|TAMS 0x00000000e3900000, 0x00000000e3900000|
|  46|0x00000000e3a00000, 0x00000000e3a00000, 0x00000000e3b00000|  0%| F|  |TS  0|AC  0|TAMS 0x00000000e3a00000, 0x00000000e3a00000|
|  47|0x00000000e3b00000, 0x00000000e3b00000, 0x00000000e3c00000|  0%| F|  |TS  0|AC  0|TAMS 0x00000000e3b00000, 0x00000000e3b00000|
|  48|0x00000000e3c00000, 0x00000000e3c00000, 0x00000000e3d00000|  0%| F|  |TS  0|AC  0|TAMS 0x00000000e3c00000, 0x00000000e3c00000|
|  49|0x00000000e3d00000, 0x00000000e3d00000, 0x00000000e3e00000|  0%| F|  |TS  0|AC  0|TAMS 0x00000000e3d00000, 0x00000000e3d00000|
|  50|0x00000000e3e00000, 0x00000000e3e00000, 0x00000000e3f00000|  0%| F|  |TS  0|AC  0|TAMS 0x00000000e3e00000, 0x00000000e3e00000|
|  51|0x00000000e3f00000, 0x00000000e3f00000, 0x00000000e4000000|  0%| F|  |TS  0|AC  0|TAMS 0x00000000e3f00000, 0x00000000e3f00000|
|  52|0x00000000e4000000, 0x00000000e4000000, 0x00000000e4100000|  0%| F|  |TS  0|AC  0|TAMS 0x00000000e4000000, 0x00000000e4000000|
|  53|0x00000000e4100000, 0x00000000e4100000, 0x00000000e4200000|  0%| F|  |TS  0|AC  0|TAMS 0x00000000e4100000, 0x00000000e4100000|
|  54|0x00000000e4200000, 0x00000000e4200000, 0x00000000e4300000|  0%| F|  |TS  0|AC  0|TAMS 0x00000000e4200000, 0x00000000e4200000|
|  55|0x00000000e4300000, 0x00000000e4300000, 0x00000000e4400000|  0%| F|  |TS  0|AC  0|TAMS 0x00000000e4300000, 0x00000000e4300000|
|  56|0x00000000e4400000, 0x00000000e4400000, 0x00000000e4500000|  0%| F|  |TS  0|AC  0|TAMS 0x00000000e4400000, 0x00000000e4400000|
|  57|0x00000000e4500000, 0x00000000e4500000, 0x00000000e4600000|  0%| F|  |TS  0|AC  0|TAMS 0x00000000e4500000, 0x00000000e4500000|
|  58|0x00000000e4600000, 0x00000000e4600000, 0x00000000e4700000|  0%| F|  |TS  0|AC  0|TAMS 0x00000000e4600000, 0x00000000e4600000|
|  59|0x00000000e4700000, 0x00000000e4700000, 0x00000000e4800000|  0%| F|  |TS  0|AC  0|TAMS 0x00000000e4700000, 0x00000000e4700000|
|  60|0x00000000e4800000, 0x00000000e4800000, 0x00000000e4900000|  0%| F|  |TS  0|AC  0|TAMS 0x00000000e4800000, 0x00000000e4800000|
|  61|0x00000000e4900000, 0x00000000e4900000, 0x00000000e4a00000|  0%| F|  |TS  0|AC  0|TAMS 0x00000000e4900000, 0x00000000e4900000|
|  62|0x00000000e4a00000, 0x00000000e4a00000, 0x00000000e4b00000|  0%| F|  |TS  0|AC  0|TAMS 0x00000000e4a00000, 0x00000000e4a00000|
|  63|0x00000000e4b00000, 0x00000000e4b00000, 0x00000000e4c00000|  0%| F|  |TS  0|AC  0|TAMS 0x00000000e4b00000, 0x00000000e4b00000|
|  64|0x00000000e4c00000, 0x00000000e4c00000, 0x00000000e4d00000|  0%| F|  |TS  0|AC  0|TAMS 0x00000000e4c00000, 0x00000000e4c00000|
|  65|0x00000000e4d00000, 0x00000000e4d00000, 0x00000000e4e00000|  0%| F|  |TS  0|AC  0|TAMS 0x00000000e4d00000, 0x00000000e4d00000|
|  66|0x00000000e4e00000, 0x00000000e4e00000, 0x00000000e4f00000|  0%| F|  |TS  0|AC  0|TAMS 0x00000000e4e00000, 0x00000000e4e00000|
|  67|0x00000000e4f00000, 0x00000000e4f00000, 0x00000000e5000000|  0%| F|  |TS  0|AC  0|TAMS 0x00000000e4f00000, 0x00000000e4f00000|
|  68|0x00000000e5000000, 0x00000000e5000000, 0x00000000e5100000|  0%| F|  |TS  0|AC  0|TAMS 0x00000000e5000000, 0x00000000e5000000|
|  69|0x00000000e5100000, 0x00000000e5100000, 0x00000000e5200000|  0%| F|  |TS  0|AC  0|TAMS 0x00000000e5100000, 0x00000000e5100000|
|  70|0x00000000e5200000, 0x00000000e5200000, 0x00000000e5300000|  0%| F|  |TS  0|AC  0|TAMS 0x00000000e5200000, 0x00000000e5200000|
|  71|0x00000000e5300000, 0x00000000e5300000, 0x00000000e5400000|  0%| F|  |TS  0|AC  0|TAMS 0x00000000e5300000, 0x00000000e5300000|
|  72|0x00000000e5400000, 0x00000000e5400000, 0x00000000e5500000|  0%| F|  |TS  0|AC  0|TAMS 0x00000000e5400000, 0x00000000e5400000|
|  73|0x00000000e5500000, 0x00000000e5500000, 0x00000000e5600000|  0%| F|  |TS  0|AC  0|TAMS 0x00000000e5500000, 0x00000000e5500000|
|  74|0x00000000e5600000, 0x00000000e5600000, 0x00000000e5700000|  0%| F|  |TS  0|AC  0|TAMS 0x00000000e5600000, 0x00000000e5600000|
|  75|0x00000000e5700000, 0x00000000e5700000, 0x00000000e5800000|  0%| F|  |TS  0|AC  0|TAMS 0x00000000e5700000, 0x00000000e5700000|
|  76|0x00000000e5800000, 0x00000000e5800000, 0x00000000e5900000|  0%| F|  |TS  0|AC  0|TAMS 0x00000000e5800000, 0x00000000e5800000|
|  77|0x00000000e5900000, 0x00000000e5900000, 0x00000000e5a00000|  0%| F|  |TS  0|AC  0|TAMS 0x00000000e5900000, 0x00000000e5900000|
|  78|0x00000000e5a00000, 0x00000000e5a00000, 0x00000000e5b00000|  0%| F|  |TS  0|AC  0|TAMS 0x00000000e5a00000, 0x00000000e5a00000|
|  79|0x00000000e5b00000, 0x00000000e5b00000, 0x00000000e5c00000|  0%| F|  |TS  0|AC  0|TAMS 0x00000000e5b00000, 0x00000000e5b00000|
|  80|0x00000000e5c00000, 0x00000000e5c00000, 0x00000000e5d00000|  0%| F|  |TS  0|AC  0|TAMS 0x00000000e5c00000, 0x00000000e5c00000|
|  81|0x00000000e5d00000, 0x00000000e5d00000, 0x00000000e5e00000|  0%| F|  |TS  0|AC  0|TAMS 0x00000000e5d00000, 0x00000000e5d00000|
|  82|0x00000000e5e00000, 0x00000000e5e00000, 0x00000000e5f00000|  0%| F|  |TS  0|AC  0|TAMS 0x00000000e5e00000, 0x00000000e5e00000|
|  83|0x00000000e5f00000, 0x00000000e5f00000, 0x00000000e6000000|  0%| F|  |TS  0|AC  0|TAMS 0x00000000e5f00000, 0x00000000e5f00000|
|  84|0x00000000e6000000, 0x00000000e6000000, 0x00000000e6100000|  0%| F|  |TS  0|AC  0|TAMS 0x00000000e6000000, 0x00000000e6000000|
|  85|0x00000000e6100000, 0x00000000e6100000, 0x00000000e6200000|  0%| F|  |TS  0|AC  0|TAMS 0x00000000e6100000, 0x00000000e6100000|
|  86|0x00000000e6200000, 0x00000000e6200000, 0x00000000e6300000|  0%| F|  |TS  0|AC  0|TAMS 0x00000000e6200000, 0x00000000e6200000|
|  87|0x00000000e6300000, 0x00000000e6300000, 0x00000000e6400000|  0%| F|  |TS  0|AC  0|TAMS 0x00000000e6300000, 0x00000000e6300000|
|  88|0x00000000e6400000, 0x00000000e6400000, 0x00000000e6500000|  0%| F|  |TS  0|AC  0|TAMS 0x00000000e6400000, 0x00000000e6400000|
|  89|0x00000000e6500000, 0x00000000e6500000, 0x00000000e6600000|  0%| F|  |TS  0|AC  0|TAMS 0x00000000e6500000, 0x00000000e6500000|
|  90|0x00000000e6600000, 0x00000000e6600000, 0x00000000e6700000|  0%| F|  |TS  0|AC  0|TAMS 0x00000000e6600000, 0x00000000e6600000|
|  91|0x00000000e6700000, 0x00000000e6700000, 0x00000000e6800000|  0%| F|  |TS  0|AC  0|TAMS 0x00000000e6700000, 0x00000000e6700000|
|  92|0x00000000e6800000, 0x00000000e6800000, 0x00000000e6900000|  0%| F|  |TS  0|AC  0|TAMS 0x00000000e6800000, 0x00000000e6800000|
|  93|0x00000000e6900000, 0x00000000e6900000, 0x00000000e6a00000|  0%| F|  |TS  0|AC  0|TAMS 0x00000000e6900000, 0x00000000e6900000|
|  94|0x00000000e6a00000, 0x00000000e6a00000, 0x00000000e6b00000|  0%| F|  |TS  0|AC  0|TAMS 0x00000000e6a00000, 0x00000000e6a00000|
|  95|0x00000000e6b00000, 0x00000000e6b00000, 0x00000000e6c00000|  0%| F|  |TS  0|AC  0|TAMS 0x00000000e6b00000, 0x00000000e6b00000|
|  96|0x00000000e6c00000, 0x00000000e6c00000, 0x00000000e6d00000|  0%| F|  |TS  0|AC  0|TAMS 0x00000000e6c00000, 0x00000000e6c00000|
|  97|0x00000000e6d00000, 0x00000000e6d00000, 0x00000000e6e00000|  0%| F|  |TS  0|AC  0|TAMS 0x00000000e6d00000, 0x00000000e6d00000|
|  98|0x00000000e6e00000, 0x00000000e6e00000, 0x00000000e6f00000|  0%| F|  |TS  0|AC  0|TAMS 0x00000000e6e00000, 0x00000000e6e00000|
|  99|0x00000000e6f00000, 0x00000000e6f00000, 0x00000000e7000000|  0%| F|  |TS  0|AC  0|TAMS 0x00000000e6f00000, 0x00000000e6f00000|
| 100|0x00000000e7000000, 0x00000000e7000000, 0x00000000e7100000|  0%| F|  |TS  0|AC  0|TAMS 0x00000000e7000000, 0x00000000e7000000|
| 101|0x00000000e7100000, 0x00000000e7100000, 0x00000000e7200000|  0%| F|  |TS  0|AC  0|TAMS 0x00000000e7100000, 0x00000000e7100000|
| 102|0x00000000e7200000, 0x00000000e7200000, 0x00000000e7300000|  0%| F|  |TS  0|AC  0|TAMS 0x00000000e7200000, 0x00000000e7200000|
| 103|0x00000000e7300000, 0x00000000e7300000, 0x00000000e7400000|  0%| F|  |TS  0|AC  0|TAMS 0x00000000e7300000, 0x00000000e7300000|
| 104|0x00000000e7400000, 0x00000000e7400000, 0x00000000e7500000|  0%| F|  |TS  0|AC  0|TAMS 0x00000000e7400000, 0x00000000e7400000|
| 105|0x00000000e7500000, 0x00000000e7500000, 0x00000000e7600000|  0%| F|  |TS  0|AC  0|TAMS 0x00000000e7500000, 0x00000000e7500000|
| 106|0x00000000e7600000, 0x00000000e7600000, 0x00000000e7700000|  0%| F|  |TS  0|AC  0|TAMS 0x00000000e7600000, 0x00000000e7600000|
| 107|0x00000000e7700000, 0x00000000e7700000, 0x00000000e7800000|  0%| F|  |TS  0|AC  0|TAMS 0x00000000e7700000, 0x00000000e7700000|
| 108|0x00000000e7800000, 0x00000000e7800000, 0x00000000e7900000|  0%| F|  |TS  0|AC  0|TAMS 0x00000000e7800000, 0x00000000e7800000|
| 109|0x00000000e7900000, 0x00000000e7900000, 0x00000000e7a00000|  0%| F|  |TS  0|AC  0|TAMS 0x00000000e7900000, 0x00000000e7900000|
| 110|0x00000000e7a00000, 0x00000000e7a00000, 0x00000000e7b00000|  0%| F|  |TS  0|AC  0|TAMS 0x00000000e7a00000, 0x00000000e7a00000|
| 111|0x00000000e7b00000, 0x00000000e7b00000, 0x00000000e7c00000|  0%| F|  |TS  0|AC  0|TAMS 0x00000000e7b00000, 0x00000000e7b00000|
| 112|0x00000000e7c00000, 0x00000000e7c00000, 0x00000000e7d00000|  0%| F|  |TS  0|AC  0|TAMS 0x00000000e7c00000, 0x00000000e7c00000|
| 113|0x00000000e7d00000, 0x00000000e7d00000, 0x00000000e7e00000|  0%| F|  |TS  0|AC  0|TAMS 0x00000000e7d00000, 0x00000000e7d00000|
| 114|0x00000000e7e00000, 0x00000000e7e00000, 0x00000000e7f00000|  0%| F|  |TS  0|AC  0|TAMS 0x00000000e7e00000, 0x00000000e7e00000|
| 115|0x00000000e7f00000, 0x00000000e7f00000, 0x00000000e8000000|  0%| F|  |TS  0|AC  0|TAMS 0x00000000e7f00000, 0x00000000e7f00000|
| 116|0x00000000e8000000, 0x00000000e8000000, 0x00000000e8100000|  0%| F|  |TS  0|AC  0|TAMS 0x00000000e8000000, 0x00000000e8000000|
| 117|0x00000000e8100000, 0x00000000e8100000, 0x00000000e8200000|  0%| F|  |TS  0|AC  0|TAMS 0x00000000e8100000, 0x00000000e8100000|
| 118|0x00000000e8200000, 0x00000000e8200000, 0x00000000e8300000|  0%| F|  |TS  0|AC  0|TAMS 0x00000000e8200000, 0x00000000e8200000|
| 119|0x00000000e8300000, 0x00000000e8300000, 0x00000000e8400000|  0%| F|  |TS  0|AC  0|TAMS 0x00000000e8300000, 0x00000000e8300000|
| 120|0x00000000e8400000, 0x00000000e8400000, 0x00000000e8500000|  0%| F|  |TS  0|AC  0|TAMS 0x00000000e8400000, 0x00000000e8400000|
| 121|0x00000000e8500000, 0x00000000e8500000, 0x00000000e8600000|  0%| F|  |TS  0|AC  0|TAMS 0x00000000e8500000, 0x00000000e8500000|
| 122|0x00000000e8600000, 0x00000000e8600000, 0x00000000e8700000|  0%| F|  |TS  0|AC  0|TAMS 0x00000000e8600000, 0x00000000e8600000|
| 123|0x00000000e8700000, 0x00000000e8700000, 0x00000000e8800000|  0%| F|  |TS  0|AC  0|TAMS 0x00000000e8700000, 0x00000000e8700000|
| 124|0x00000000e8800000, 0x00000000e8800000, 0x00000000e8900000|  0%| F|  |TS  0|AC  0|TAMS 0x00000000e8800000, 0x00000000e8800000|
| 125|0x00000000e8900000, 0x00000000e8900000, 0x00000000e8a00000|  0%| F|  |TS  0|AC  0|TAMS 0x00000000e8900000, 0x00000000e8900000|
| 126|0x00000000e8a00000, 0x00000000e8a00000, 0x00000000e8b00000|  0%| F|  |TS  0|AC  0|TAMS 0x00000000e8a00000, 0x00000000e8a00000|
| 127|0x00000000e8b00000, 0x00000000e8b00000, 0x00000000e8c00000|  0%| F|  |TS  0|AC  0|TAMS 0x00000000e8b00000, 0x00000000e8b00000|
| 128|0x00000000e8c00000, 0x00000000e8c00000, 0x00000000e8d00000|  0%| F|  |TS  0|AC  0|TAMS 0x00000000e8c00000, 0x00000000e8c00000|
| 129|0x00000000e8d00000, 0x00000000e8d00000, 0x00000000e8e00000|  0%| F|  |TS  0|AC  0|TAMS 0x00000000e8d00000, 0x00000000e8d00000|
| 130|0x00000000e8e00000, 0x00000000e8e00000, 0x00000000e8f00000|  0%| F|  |TS  0|AC  0|TAMS 0x00000000e8e00000, 0x00000000e8e00000|
| 131|0x00000000e8f00000, 0x00000000e8f00000, 0x00000000e9000000|  0%| F|  |TS  0|AC  0|TAMS 0x00000000e8f00000, 0x00000000e8f00000|
| 132|0x00000000e9000000, 0x00000000e9000000, 0x00000000e9100000|  0%| F|  |TS  0|AC  0|TAMS 0x00000000e9000000, 0x00000000e9000000|
| 133|0x00000000e9100000, 0x00000000e9100000, 0x00000000e9200000|  0%| F|  |TS  0|AC  0|TAMS 0x00000000e9100000, 0x00000000e9100000|
| 134|0x00000000e9200000, 0x00000000e9200000, 0x00000000e9300000|  0%| F|  |TS  0|AC  0|TAMS 0x00000000e9200000, 0x00000000e9200000|
| 135|0x00000000e9300000, 0x00000000e9300000, 0x00000000e9400000|  0%| F|  |TS  0|AC  0|TAMS 0x00000000e9300000, 0x00000000e9300000|
| 136|0x00000000e9400000, 0x00000000e9400000, 0x00000000e9500000|  0%| F|  |TS  0|AC  0|TAMS 0x00000000e9400000, 0x00000000e9400000|
| 137|0x00000000e9500000, 0x00000000e9500000, 0x00000000e9600000|  0%| F|  |TS  0|AC  0|TAMS 0x00000000e9500000, 0x00000000e9500000|
| 138|0x00000000e9600000, 0x00000000e9600000, 0x00000000e9700000|  0%| F|  |TS  0|AC  0|TAMS 0x00000000e9600000, 0x00000000e9600000|
| 139|0x00000000e9700000, 0x00000000e9700000, 0x00000000e9800000|  0%| F|  |TS  0|AC  0|TAMS 0x00000000e9700000, 0x00000000e9700000|
| 140|0x00000000e9800000, 0x00000000e9800000, 0x00000000e9900000|  0%| F|  |TS  0|AC  0|TAMS 0x00000000e9800000, 0x00000000e9800000|
| 141|0x00000000e9900000, 0x00000000e9900000, 0x00000000e9a00000|  0%| F|  |TS  0|AC  0|TAMS 0x00000000e9900000, 0x00000000e9900000|
| 142|0x00000000e9a00000, 0x00000000e9a00000, 0x00000000e9b00000|  0%| F|  |TS  0|AC  0|TAMS 0x00000000e9a00000, 0x00000000e9a00000|
| 143|0x00000000e9b00000, 0x00000000e9b00000, 0x00000000e9c00000|  0%| F|  |TS  0|AC  0|TAMS 0x00000000e9b00000, 0x00000000e9b00000|
| 144|0x00000000e9c00000, 0x00000000e9c00000, 0x00000000e9d00000|  0%| F|  |TS  0|AC  0|TAMS 0x00000000e9c00000, 0x00000000e9c00000|
| 145|0x00000000e9d00000, 0x00000000e9d00000, 0x00000000e9e00000|  0%| F|  |TS  0|AC  0|TAMS 0x00000000e9d00000, 0x00000000e9d00000|
| 146|0x00000000e9e00000, 0x00000000e9e00000, 0x00000000e9f00000|  0%| F|  |TS  0|AC  0|TAMS 0x00000000e9e00000, 0x00000000e9e00000|
| 147|0x00000000e9f00000, 0x00000000e9f00000, 0x00000000ea000000|  0%| F|  |TS  0|AC  0|TAMS 0x00000000e9f00000, 0x00000000e9f00000|
| 148|0x00000000ea000000, 0x00000000ea000000, 0x00000000ea100000|  0%| F|  |TS  0|AC  0|TAMS 0x00000000ea000000, 0x00000000ea000000|
| 149|0x00000000ea100000, 0x00000000ea100000, 0x00000000ea200000|  0%| F|  |TS  0|AC  0|TAMS 0x00000000ea100000, 0x00000000ea100000|
| 150|0x00000000ea200000, 0x00000000ea200000, 0x00000000ea300000|  0%| F|  |TS  0|AC  0|TAMS 0x00000000ea200000, 0x00000000ea200000|
| 151|0x00000000ea300000, 0x00000000ea300000, 0x00000000ea400000|  0%| F|  |TS  0|AC  0|TAMS 0x00000000ea300000, 0x00000000ea300000|
| 152|0x00000000ea400000, 0x00000000ea400000, 0x00000000ea500000|  0%| F|  |TS  0|AC  0|TAMS 0x00000000ea400000, 0x00000000ea400000|
| 153|0x00000000ea500000, 0x00000000ea500000, 0x00000000ea600000|  0%| F|  |TS  0|AC  0|TAMS 0x00000000ea500000, 0x00000000ea500000|
| 154|0x00000000ea600000, 0x00000000ea600000, 0x00000000ea700000|  0%| F|  |TS  0|AC  0|TAMS 0x00000000ea600000, 0x00000000ea600000|
| 155|0x00000000ea700000, 0x00000000ea700000, 0x00000000ea800000|  0%| F|  |TS  0|AC  0|TAMS 0x00000000ea700000, 0x00000000ea700000|
| 156|0x00000000ea800000, 0x00000000ea800000, 0x00000000ea900000|  0%| F|  |TS  0|AC  0|TAMS 0x00000000ea800000, 0x00000000ea800000|
| 157|0x00000000ea900000, 0x00000000ea900000, 0x00000000eaa00000|  0%| F|  |TS  0|AC  0|TAMS 0x00000000ea900000, 0x00000000ea900000|
| 158|0x00000000eaa00000, 0x00000000eaa00000, 0x00000000eab00000|  0%| F|  |TS  0|AC  0|TAMS 0x00000000eaa00000, 0x00000000eaa00000|
| 159|0x00000000eab00000, 0x00000000eab00000, 0x00000000eac00000|  0%| F|  |TS  0|AC  0|TAMS 0x00000000eab00000, 0x00000000eab00000|
| 160|0x00000000eac00000, 0x00000000eac00000, 0x00000000ead00000|  0%| F|  |TS  0|AC  0|TAMS 0x00000000eac00000, 0x00000000eac00000|
| 161|0x00000000ead00000, 0x00000000ead00000, 0x00000000eae00000|  0%| F|  |TS  0|AC  0|TAMS 0x00000000ead00000, 0x00000000ead00000|
| 162|0x00000000eae00000, 0x00000000eae00000, 0x00000000eaf00000|  0%| F|  |TS  0|AC  0|TAMS 0x00000000eae00000, 0x00000000eae00000|
| 163|0x00000000eaf00000, 0x00000000eaf00000, 0x00000000eb000000|  0%| F|  |TS  0|AC  0|TAMS 0x00000000eaf00000, 0x00000000eaf00000|
| 164|0x00000000eb000000, 0x00000000eb000000, 0x00000000eb100000|  0%| F|  |TS  0|AC  0|TAMS 0x00000000eb000000, 0x00000000eb000000|
| 165|0x00000000eb100000, 0x00000000eb100000, 0x00000000eb200000|  0%| F|  |TS  0|AC  0|TAMS 0x00000000eb100000, 0x00000000eb100000|
| 166|0x00000000eb200000, 0x00000000eb200000, 0x00000000eb300000|  0%| F|  |TS  0|AC  0|TAMS 0x00000000eb200000, 0x00000000eb200000|
| 167|0x00000000eb300000, 0x00000000eb300000, 0x00000000eb400000|  0%| F|  |TS  0|AC  0|TAMS 0x00000000eb300000, 0x00000000eb300000|
| 168|0x00000000eb400000, 0x00000000eb400000, 0x00000000eb500000|  0%| F|  |TS  0|AC  0|TAMS 0x00000000eb400000, 0x00000000eb400000|
| 169|0x00000000eb500000, 0x00000000eb500000, 0x00000000eb600000|  0%| F|  |TS  0|AC  0|TAMS 0x00000000eb500000, 0x00000000eb500000|
| 170|0x00000000eb600000, 0x00000000eb600000, 0x00000000eb700000|  0%| F|  |TS  0|AC  0|TAMS 0x00000000eb600000, 0x00000000eb600000|
| 171|0x00000000eb700000, 0x00000000eb700000, 0x00000000eb800000|  0%| F|  |TS  0|AC  0|TAMS 0x00000000eb700000, 0x00000000eb700000|
| 172|0x00000000eb800000, 0x00000000eb800000, 0x00000000eb900000|  0%| F|  |TS  0|AC  0|TAMS 0x00000000eb800000, 0x00000000eb800000|
| 173|0x00000000eb900000, 0x00000000eb900000, 0x00000000eba00000|  0%| F|  |TS  0|AC  0|TAMS 0x00000000eb900000, 0x00000000eb900000|
| 174|0x00000000eba00000, 0x00000000eba00000, 0x00000000ebb00000|  0%| F|  |TS  0|AC  0|TAMS 0x00000000eba00000, 0x00000000eba00000|
| 175|0x00000000ebb00000, 0x00000000ebb00000, 0x00000000ebc00000|  0%| F|  |TS  0|AC  0|TAMS 0x00000000ebb00000, 0x00000000ebb00000|
| 176|0x00000000ebc00000, 0x00000000ebc00000, 0x00000000ebd00000|  0%| F|  |TS  0|AC  0|TAMS 0x00000000ebc00000, 0x00000000ebc00000|
| 177|0x00000000ebd00000, 0x00000000ebd00000, 0x00000000ebe00000|  0%| F|  |TS  0|AC  0|TAMS 0x00000000ebd00000, 0x00000000ebd00000|
| 178|0x00000000ebe00000, 0x00000000ebe00000, 0x00000000ebf00000|  0%| F|  |TS  0|AC  0|TAMS 0x00000000ebe00000, 0x00000000ebe00000|
| 179|0x00000000ebf00000, 0x00000000ebf00000, 0x00000000ec000000|  0%| F|  |TS  0|AC  0|TAMS 0x00000000ebf00000, 0x00000000ebf00000|
| 180|0x00000000ec000000, 0x00000000ec000000, 0x00000000ec100000|  0%| F|  |TS  0|AC  0|TAMS 0x00000000ec000000, 0x00000000ec000000|
| 181|0x00000000ec100000, 0x00000000ec100000, 0x00000000ec200000|  0%| F|  |TS  0|AC  0|TAMS 0x00000000ec100000, 0x00000000ec100000|
| 182|0x00000000ec200000, 0x00000000ec200000, 0x00000000ec300000|  0%| F|  |TS  0|AC  0|TAMS 0x00000000ec200000, 0x00000000ec200000|
| 183|0x00000000ec300000, 0x00000000ec300000, 0x00000000ec400000|  0%| F|  |TS  0|AC  0|TAMS 0x00000000ec300000, 0x00000000ec300000|
| 184|0x00000000ec400000, 0x00000000ec400000, 0x00000000ec500000|  0%| F|  |TS  0|AC  0|TAMS 0x00000000ec400000, 0x00000000ec400000|
| 185|0x00000000ec500000, 0x00000000ec500000, 0x00000000ec600000|  0%| F|  |TS  0|AC  0|TAMS 0x00000000ec500000, 0x00000000ec500000|
| 186|0x00000000ec600000, 0x00000000ec600000, 0x00000000ec700000|  0%| F|  |TS  0|AC  0|TAMS 0x00000000ec600000, 0x00000000ec600000|
| 187|0x00000000ec700000, 0x00000000ec700000, 0x00000000ec800000|  0%| F|  |TS  0|AC  0|TAMS 0x00000000ec700000, 0x00000000ec700000|
| 188|0x00000000ec800000, 0x00000000ec800000, 0x00000000ec900000|  0%| F|  |TS  0|AC  0|TAMS 0x00000000ec800000, 0x00000000ec800000|
| 189|0x00000000ec900000, 0x00000000ec900000, 0x00000000eca00000|  0%| F|  |TS  0|AC  0|TAMS 0x00000000ec900000, 0x00000000ec900000|
| 190|0x00000000eca00000, 0x00000000eca00000, 0x00000000ecb00000|  0%| F|  |TS  0|AC  0|TAMS 0x00000000eca00000, 0x00000000eca00000|
| 191|0x00000000ecb00000, 0x00000000ecb00000, 0x00000000ecc00000|  0%| F|  |TS  0|AC  0|TAMS 0x00000000ecb00000, 0x00000000ecb00000|
| 192|0x00000000ecc00000, 0x00000000ecc00000, 0x00000000ecd00000|  0%| F|  |TS  0|AC  0|TAMS 0x00000000ecc00000, 0x00000000ecc00000|
| 193|0x00000000ecd00000, 0x00000000ecd00000, 0x00000000ece00000|  0%| F|  |TS  0|AC  0|TAMS 0x00000000ecd00000, 0x00000000ecd00000|
| 194|0x00000000ece00000, 0x00000000ece00000, 0x00000000ecf00000|  0%| F|  |TS  0|AC  0|TAMS 0x00000000ece00000, 0x00000000ece00000|
| 195|0x00000000ecf00000, 0x00000000ecf00000, 0x00000000ed000000|  0%| F|  |TS  0|AC  0|TAMS 0x00000000ecf00000, 0x00000000ecf00000|
| 196|0x00000000ed000000, 0x00000000ed000000, 0x00000000ed100000|  0%| F|  |TS  0|AC  0|TAMS 0x00000000ed000000, 0x00000000ed000000|
| 197|0x00000000ed100000, 0x00000000ed100000, 0x00000000ed200000|  0%| F|  |TS  0|AC  0|TAMS 0x00000000ed100000, 0x00000000ed100000|
| 198|0x00000000ed200000, 0x00000000ed200000, 0x00000000ed300000|  0%| F|  |TS  0|AC  0|TAMS 0x00000000ed200000, 0x00000000ed200000|
| 199|0x00000000ed300000, 0x00000000ed300000, 0x00000000ed400000|  0%| F|  |TS  0|AC  0|TAMS 0x00000000ed300000, 0x00000000ed300000|
| 200|0x00000000ed400000, 0x00000000ed400000, 0x00000000ed500000|  0%| F|  |TS  0|AC  0|TAMS 0x00000000ed400000, 0x00000000ed400000|
| 201|0x00000000ed500000, 0x00000000ed500000, 0x00000000ed600000|  0%| F|  |TS  0|AC  0|TAMS 0x00000000ed500000, 0x00000000ed500000|
| 202|0x00000000ed600000, 0x00000000ed600000, 0x00000000ed700000|  0%| F|  |TS  0|AC  0|TAMS 0x00000000ed600000, 0x00000000ed600000|
| 203|0x00000000ed700000, 0x00000000ed700000, 0x00000000ed800000|  0%| F|  |TS  0|AC  0|TAMS 0x00000000ed700000, 0x00000000ed700000|
| 204|0x00000000ed800000, 0x00000000ed800000, 0x00000000ed900000|  0%| F|  |TS  0|AC  0|TAMS 0x00000000ed800000, 0x00000000ed800000|
| 205|0x00000000ed900000, 0x00000000ed900000, 0x00000000eda00000|  0%| F|  |TS  0|AC  0|TAMS 0x00000000ed900000, 0x00000000ed900000|
| 206|0x00000000eda00000, 0x00000000edb00000, 0x00000000edb00000|100%| S|CS|TS  1|AC  0|TAMS 0x00000000eda00000, 0x00000000eda00000|
| 207|0x00000000edb00000, 0x00000000edc00000, 0x00000000edc00000|100%| S|CS|TS  1|AC  0|TAMS 0x00000000edb00000, 0x00000000edb00000|
| 208|0x00000000edc00000, 0x00000000edc00000, 0x00000000edd00000|  0%| F|  |TS  0|AC  0|TAMS 0x00000000edc00000, 0x00000000edc00000|
| 209|0x00000000edd00000, 0x00000000edd00000, 0x00000000ede00000|  0%| F|  |TS  0|AC  0|TAMS 0x00000000edd00000, 0x00000000edd00000|
| 210|0x00000000ede00000, 0x00000000ede00000, 0x00000000edf00000|  0%| F|  |TS  0|AC  0|TAMS 0x00000000ede00000, 0x00000000ede00000|
| 211|0x00000000edf00000, 0x00000000edf00000, 0x00000000ee000000|  0%| F|  |TS  0|AC  0|TAMS 0x00000000edf00000, 0x00000000edf00000|
| 212|0x00000000ee000000, 0x00000000ee000000, 0x00000000ee100000|  0%| F|  |TS  0|AC  0|TAMS 0x00000000ee000000, 0x00000000ee000000|
| 213|0x00000000ee100000, 0x00000000ee100000, 0x00000000ee200000|  0%| F|  |TS  0|AC  0|TAMS 0x00000000ee100000, 0x00000000ee100000|
| 214|0x00000000ee200000, 0x00000000ee200000, 0x00000000ee300000|  0%| F|  |TS  0|AC  0|TAMS 0x00000000ee200000, 0x00000000ee200000|
| 215|0x00000000ee300000, 0x00000000ee300000, 0x00000000ee400000|  0%| F|  |TS  0|AC  0|TAMS 0x00000000ee300000, 0x00000000ee300000|
| 216|0x00000000ee400000, 0x00000000ee400000, 0x00000000ee500000|  0%| F|  |TS  0|AC  0|TAMS 0x00000000ee400000, 0x00000000ee400000|
| 217|0x00000000ee500000, 0x00000000ee500000, 0x00000000ee600000|  0%| F|  |TS  0|AC  0|TAMS 0x00000000ee500000, 0x00000000ee500000|
| 218|0x00000000ee600000, 0x00000000ee700000, 0x00000000ee700000|100%| E|  |TS  0|AC  0|TAMS 0x00000000ee600000, 0x00000000ee600000|
| 219|0x00000000ee700000, 0x00000000ee800000, 0x00000000ee800000|100%| E|CS|TS  0|AC  0|TAMS 0x00000000ee700000, 0x00000000ee700000|

Card table byte_map: [0x00007feb81862000,0x00007feb8195c000] byte_map_base: 0x00007feb8115c000

Marking Bits (Prev, Next): (CMBitMap*) 0x00007feb98054eb0, (CMBitMap*) 0x00007feb98054f08
 Prev Bits: [0x00007feb80f98000, 0x00007feb81768000)
 Next Bits: [0x00007feb807c8000, 0x00007feb80f98000)

Polling page: 0x00007feba156a000

CodeHeap 'non-nmethods': size=5700Kb used=1269Kb max_used=1288Kb free=4430Kb
 bounds [0x00007feb81c51000, 0x00007feb81ec1000, 0x00007feb821e2000]
CodeHeap 'profiled nmethods': size=120028Kb used=1390Kb max_used=1390Kb free=118637Kb
 bounds [0x00007feb821e2000, 0x00007feb82452000, 0x00007feb89719000]
CodeHeap 'non-profiled nmethods': size=120032Kb used=287Kb max_used=287Kb free=119744Kb
 bounds [0x00007feb89719000, 0x00007feb89989000, 0x00007feb90c51000]
 total_blobs=1528 nmethods=808 adapters=455
 compilation: enabled

Compilation events (10 events):
Event: 7,653 Thread 0x00007feb982b7000 nmethod 805 0x00007feb8975e190 code [0x00007feb8975e300, 0x00007feb8975e3d8]
Event: 7,660 Thread 0x00007feb982bc800  806       3       java.lang.reflect.Module::isNamed (13 bytes)
Event: 7,661 Thread 0x00007feb982bc800 nmethod 806 0x00007feb8233c790 code [0x00007feb8233c900, 0x00007feb8233cab0]
Event: 7,677 Thread 0x00007feb982bc800  807       3       java.nio.HeapByteBuffer::_get (7 bytes)
Event: 7,677 Thread 0x00007feb982bc800 nmethod 807 0x00007feb8233cb10 code [0x00007feb8233cc80, 0x00007feb8233cdf0]
Event: 7,678 Thread 0x00007feb982bc800  808       3       java.lang.Short::valueOf (33 bytes)
Event: 7,678 Thread 0x00007feb982bc800 nmethod 808 0x00007feb8233cf10 code [0x00007feb8233d0a0, 0x00007feb8233d3f0]
Event: 7,678 Thread 0x00007feb982bc800  809       3       java.nio.Buffer::position (55 bytes)
Event: 7,678 Thread 0x00007feb982bc800 nmethod 809 0x00007feb8233d590 code [0x00007feb8233d720, 0x00007feb8233d9e8]
Event: 7,682 Thread 0x00007feb982b8800 nmethod 800 0x00007feb8975e490 code [0x00007feb8975e980, 0x00007feb89760360]

GC Heap History (2 events):
Event: 7,624 GC heap before
{Heap before GC invocations=0 (full 0):
 garbage-first heap   total 225280K, used 12288K [0x00000000e0c00000, 0x00000000e0d006e0, 0x0000000100000000)
  region size 1024K, 12 young (12288K), 0 survivors (0K)
 Metaspace       used 14867K, capacity 15340K, committed 15616K, reserved 1062912K
  class space    used 1608K, capacity 1764K, committed 1792K, reserved 1048576K
}
Event: 7,631 GC heap after
{Heap after GC invocations=1 (full 0):
 garbage-first heap   total 225280K, used 4351K [0x00000000e0c00000, 0x00000000e0d006e0, 0x0000000100000000)
  region size 1024K, 2 young (2048K), 2 survivors (2048K)
 Metaspace       used 14867K, capacity 15340K, committed 15616K, reserved 1062912K
  class space    used 1608K, capacity 1764K, committed 1792K, reserved 1048576K
}

Deoptimization events (10 events):
Event: 6,547 Thread 0x00007feb98011000 Uncommon trap: reason=class_check action=maybe_recompile pc=0x00007feb89722eac method=java.util.HashMap.putVal(ILjava/lang/Object;Ljava/lang/Object;ZZ)Ljava/lang/Object; @ 91
Event: 6,547 Thread 0x00007feb98011000 Uncommon trap: reason=class_check action=maybe_recompile pc=0x00007feb89722eac method=java.util.HashMap.putVal(ILjava/lang/Object;Ljava/lang/Object;ZZ)Ljava/lang/Object; @ 91
Event: 6,667 Thread 0x00007feb98011000 Uncommon trap: reason=bimorphic_or_optimized_type_check action=maybe_recompile pc=0x00007feb89740f5c method=java.util.HashMap.putVal(ILjava/lang/Object;Ljava/lang/Object;ZZ)Ljava/lang/Object; @ 152
Event: 6,780 Thread 0x00007feb98011000 Uncommon trap: reason=bimorphic_or_optimized_type_check action=maybe_recompile pc=0x00007feb89740ee0 method=java.util.HashMap.putVal(ILjava/lang/Object;Ljava/lang/Object;ZZ)Ljava/lang/Object; @ 56
Event: 6,896 Thread 0x00007feb98011000 Uncommon trap: reason=bimorphic_or_optimized_type_check action=maybe_recompile pc=0x00007feb8974102c method=java.util.HashMap.putVal(ILjava/lang/Object;Ljava/lang/Object;ZZ)Ljava/lang/Object; @ 91
Event: 7,126 Thread 0x00007feb98011000 Uncommon trap: reason=bimorphic_or_optimized_type_check action=maybe_recompile pc=0x00007feb89740ee0 method=java.util.HashMap.putVal(ILjava/lang/Object;Ljava/lang/Object;ZZ)Ljava/lang/Object; @ 56
Event: 7,126 Thread 0x00007feb98011000 Uncommon trap: reason=bimorphic_or_optimized_type_check action=maybe_recompile pc=0x00007feb8973dd10 method=java.util.HashMap.putVal(ILjava/lang/Object;Ljava/lang/Object;ZZ)Ljava/lang/Object; @ 56
Event: 7,147 Thread 0x00007feb98011000 Uncommon trap: reason=unstable_if action=reinterpret pc=0x00007feb89750f1c method=java.util.HashMap.hash(Ljava/lang/Object;)I @ 1
Event: 7,278 Thread 0x00007feb98011000 Uncommon trap: reason=unstable_fused_if action=reinterpret pc=0x00007feb89732df4 method=jdk.internal.org.objectweb.asm.ByteVector.putUTF8(Ljava/lang/String;)Ljdk/internal/org/objectweb/asm/ByteVector; @ 91
Event: 7,632 Thread 0x00007feb9874c000 Uncommon trap: reason=unstable_if action=reinterpret pc=0x00007feb89735068 method=java.lang.String.equals(Ljava/lang/Object;)Z @ 27

Classes redefined (0 events):
No events

Internal exceptions (10 events):
Event: 1,230 Thread 0x00007feb98011000 Exception <a 'java/io/FileNotFoundException'> (0x00000000ee5dcd50) thrown at [/build/openjdk-9-argm_o/openjdk-9-9~b114/src/hotspot/src/share/vm/prims/jni.cpp, line 605]
Event: 1,372 Thread 0x00007feb98011000 Exception <a 'java/io/FileNotFoundException'> (0x00000000ee3372a0) thrown at [/build/openjdk-9-argm_o/openjdk-9-9~b114/src/hotspot/src/share/vm/prims/jni.cpp, line 605]
Event: 1,372 Thread 0x00007feb98011000 Exception <a 'java/io/FileNotFoundException'> (0x00000000ee337b10) thrown at [/build/openjdk-9-argm_o/openjdk-9-9~b114/src/hotspot/src/share/vm/prims/jni.cpp, line 605]
Event: 1,407 Thread 0x00007feb98011000 Exception <a 'java/io/FileNotFoundException'> (0x00000000ee346898) thrown at [/build/openjdk-9-argm_o/openjdk-9-9~b114/src/hotspot/src/share/vm/prims/jni.cpp, line 605]
Event: 6,543 Thread 0x00007feb98011000 Exception <a 'java/lang/NoSuchMethodError': java.lang.Object.of([Ljava/lang/Object;)Ljava/util/stream/Stream;> (0x00000000ee22cfa8) thrown at [/build/openjdk-9-argm_o/openjdk-9-9~b114/src/hotspot/src/share/vm/interpreter/linkResolver.cpp, line 728]
Event: 6,930 Thread 0x00007feb98011000 Exception <a 'java/io/FileNotFoundException'> (0x00000000ee1cef28) thrown at [/build/openjdk-9-argm_o/openjdk-9-9~b114/src/hotspot/src/share/vm/prims/jni.cpp, line 605]
Event: 6,930 Thread 0x00007feb98011000 Exception <a 'java/io/FileNotFoundException'> (0x00000000ee1cf568) thrown at [/build/openjdk-9-argm_o/openjdk-9-9~b114/src/hotspot/src/share/vm/prims/jni.cpp, line 605]
Event: 7,126 Thread 0x00007feb98011000 Exception <a 'java/lang/ClassNotFoundException': com/sun/swing/internal/plaf/metal/resources/metalProvider> (0x00000000edf85ad8) thrown at [/build/openjdk-9-argm_o/openjdk-9-9~b114/src/hotspot/src/share/vm/classfile/systemDictionary.cpp, line 224]
Event: 7,127 Thread 0x00007feb98011000 Exception <a 'java/lang/ClassNotFoundException': com/sun/swing/internal/plaf/basic/resources/basicProvider> (0x00000000edf89138) thrown at [/build/openjdk-9-argm_o/openjdk-9-9~b114/src/hotspot/src/share/vm/classfile/systemDictionary.cpp, line 224]
Event: 7,147 Thread 0x00007feb98011000 Implicit null exception at 0x00007feb8975023e to 0x00007feb89750f01

Events (10 events):
Event: 7,684 loading class sun/nio/cs/UnicodeDecoder done
Event: 7,684 loading class sun/nio/cs/UTF_16$Decoder done
Event: 7,684 loading class sun/font/FileFontStrike
Event: 7,685 loading class sun/font/FileFontStrike done
Event: 7,685 loading class sun/font/FontScaler
Event: 7,685 Executing VM operation: RevokeBias
Event: 7,685 loading class sun/font/FontScaler done
Event: 7,685 Executing VM operation: RevokeBias done
Event: 7,685 loading class sun/font/FreetypeFontScaler
Event: 7,685 loading class sun/font/FreetypeFontScaler done


Dynamic libraries:
00400000-00401000 r-xp 00000000 08:01 16911176                           /usr/lib/jvm/java-9-openjdk-amd64/bin/java
00600000-00601000 r--p 00000000 08:01 16911176                           /usr/lib/jvm/java-9-openjdk-amd64/bin/java
00601000-00602000 rw-p 00001000 08:01 16911176                           /usr/lib/jvm/java-9-openjdk-amd64/bin/java
0061b000-0063c000 rw-p 00000000 00:00 0                                  [heap]
e0c00000-ee800000 rw-p 00000000 00:00 0 
ee800000-100000000 ---p 00000000 00:00 0 
100000000-1001e0000 rw-p 00000000 00:00 0 
1001e0000-140000000 ---p 00000000 00:00 0 
7feac4000000-7feac4021000 rw-p 00000000 00:00 0 
7feac4021000-7feac8000000 ---p 00000000 00:00 0 
7feacc000000-7feacc021000 rw-p 00000000 00:00 0 
7feacc021000-7fead0000000 ---p 00000000 00:00 0 
7fead0000000-7fead060f000 rw-p 00000000 00:00 0 
7fead060f000-7fead4000000 ---p 00000000 00:00 0 
7fead4000000-7fead4021000 rw-p 00000000 00:00 0 
7fead4021000-7fead8000000 ---p 00000000 00:00 0 
7fead8000000-7fead8021000 rw-p 00000000 00:00 0 
7fead8021000-7feadc000000 ---p 00000000 00:00 0 
7feadc000000-7feadc021000 rw-p 00000000 00:00 0 
7feadc021000-7feae0000000 ---p 00000000 00:00 0 
7feae0000000-7feae0021000 rw-p 00000000 00:00 0 
7feae0021000-7feae4000000 ---p 00000000 00:00 0 
7feae4000000-7feae4021000 rw-p 00000000 00:00 0 
7feae4021000-7feae8000000 ---p 00000000 00:00 0 
7feae8000000-7feae8021000 rw-p 00000000 00:00 0 
7feae8021000-7feaec000000 ---p 00000000 00:00 0 
7feaec000000-7feaec021000 rw-p 00000000 00:00 0 
7feaec021000-7feaf0000000 ---p 00000000 00:00 0 
7feaf190a000-7feaf190e000 ---p 00000000 00:00 0 
7feaf190e000-7feaf1b8b000 rw-p 00000000 00:00 0 
7feaf1b8b000-7feaf1c0b000 ---p 00000000 00:00 0 
7feaf1c0b000-7feaf1c0f000 ---p 00000000 00:00 0 
7feaf1c0f000-7feaf1f0c000 rw-p 00000000 00:00 0 
7feaf1f0c000-7feaf1f10000 ---p 00000000 00:00 0 
7feaf1f10000-7feaf200d000 rw-p 00000000 00:00 0 
7feaf200d000-7feaf2011000 ---p 00000000 00:00 0 
7feaf2011000-7feaf210e000 rw-p 00000000 00:00 0 
7feaf210e000-7feaf2113000 r-xp 00000000 08:01 16524577                   /usr/lib/x86_64-linux-gnu/libXfixes.so.3.1.0
7feaf2113000-7feaf2312000 ---p 00005000 08:01 16524577                   /usr/lib/x86_64-linux-gnu/libXfixes.so.3.1.0
7feaf2312000-7feaf2313000 r--p 00004000 08:01 16524577                   /usr/lib/x86_64-linux-gnu/libXfixes.so.3.1.0
7feaf2313000-7feaf2314000 rw-p 00005000 08:01 16524577                   /usr/lib/x86_64-linux-gnu/libXfixes.so.3.1.0
7feaf2314000-7feaf231d000 r-xp 00000000 08:01 16524561                   /usr/lib/x86_64-linux-gnu/libXcursor.so.1.0.2
7feaf231d000-7feaf251c000 ---p 00009000 08:01 16524561                   /usr/lib/x86_64-linux-gnu/libXcursor.so.1.0.2
7feaf251c000-7feaf251d000 r--p 00008000 08:01 16524561                   /usr/lib/x86_64-linux-gnu/libXcursor.so.1.0.2
7feaf251d000-7feaf251e000 rw-p 00009000 08:01 16524561                   /usr/lib/x86_64-linux-gnu/libXcursor.so.1.0.2
7feaf251e000-7feaf2542000 r-xp 00000000 08:01 16781921                   /lib/x86_64-linux-gnu/libpng12.so.0.54.0
7feaf2542000-7feaf2741000 ---p 00024000 08:01 16781921                   /lib/x86_64-linux-gnu/libpng12.so.0.54.0
7feaf2741000-7feaf2742000 r--p 00023000 08:01 16781921                   /lib/x86_64-linux-gnu/libpng12.so.0.54.0
7feaf2742000-7feaf2743000 rw-p 00024000 08:01 16781921                   /lib/x86_64-linux-gnu/libpng12.so.0.54.0
7feaf2743000-7feaf27e7000 r-xp 00000000 08:01 16515700                   /usr/lib/x86_64-linux-gnu/libfreetype.so.6.12.1
7feaf27e7000-7feaf29e6000 ---p 000a4000 08:01 16515700                   /usr/lib/x86_64-linux-gnu/libfreetype.so.6.12.1
7feaf29e6000-7feaf29ec000 r--p 000a3000 08:01 16515700                   /usr/lib/x86_64-linux-gnu/libfreetype.so.6.12.1
7feaf29ec000-7feaf29ed000 rw-p 000a9000 08:01 16515700                   /usr/lib/x86_64-linux-gnu/libfreetype.so.6.12.1
7feaf29ed000-7feaf2ab3000 r-xp 00000000 08:01 17040429                   /usr/lib/jvm/java-9-openjdk-amd64/lib/amd64/libfontmanager.so
7feaf2ab3000-7feaf2cb2000 ---p 000c6000 08:01 17040429                   /usr/lib/jvm/java-9-openjdk-amd64/lib/amd64/libfontmanager.so
7feaf2cb2000-7feaf2cb5000 r--p 000c5000 08:01 17040429                   /usr/lib/jvm/java-9-openjdk-amd64/lib/amd64/libfontmanager.so
7feaf2cb5000-7feaf2cb6000 rw-p 000c8000 08:01 17040429                   /usr/lib/jvm/java-9-openjdk-amd64/lib/amd64/libfontmanager.so
7feaf2cb6000-7feaf2cb7000 rw-p 00000000 00:00 0 
7feaf2cb7000-7feaf2cbb000 ---p 00000000 00:00 0 
7feaf2cbb000-7feaf2fb8000 rw-p 00000000 00:00 0 
7feaf2fb8000-7feaf2fbc000 ---p 00000000 00:00 0 
7feaf2fbc000-7feaf30b9000 rw-p 00000000 00:00 0 
7feaf30b9000-7feaf30ba000 r-xp 00000000 08:01 17040425                   /usr/lib/jvm/java-9-openjdk-amd64/lib/amd64/librmi.so
7feaf30ba000-7feaf32b9000 ---p 00001000 08:01 17040425                   /usr/lib/jvm/java-9-openjdk-amd64/lib/amd64/librmi.so
7feaf32b9000-7feaf32ba000 r--p 00000000 08:01 17040425                   /usr/lib/jvm/java-9-openjdk-amd64/lib/amd64/librmi.so
7feaf32ba000-7feaf32bb000 rw-p 00001000 08:01 17040425                   /usr/lib/jvm/java-9-openjdk-amd64/lib/amd64/librmi.so
7feaf32bb000-7feaf32bf000 ---p 00000000 00:00 0 
7feaf32bf000-7feaf33bc000 rw-p 00000000 00:00 0 
7feaf33bc000-7feaf33c0000 ---p 00000000 00:00 0 
7feaf33c0000-7feaf34bd000 rw-p 00000000 00:00 0 
7feaf34bd000-7feaf34c1000 ---p 00000000 00:00 0 
7feaf34c1000-7feaf35be000 rw-p 00000000 00:00 0 
7feaf35be000-7feaf35c3000 r-xp 00000000 08:01 16524569                   /usr/lib/x86_64-linux-gnu/libXdmcp.so.6.0.0
7feaf35c3000-7feaf37c2000 ---p 00005000 08:01 16524569                   /usr/lib/x86_64-linux-gnu/libXdmcp.so.6.0.0
7feaf37c2000-7feaf37c3000 r--p 00004000 08:01 16524569                   /usr/lib/x86_64-linux-gnu/libXdmcp.so.6.0.0
7feaf37c3000-7feaf37c4000 rw-p 00005000 08:01 16524569                   /usr/lib/x86_64-linux-gnu/libXdmcp.so.6.0.0
7feaf37c4000-7feaf37c6000 r-xp 00000000 08:01 16524554                   /usr/lib/x86_64-linux-gnu/libXau.so.6.0.0
7feaf37c6000-7feaf39c6000 ---p 00002000 08:01 16524554                   /usr/lib/x86_64-linux-gnu/libXau.so.6.0.0
7feaf39c6000-7feaf39c7000 r--p 00002000 08:01 16524554                   /usr/lib/x86_64-linux-gnu/libXau.so.6.0.0
7feaf39c7000-7feaf39c8000 rw-p 00003000 08:01 16524554                   /usr/lib/x86_64-linux-gnu/libXau.so.6.0.0
7feaf39c8000-7feaf39e9000 r-xp 00000000 08:01 16527341                   /usr/lib/x86_64-linux-gnu/libxcb.so.1.1.0
7feaf39e9000-7feaf3be8000 ---p 00021000 08:01 16527341                   /usr/lib/x86_64-linux-gnu/libxcb.so.1.1.0
7feaf3be8000-7feaf3be9000 r--p 00020000 08:01 16527341                   /usr/lib/x86_64-linux-gnu/libxcb.so.1.1.0
7feaf3be9000-7feaf3bea000 rw-p 00021000 08:01 16527341                   /usr/lib/x86_64-linux-gnu/libxcb.so.1.1.0
7feaf3bea000-7feaf3bf9000 r-xp 00000000 08:01 16524587                   /usr/lib/x86_64-linux-gnu/libXi.so.6.1.0
7feaf3bf9000-7feaf3df8000 ---p 0000f000 08:01 16524587                   /usr/lib/x86_64-linux-gnu/libXi.so.6.1.0
7feaf3df8000-7feaf3df9000 r--p 0000e000 08:01 16524587                   /usr/lib/x86_64-linux-gnu/libXi.so.6.1.0
7feaf3df9000-7feaf3dfa000 rw-p 0000f000 08:01 16524587                   /usr/lib/x86_64-linux-gnu/libXi.so.6.1.0
7feaf3dfa000-7feaf3dff000 r-xp 00000000 08:01 16524616                   /usr/lib/x86_64-linux-gnu/libXtst.so.6.1.0
7feaf3dff000-7feaf3ffe000 ---p 00005000 08:01 16524616                   /usr/lib/x86_64-linux-gnu/libXtst.so.6.1.0
7feaf3ffe000-7feaf3fff000 r--p 00004000 08:01 16524616                   /usr/lib/x86_64-linux-gnu/libXtst.so.6.1.0
7feaf3fff000-7feaf4000000 rw-p 00005000 08:01 16524616                   /usr/lib/x86_64-linux-gnu/libXtst.so.6.1.0
7feaf4000000-7feaf4021000 rw-p 00000000 00:00 0 
7feaf4021000-7feaf8000000 ---p 00000000 00:00 0 
7feaf8000000-7feaf8021000 rw-p 00000000 00:00 0 
7feaf8021000-7feafc000000 ---p 00000000 00:00 0 
7feafc000000-7feafc021000 rw-p 00000000 00:00 0 
7feafc021000-7feb00000000 ---p 00000000 00:00 0 
7feb00000000-7feb00021000 rw-p 00000000 00:00 0 
7feb00021000-7feb04000000 ---p 00000000 00:00 0 
7feb0407a000-7feb0407e000 ---p 00000000 00:00 0 
7feb0407e000-7feb0417b000 rw-p 00000000 00:00 0 
7feb0417b000-7feb04184000 r-xp 00000000 08:01 16524608                   /usr/lib/x86_64-linux-gnu/libXrender.so.1.3.0
7feb04184000-7feb04383000 ---p 00009000 08:01 16524608                   /usr/lib/x86_64-linux-gnu/libXrender.so.1.3.0
7feb04383000-7feb04384000 r--p 00008000 08:01 16524608                   /usr/lib/x86_64-linux-gnu/libXrender.so.1.3.0
7feb04384000-7feb04385000 rw-p 00009000 08:01 16524608                   /usr/lib/x86_64-linux-gnu/libXrender.so.1.3.0
7feb04385000-7feb044ba000 r-xp 00000000 08:01 16524548                   /usr/lib/x86_64-linux-gnu/libX11.so.6.3.0
7feb044ba000-7feb046ba000 ---p 00135000 08:01 16524548                   /usr/lib/x86_64-linux-gnu/libX11.so.6.3.0
7feb046ba000-7feb046bb000 r--p 00135000 08:01 16524548                   /usr/lib/x86_64-linux-gnu/libX11.so.6.3.0
7feb046bb000-7feb046bf000 rw-p 00136000 08:01 16524548                   /usr/lib/x86_64-linux-gnu/libX11.so.6.3.0
7feb046bf000-7feb046d0000 r-xp 00000000 08:01 16524573                   /usr/lib/x86_64-linux-gnu/libXext.so.6.4.0
7feb046d0000-7feb048cf000 ---p 00011000 08:01 16524573                   /usr/lib/x86_64-linux-gnu/libXext.so.6.4.0
7feb048cf000-7feb048d0000 r--p 00010000 08:01 16524573                   /usr/lib/x86_64-linux-gnu/libXext.so.6.4.0
7feb048d0000-7feb048d1000 rw-p 00011000 08:01 16524573                   /usr/lib/x86_64-linux-gnu/libXext.so.6.4.0
7feb048d1000-7feb04928000 r-xp 00000000 08:01 17040456                   /usr/lib/jvm/java-9-openjdk-amd64/lib/amd64/libawt_xawt.so
7feb04928000-7feb04b28000 ---p 00057000 08:01 17040456                   /usr/lib/jvm/java-9-openjdk-amd64/lib/amd64/libawt_xawt.so
7feb04b28000-7feb04b29000 r--p 00057000 08:01 17040456                   /usr/lib/jvm/java-9-openjdk-amd64/lib/amd64/libawt_xawt.so
7feb04b29000-7feb04b2c000 rw-p 00058000 08:01 17040456                   /usr/lib/jvm/java-9-openjdk-amd64/lib/amd64/libawt_xawt.so
7feb04b2c000-7feb04b2d000 rw-p 00000000 00:00 0 
7feb04b2d000-7feb04bcd000 r-xp 00000000 08:01 17040428                   /usr/lib/jvm/java-9-openjdk-amd64/lib/amd64/libawt.so
7feb04bcd000-7feb04dcc000 ---p 000a0000 08:01 17040428                   /usr/lib/jvm/java-9-openjdk-amd64/lib/amd64/libawt.so
7feb04dcc000-7feb04dcd000 r--p 0009f000 08:01 17040428                   /usr/lib/jvm/java-9-openjdk-amd64/lib/amd64/libawt.so
7feb04dcd000-7feb04dd8000 rw-p 000a0000 08:01 17040428                   /usr/lib/jvm/java-9-openjdk-amd64/lib/amd64/libawt.so
7feb04dd8000-7feb04dfd000 rw-p 00000000 00:00 0 
7feb04dfd000-7feb04dfe000 ---p 00000000 00:00 0 
7feb04dfe000-7feb04efe000 rw-p 00000000 00:00 0 
7feb04efe000-7feb04f02000 ---p 00000000 00:00 0 
7feb04f02000-7feb08000000 rw-p 00000000 00:00 0 
7feb08000000-7feb0831b000 rw-p 00000000 00:00 0 
7feb0831b000-7feb0c000000 ---p 00000000 00:00 0 
7feb0c000000-7feb0c116000 rw-p 00000000 00:00 0 
7feb0c116000-7feb10000000 ---p 00000000 00:00 0 
7feb10000000-7feb101f0000 rw-p 00000000 00:00 0 
7feb101f0000-7feb14000000 ---p 00000000 00:00 0 
7feb14000000-7feb143a2000 rw-p 00000000 00:00 0 
7feb143a2000-7feb18000000 ---p 00000000 00:00 0 
7feb18000000-7feb18021000 rw-p 00000000 00:00 0 
7feb18021000-7feb1c000000 ---p 00000000 00:00 0 
7feb1c000000-7feb1c021000 rw-p 00000000 00:00 0 
7feb1c021000-7feb20000000 ---p 00000000 00:00 0 
7feb20000000-7feb20021000 rw-p 00000000 00:00 0 
7feb20021000-7feb24000000 ---p 00000000 00:00 0 
7feb24000000-7feb24021000 rw-p 00000000 00:00 0 
7feb24021000-7feb28000000 ---p 00000000 00:00 0 
7feb28000000-7feb28021000 rw-p 00000000 00:00 0 
7feb28021000-7feb2c000000 ---p 00000000 00:00 0 
7feb2c000000-7feb2c021000 rw-p 00000000 00:00 0 
7feb2c021000-7feb30000000 ---p 00000000 00:00 0 
7feb3000f000-7feb30016000 r--s 00000000 08:01 22545836                   /var/cache/fontconfig/4be9850f182b35c1350b6bbf2e42601c-le64.cache-6
7feb30016000-7feb30018000 r--s 00000000 08:01 22545834                   /var/cache/fontconfig/30a99c4256905863f7aa12b5e873c27c-le64.cache-6
7feb30018000-7feb30019000 r--s 00000000 08:01 22544887                   /var/cache/fontconfig/087e1975ba9a574b140bb1df193bf770-le64.cache-6
7feb30019000-7feb3001d000 r--s 00000000 08:01 22545702                   /var/cache/fontconfig/6aa41aa22e18b8fa06a12da28ea9c28b-le64.cache-6
7feb3001d000-7feb30028000 r--s 00000000 08:01 22544913                   /var/cache/fontconfig/945677eb7aeaf62f1d50efc3fb3ec7d8-le64.cache-6
7feb30028000-7feb3002e000 r--s 00000000 08:01 22544894                   /var/cache/fontconfig/2cd17615ca594fa2959ae173292e504c-le64.cache-6
7feb3002e000-7feb3002f000 r--s 00000000 08:01 22544890                   /var/cache/fontconfig/0d8c3b2ac0904cb8a57a757ad11a4a08-le64.cache-6
7feb3002f000-7feb30033000 r--s 00000000 08:01 22544935                   /var/cache/fontconfig/de156ccd2eddbdc19d37a45b8b2aac9c-le64.cache-6
7feb30033000-7feb30048000 r--s 00000000 08:01 22544886                   /var/cache/fontconfig/04aabc0a78ac019cf9454389977116d2-le64.cache-6
7feb30048000-7feb30049000 r--s 00000000 08:01 22544892                   /var/cache/fontconfig/1ac9eb803944fde146138c791f5cc56a-le64.cache-6
7feb30049000-7feb30070000 r--s 00000000 08:01 22544888                   /var/cache/fontconfig/0bd3dc0958fa2205aaaa8ebb13e2872b-le64.cache-6
7feb30070000-7feb30074000 ---p 00000000 00:00 0 
7feb30074000-7feb30171000 rw-p 00000000 00:00 0 
7feb30171000-7feb30187000 r-xp 00000000 08:01 17040430                   /usr/lib/jvm/java-9-openjdk-amd64/lib/amd64/libnet.so
7feb30187000-7feb30386000 ---p 00016000 08:01 17040430                   /usr/lib/jvm/java-9-openjdk-amd64/lib/amd64/libnet.so
7feb30386000-7feb30387000 r--p 00015000 08:01 17040430                   /usr/lib/jvm/java-9-openjdk-amd64/lib/amd64/libnet.so
7feb30387000-7feb30388000 rw-p 00016000 08:01 17040430                   /usr/lib/jvm/java-9-openjdk-amd64/lib/amd64/libnet.so
7feb30388000-7feb30399000 r-xp 00000000 08:01 17040457                   /usr/lib/jvm/java-9-openjdk-amd64/lib/amd64/libnio.so
7feb30399000-7feb30599000 ---p 00011000 08:01 17040457                   /usr/lib/jvm/java-9-openjdk-amd64/lib/amd64/libnio.so
7feb30599000-7feb3059a000 r--p 00011000 08:01 17040457                   /usr/lib/jvm/java-9-openjdk-amd64/lib/amd64/libnio.so
7feb3059a000-7feb3059b000 rw-p 00012000 08:01 17040457                   /usr/lib/jvm/java-9-openjdk-amd64/lib/amd64/libnio.so
7feb3059b000-7feb3059f000 ---p 00000000 00:00 0 
7feb3059f000-7feb3069c000 rw-p 00000000 00:00 0 
7feb3069c000-7feb306a0000 ---p 00000000 00:00 0 
7feb306a0000-7feb3079d000 rw-p 00000000 00:00 0 
7feb3079d000-7feb307a1000 ---p 00000000 00:00 0 
7feb307a1000-7feb3089e000 rw-p 00000000 00:00 0 
7feb3089e000-7feb308a2000 ---p 00000000 00:00 0 
7feb308a2000-7feb3099f000 rw-p 00000000 00:00 0 
7feb3099f000-7feb309a3000 ---p 00000000 00:00 0 
7feb309a3000-7feb30aa0000 rw-p 00000000 00:00 0 
7feb30aa0000-7feb30aa4000 ---p 00000000 00:00 0 
7feb30aa4000-7feb30ba1000 rw-p 00000000 00:00 0 
7feb30ba1000-7feb30ba5000 ---p 00000000 00:00 0 
7feb30ba5000-7feb30ca2000 rw-p 00000000 00:00 0 
7feb30ca2000-7feb310f9000 r--p 00000000 08:01 16522275                   /usr/lib/locale/locale-archive
7feb310f9000-7feb310fd000 ---p 00000000 00:00 0 
7feb310fd000-7feb311fa000 rw-p 00000000 00:00 0 
7feb311fa000-7feb311fe000 ---p 00000000 00:00 0 
7feb311fe000-7feb312fb000 rw-p 00000000 00:00 0 
7feb312fb000-7feb312fc000 ---p 00000000 00:00 0 
7feb312fc000-7feb31bfc000 rw-p 00000000 00:00 0 
7feb31bfc000-7feb34000000 rw-p 00000000 00:00 0 
7feb34000000-7feb34021000 rw-p 00000000 00:00 0 
7feb34021000-7feb38000000 ---p 00000000 00:00 0 
7feb38000000-7feb38021000 rw-p 00000000 00:00 0 
7feb38021000-7feb3c000000 ---p 00000000 00:00 0 
7feb3c000000-7feb3c021000 rw-p 00000000 00:00 0 
7feb3c021000-7feb40000000 ---p 00000000 00:00 0 
7feb40000000-7feb40021000 rw-p 00000000 00:00 0 
7feb40021000-7feb44000000 ---p 00000000 00:00 0 
7feb44000000-7feb44021000 rw-p 00000000 00:00 0 
7feb44021000-7feb48000000 ---p 00000000 00:00 0 
7feb48000000-7feb48021000 rw-p 00000000 00:00 0 
7feb48021000-7feb4c000000 ---p 00000000 00:00 0 
7feb4c000000-7feb4c021000 rw-p 00000000 00:00 0 
7feb4c021000-7feb50000000 ---p 00000000 00:00 0 
7feb50000000-7feb50021000 rw-p 00000000 00:00 0 
7feb50021000-7feb54000000 ---p 00000000 00:00 0 
7feb54000000-7feb54021000 rw-p 00000000 00:00 0 
7feb54021000-7feb58000000 ---p 00000000 00:00 0 
7feb58000000-7feb58021000 rw-p 00000000 00:00 0 
7feb58021000-7feb5c000000 ---p 00000000 00:00 0 
7feb5c000000-7feb5c021000 rw-p 00000000 00:00 0 
7feb5c021000-7feb60000000 ---p 00000000 00:00 0 
7feb60000000-7feb60021000 rw-p 00000000 00:00 0 
7feb60021000-7feb64000000 ---p 00000000 00:00 0 
7feb64000000-7feb64021000 rw-p 00000000 00:00 0 
7feb64021000-7feb68000000 ---p 00000000 00:00 0 
7feb68000000-7feb68021000 rw-p 00000000 00:00 0 
7feb68021000-7feb6c000000 ---p 00000000 00:00 0 
7feb6c000000-7feb6c021000 rw-p 00000000 00:00 0 
7feb6c021000-7feb70000000 ---p 00000000 00:00 0 
7feb70000000-7feb70021000 rw-p 00000000 00:00 0 
7feb70021000-7feb74000000 ---p 00000000 00:00 0 
7feb74000000-7feb74021000 rw-p 00000000 00:00 0 
7feb74021000-7feb78000000 ---p 00000000 00:00 0 
7feb78000000-7feb78021000 rw-p 00000000 00:00 0 
7feb78021000-7feb7c000000 ---p 00000000 00:00 0 
7feb7c000000-7feb7c021000 rw-p 00000000 00:00 0 
7feb7c021000-7feb80000000 ---p 00000000 00:00 0 
7feb80000000-7feb80001000 r--s 00000000 08:01 22545833                   /var/cache/fontconfig/b95bc8ffbebda2bbdae4265e45b8178d-le64.cache-6
7feb80001000-7feb80005000 r--s 00000000 08:01 22544898                   /var/cache/fontconfig/385c0604a188198f04d133e54aba7fe7-le64.cache-6
7feb80005000-7feb80006000 r--s 00000000 08:01 22545832                   /var/cache/fontconfig/9c956a7723ca69a44b382d9179c9802f-le64.cache-6
7feb80006000-7feb80007000 r--s 00000000 08:01 22544934                   /var/cache/fontconfig/dc05db6664285cc2f12bf69c139ae4c3-le64.cache-6
7feb80007000-7feb80008000 r--s 00000000 08:01 22545829                   /var/cache/fontconfig/5d1cca7074f29429a8d18692746c2426-le64.cache-6
7feb80008000-7feb8000b000 r--s 00000000 08:01 22544908                   /var/cache/fontconfig/767a8244fc0220cfb567a839d0392e0b-le64.cache-6
7feb8000b000-7feb8000c000 r--s 00000000 08:01 22555109                   /var/cache/fontconfig/4794a0821666d79190d59a36cb4f44b5-le64.cache-6
7feb8000c000-7feb8000d000 r--s 00000000 08:01 22545828                   /var/cache/fontconfig/9eae20f1ff8cc0a7d125749e875856bd-le64.cache-6
7feb8000d000-7feb80010000 r--s 00000000 08:01 22545826                   /var/cache/fontconfig/bf2c1853a9e9b00bb02fe2e9bcf1e201-le64.cache-6
7feb80010000-7feb80015000 r--s 00000000 08:01 22544911                   /var/cache/fontconfig/8801497958630a81b71ace7c5f9b32a8-le64.cache-6
7feb80015000-7feb80019000 r--s 00000000 08:01 22544923                   /var/cache/fontconfig/c57959a16110560c8d0fcea73374aeeb-le64.cache-6
7feb80019000-7feb8001a000 r--s 00000000 08:01 22544919                   /var/cache/fontconfig/bab58bb527bb656aaa9f116d68a48d89-le64.cache-6
7feb8001a000-7feb80021000 r--s 00000000 08:01 22544895                   /var/cache/fontconfig/3047814df9a2f067bd2d96a2b9c36e5a-le64.cache-6
7feb80021000-7feb80029000 r--s 00000000 08:01 22544920                   /var/cache/fontconfig/bf3b770c553c462765856025a94f1ce6-le64.cache-6
7feb80029000-7feb8002a000 r--s 00000000 08:01 22544902                   /var/cache/fontconfig/56cf4f4769d0f4abc89a4895d7bd3ae1-le64.cache-6
7feb8002a000-7feb8002b000 r--s 00000000 08:01 22544918                   /var/cache/fontconfig/b9d506c9ac06c20b433354fa67a72993-le64.cache-6
7feb8002b000-7feb80031000 r--s 00000000 08:01 22544917                   /var/cache/fontconfig/b47c4e1ecd0709278f4910c18777a504-le64.cache-6
7feb80031000-7feb80034000 r--s 00000000 08:01 22545825                   /var/cache/fontconfig/14d493b97896515cad3840ba4896e372-le64.cache-6
7feb80034000-7feb8003c000 r--s 00000000 08:01 22544928                   /var/cache/fontconfig/ce677e824a231659fde4a3a246a10ea3-le64.cache-6
7feb8003c000-7feb8003f000 r--s 00000000 08:01 22545824                   /var/cache/fontconfig/e49e89034d371f0f9de17aab02136486-le64.cache-6
7feb8003f000-7feb80041000 r--s 00000000 08:01 22545822                   /var/cache/fontconfig/4b14b093aebc79c320de5e86ae1d3314-le64.cache-6
7feb80041000-7feb80042000 r--s 00000000 08:01 22545821                   /var/cache/fontconfig/8aec10f4cc8391dcef22ca549f1e4354-le64.cache-6
7feb80042000-7feb80055000 r--s 00000000 08:01 22544931                   /var/cache/fontconfig/d52a8644073d54c13679302ca1180695-le64.cache-6
7feb80055000-7feb80056000 r--s 00000000 08:01 22544901                   /var/cache/fontconfig/551ecf3b0e8b0bca0f25c0944f561853-le64.cache-6
7feb80056000-7feb80057000 r--s 00000000 08:01 22544912                   /var/cache/fontconfig/8a687c406b77f27d99abfeeba937fcce-le64.cache-6
7feb80057000-7feb8005c000 r--s 00000000 08:01 22545820                   /var/cache/fontconfig/75ad6aa2358a85f0de2c8ee4837e8227-le64.cache-6
7feb8005c000-7feb8005d000 r--s 00000000 08:01 22545818                   /var/cache/fontconfig/ac2cf712d852da827a87a9baf682f5b9-le64.cache-6
7feb8005d000-7feb8005f000 r--s 00000000 08:01 22545817                   /var/cache/fontconfig/65f976e5259cbe6dc7697b8648396239-le64.cache-6
7feb8005f000-7feb8006a000 r--s 00000000 08:01 22544932                   /var/cache/fontconfig/d589a48862398ed80a3d6066f4f56f4c-le64.cache-6
7feb8006a000-7feb8006e000 r--s 00000000 08:01 22545816                   /var/cache/fontconfig/246184dc75a16901ca37d96895904249-le64.cache-6
7feb8006e000-7feb8006f000 r--s 00000000 08:01 22545814                   /var/cache/fontconfig/94f7fe9bd33aadfac165873bd010d595-le64.cache-6
7feb8006f000-7feb80071000 r--s 00000000 08:01 22545813                   /var/cache/fontconfig/423767150eb258c59035de29db6fca84-le64.cache-6
7feb80071000-7feb80072000 r--s 00000000 08:01 22545812                   /var/cache/fontconfig/845c20fd2c4814bcec78e05d37a63ccc-le64.cache-6
7feb80072000-7feb80073000 r--s 00000000 08:01 22545810                   /var/cache/fontconfig/e7de81b01590fb7e12b38e274e17d0db-le64.cache-6
7feb80073000-7feb80074000 r--s 00000000 08:01 22545809                   /var/cache/fontconfig/406a1d2d2bf3ed7664fbadefac0b2f66-le64.cache-6
7feb80074000-7feb80076000 r--s 00000000 08:01 22545808                   /var/cache/fontconfig/67709b7835c0f764c1135060c9575660-le64.cache-6
7feb80076000-7feb80077000 r--s 00000000 08:01 22544896                   /var/cache/fontconfig/30829fa25452a46451e813d634d7f916-le64.cache-6
7feb80077000-7feb80085000 r--s 00000000 08:01 22545806                   /var/cache/fontconfig/198d8fcf01c96d0cf813f74fd759bdb7-le64.cache-6
7feb80085000-7feb80088000 r--s 00000000 08:01 22544907                   /var/cache/fontconfig/75114ca45c98e8a441da0ff356701271-le64.cache-6
7feb80088000-7feb80093000 r--s 00000000 08:01 22544910                   /var/cache/fontconfig/83bf95040141907cd45bb53cf7c1c148-le64.cache-6
7feb80093000-7feb800a5000 r--s 00000000 08:01 22544915                   /var/cache/fontconfig/9b89f8e3dae116d678bbf48e5f21f69b-le64.cache-6
7feb800a5000-7feb800ae000 r--s 00000000 08:01 22544929                   /var/cache/fontconfig/d0972c3d32f097851eb916381fc38920-le64.cache-6
7feb800ae000-7feb800b5000 r--s 00000000 08:01 22545802                   /var/cache/fontconfig/53d14c92082a93e67d5078324eb314ca-le64.cache-6
7feb800b5000-7feb800b9000 r--s 00000000 08:01 22545801                   /var/cache/fontconfig/6c08beecf0dac481ec92e759e0c2e6d7-le64.cache-6
7feb800b9000-7feb800bd000 r--s 00000000 08:01 22545800                   /var/cache/fontconfig/4d6aee6d44eccb37054d3216e945f618-le64.cache-6
7feb800bd000-7feb800c1000 r--s 00000000 08:01 22545798                   /var/cache/fontconfig/d6c6df98c3df5faf9bd0f8ef4d91efe5-le64.cache-6
7feb800c1000-7feb804c5000 rw-p 00000000 00:00 0 
7feb804c5000-7feb804c6000 ---p 00000000 00:00 0 
7feb804c6000-7feb805c6000 rw-p 00000000 00:00 0 
7feb805c6000-7feb805c7000 ---p 00000000 00:00 0 
7feb805c7000-7feb806c7000 rw-p 00000000 00:00 0 
7feb806c7000-7feb806c8000 ---p 00000000 00:00 0 
7feb806c8000-7feb80b38000 rw-p 00000000 00:00 0 
7feb80b38000-7feb80f98000 ---p 00000000 00:00 0 
7feb80f98000-7feb81308000 rw-p 00000000 00:00 0 
7feb81308000-7feb81768000 ---p 00000000 00:00 0 
7feb81768000-7feb817d6000 rw-p 00000000 00:00 0 
7feb817d6000-7feb81862000 ---p 00000000 00:00 0 
7feb81862000-7feb818d0000 rw-p 00000000 00:00 0 
7feb818d0000-7feb81a56000 ---p 00000000 00:00 0 
7feb81a56000-7feb81ac4000 rw-p 00000000 00:00 0 
7feb81ac4000-7feb81b50000 ---p 00000000 00:00 0 
7feb81b50000-7feb81b51000 ---p 00000000 00:00 0 
7feb81b51000-7feb81c51000 rw-p 00000000 00:00 0 
7feb81c51000-7feb81ec1000 rwxp 00000000 00:00 0 
7feb81ec1000-7feb821e2000 ---p 00000000 00:00 0 
7feb821e2000-7feb82452000 rwxp 00000000 00:00 0 
7feb82452000-7feb89719000 ---p 00000000 00:00 0 
7feb89719000-7feb89989000 rwxp 00000000 00:00 0 
7feb89989000-7feb90c51000 ---p 00000000 00:00 0 
7feb90c51000-7feb98000000 r--s 00000000 08:01 16911181                   /usr/lib/jvm/java-9-openjdk-amd64/lib/modules
7feb98000000-7feb987b1000 rw-p 00000000 00:00 0 
7feb987b1000-7feb9c000000 ---p 00000000 00:00 0 
7feb9c000000-7feb9c002000 r--s 00000000 08:01 22545805                   /var/cache/fontconfig/6e6b34ae150a7ad95e82fb4a522f0bda-le64.cache-6
7feb9c002000-7feb9c015000 r--s 00000000 08:01 22545794                   /var/cache/fontconfig/4ac51e5cfbc76fc3f983e470323a16d3-le64.cache-6
7feb9c015000-7feb9c08b000 rw-p 00000000 00:00 0 
7feb9c08b000-7feb9c08c000 ---p 00000000 00:00 0 
7feb9c08c000-7feb9c18c000 rw-p 00000000 00:00 0 
7feb9c18c000-7feb9c18d000 ---p 00000000 00:00 0 
7feb9c18d000-7feb9c28d000 rw-p 00000000 00:00 0 
7feb9c28d000-7feb9c28e000 ---p 00000000 00:00 0 
7feb9c28e000-7feb9c38e000 rw-p 00000000 00:00 0 
7feb9c38e000-7feb9c38f000 ---p 00000000 00:00 0 
7feb9c38f000-7feb9c48f000 rw-p 00000000 00:00 0 
7feb9c48f000-7feb9c490000 ---p 00000000 00:00 0 
7feb9c490000-7feb9c590000 rw-p 00000000 00:00 0 
7feb9c590000-7feb9c591000 ---p 00000000 00:00 0 
7feb9c591000-7feb9c691000 rw-p 00000000 00:00 0 
7feb9c691000-7feb9c692000 ---p 00000000 00:00 0 
7feb9c692000-7feb9c792000 rw-p 00000000 00:00 0 
7feb9c792000-7feb9c793000 ---p 00000000 00:00 0 
7feb9c793000-7feb9d09b000 rw-p 00000000 00:00 0 
7feb9d09b000-7feb9d09c000 ---p 00000000 00:00 0 
7feb9d09c000-7feb9d19c000 rw-p 00000000 00:00 0 
7feb9d19c000-7feb9d19d000 ---p 00000000 00:00 0 
7feb9d19d000-7feb9d29d000 rw-p 00000000 00:00 0 
7feb9d29d000-7feb9d29e000 ---p 00000000 00:00 0 
7feb9d29e000-7feb9d39e000 rw-p 00000000 00:00 0 
7feb9d39e000-7feb9d39f000 ---p 00000000 00:00 0 
7feb9d39f000-7feb9d49f000 rw-p 00000000 00:00 0 
7feb9d49f000-7feb9d4a0000 ---p 00000000 00:00 0 
7feb9d4a0000-7feb9d5a0000 rw-p 00000000 00:00 0 
7feb9d5a0000-7feb9d5a1000 ---p 00000000 00:00 0 
7feb9d5a1000-7feb9d6a1000 rw-p 00000000 00:00 0 
7feb9d6a1000-7feb9d6a2000 ---p 00000000 00:00 0 
7feb9d6a2000-7feb9d7a2000 rw-p 00000000 00:00 0 
7feb9d7a2000-7feb9d7a3000 ---p 00000000 00:00 0 
7feb9d7a3000-7feb9d8a8000 rw-p 00000000 00:00 0 
7feb9d8a8000-7feb9d98e000 ---p 00000000 00:00 0 
7feb9d98e000-7feb9d993000 rw-p 00000000 00:00 0 
7feb9d993000-7feb9da79000 ---p 00000000 00:00 0 
7feb9da79000-7feb9da7e000 r-xp 00000000 08:01 17040444                   /usr/lib/jvm/java-9-openjdk-amd64/lib/amd64/libjimage.so
7feb9da7e000-7feb9dc7d000 ---p 00005000 08:01 17040444                   /usr/lib/jvm/java-9-openjdk-amd64/lib/amd64/libjimage.so
7feb9dc7d000-7feb9dc7e000 r--p 00004000 08:01 17040444                   /usr/lib/jvm/java-9-openjdk-amd64/lib/amd64/libjimage.so
7feb9dc7e000-7feb9dc7f000 rw-p 00005000 08:01 17040444                   /usr/lib/jvm/java-9-openjdk-amd64/lib/amd64/libjimage.so
7feb9dc7f000-7feb9dc86000 r-xp 00000000 08:01 17040440                   /usr/lib/jvm/java-9-openjdk-amd64/lib/amd64/libzip.so
7feb9dc86000-7feb9de85000 ---p 00007000 08:01 17040440                   /usr/lib/jvm/java-9-openjdk-amd64/lib/amd64/libzip.so
7feb9de85000-7feb9de86000 r--p 00006000 08:01 17040440                   /usr/lib/jvm/java-9-openjdk-amd64/lib/amd64/libzip.so
7feb9de86000-7feb9de87000 rw-p 00007000 08:01 17040440                   /usr/lib/jvm/java-9-openjdk-amd64/lib/amd64/libzip.so
7feb9de87000-7feb9de92000 r-xp 00000000 08:01 16782634                   /lib/x86_64-linux-gnu/libnss_files-2.23.so
7feb9de92000-7feb9e091000 ---p 0000b000 08:01 16782634                   /lib/x86_64-linux-gnu/libnss_files-2.23.so
7feb9e091000-7feb9e092000 r--p 0000a000 08:01 16782634                   /lib/x86_64-linux-gnu/libnss_files-2.23.so
7feb9e092000-7feb9e093000 rw-p 0000b000 08:01 16782634                   /lib/x86_64-linux-gnu/libnss_files-2.23.so
7feb9e093000-7feb9e099000 rw-p 00000000 00:00 0 
7feb9e099000-7feb9e0a4000 r-xp 00000000 08:01 16782627                   /lib/x86_64-linux-gnu/libnss_nis-2.23.so
7feb9e0a4000-7feb9e2a3000 ---p 0000b000 08:01 16782627                   /lib/x86_64-linux-gnu/libnss_nis-2.23.so
7feb9e2a3000-7feb9e2a4000 r--p 0000a000 08:01 16782627                   /lib/x86_64-linux-gnu/libnss_nis-2.23.so
7feb9e2a4000-7feb9e2a5000 rw-p 0000b000 08:01 16782627                   /lib/x86_64-linux-gnu/libnss_nis-2.23.so
7feb9e2a5000-7feb9e2bb000 r-xp 00000000 08:01 16782632                   /lib/x86_64-linux-gnu/libnsl-2.23.so
7feb9e2bb000-7feb9e4ba000 ---p 00016000 08:01 16782632                   /lib/x86_64-linux-gnu/libnsl-2.23.so
7feb9e4ba000-7feb9e4bb000 r--p 00015000 08:01 16782632                   /lib/x86_64-linux-gnu/libnsl-2.23.so
7feb9e4bb000-7feb9e4bc000 rw-p 00016000 08:01 16782632                   /lib/x86_64-linux-gnu/libnsl-2.23.so
7feb9e4bc000-7feb9e4be000 rw-p 00000000 00:00 0 
7feb9e4be000-7feb9e4c6000 r-xp 00000000 08:01 16782638                   /lib/x86_64-linux-gnu/libnss_compat-2.23.so
7feb9e4c6000-7feb9e6c5000 ---p 00008000 08:01 16782638                   /lib/x86_64-linux-gnu/libnss_compat-2.23.so
7feb9e6c5000-7feb9e6c6000 r--p 00007000 08:01 16782638                   /lib/x86_64-linux-gnu/libnss_compat-2.23.so
7feb9e6c6000-7feb9e6c7000 rw-p 00008000 08:01 16782638                   /lib/x86_64-linux-gnu/libnss_compat-2.23.so
7feb9e6c7000-7feb9e6f2000 r-xp 00000000 08:01 17040423                   /usr/lib/jvm/java-9-openjdk-amd64/lib/amd64/libjava.so
7feb9e6f2000-7feb9e8f1000 ---p 0002b000 08:01 17040423                   /usr/lib/jvm/java-9-openjdk-amd64/lib/amd64/libjava.so
7feb9e8f1000-7feb9e8f2000 r--p 0002a000 08:01 17040423                   /usr/lib/jvm/java-9-openjdk-amd64/lib/amd64/libjava.so
7feb9e8f2000-7feb9e8f4000 rw-p 0002b000 08:01 17040423                   /usr/lib/jvm/java-9-openjdk-amd64/lib/amd64/libjava.so
7feb9e8f4000-7feb9e901000 r-xp 00000000 08:01 17040424                   /usr/lib/jvm/java-9-openjdk-amd64/lib/amd64/libverify.so
7feb9e901000-7feb9eb00000 ---p 0000d000 08:01 17040424                   /usr/lib/jvm/java-9-openjdk-amd64/lib/amd64/libverify.so
7feb9eb00000-7feb9eb02000 r--p 0000c000 08:01 17040424                   /usr/lib/jvm/java-9-openjdk-amd64/lib/amd64/libverify.so
7feb9eb02000-7feb9eb03000 rw-p 0000e000 08:01 17040424                   /usr/lib/jvm/java-9-openjdk-amd64/lib/amd64/libverify.so
7feb9eb03000-7feb9eb0a000 r-xp 00000000 08:01 16779060                   /lib/x86_64-linux-gnu/librt-2.23.so
7feb9eb0a000-7feb9ed09000 ---p 00007000 08:01 16779060                   /lib/x86_64-linux-gnu/librt-2.23.so
7feb9ed09000-7feb9ed0a000 r--p 00006000 08:01 16779060                   /lib/x86_64-linux-gnu/librt-2.23.so
7feb9ed0a000-7feb9ed0b000 rw-p 00007000 08:01 16779060                   /lib/x86_64-linux-gnu/librt-2.23.so
7feb9ed0b000-7feb9ed21000 r-xp 00000000 08:01 16781818                   /lib/x86_64-linux-gnu/libgcc_s.so.1
7feb9ed21000-7feb9ef20000 ---p 00016000 08:01 16781818                   /lib/x86_64-linux-gnu/libgcc_s.so.1
7feb9ef20000-7feb9ef21000 rw-p 00015000 08:01 16781818                   /lib/x86_64-linux-gnu/libgcc_s.so.1
7feb9ef21000-7feb9f029000 r-xp 00000000 08:01 16782640                   /lib/x86_64-linux-gnu/libm-2.23.so
7feb9f029000-7feb9f228000 ---p 00108000 08:01 16782640                   /lib/x86_64-linux-gnu/libm-2.23.so
7feb9f228000-7feb9f229000 r--p 00107000 08:01 16782640                   /lib/x86_64-linux-gnu/libm-2.23.so
7feb9f229000-7feb9f22a000 rw-p 00108000 08:01 16782640                   /lib/x86_64-linux-gnu/libm-2.23.so
7feb9f22a000-7feb9f39c000 r-xp 00000000 08:01 16515618                   /usr/lib/x86_64-linux-gnu/libstdc++.so.6.0.21
7feb9f39c000-7feb9f59c000 ---p 00172000 08:01 16515618                   /usr/lib/x86_64-linux-gnu/libstdc++.so.6.0.21
7feb9f59c000-7feb9f5a6000 r--p 00172000 08:01 16515618                   /usr/lib/x86_64-linux-gnu/libstdc++.so.6.0.21
7feb9f5a6000-7feb9f5a8000 rw-p 0017c000 08:01 16515618                   /usr/lib/x86_64-linux-gnu/libstdc++.so.6.0.21
7feb9f5a8000-7feb9f5ac000 rw-p 00000000 00:00 0 
7feb9f5ac000-7feba040a000 r-xp 00000000 08:01 17040437                   /usr/lib/jvm/java-9-openjdk-amd64/lib/amd64/server/libjvm.so
7feba040a000-7feba060a000 ---p 00e5e000 08:01 17040437                   /usr/lib/jvm/java-9-openjdk-amd64/lib/amd64/server/libjvm.so
7feba060a000-7feba06bc000 r--p 00e5e000 08:01 17040437                   /usr/lib/jvm/java-9-openjdk-amd64/lib/amd64/server/libjvm.so
7feba06bc000-7feba06ee000 rw-p 00f10000 08:01 17040437                   /usr/lib/jvm/java-9-openjdk-amd64/lib/amd64/server/libjvm.so
7feba06ee000-7feba0733000 rw-p 00000000 00:00 0 
7feba0733000-7feba074b000 r-xp 00000000 08:01 16782624                   /lib/x86_64-linux-gnu/libpthread-2.23.so
7feba074b000-7feba094a000 ---p 00018000 08:01 16782624                   /lib/x86_64-linux-gnu/libpthread-2.23.so
7feba094a000-7feba094b000 r--p 00017000 08:01 16782624                   /lib/x86_64-linux-gnu/libpthread-2.23.so
7feba094b000-7feba094c000 rw-p 00018000 08:01 16782624                   /lib/x86_64-linux-gnu/libpthread-2.23.so
7feba094c000-7feba0950000 rw-p 00000000 00:00 0 
7feba0950000-7feba0953000 r-xp 00000000 08:01 16782622                   /lib/x86_64-linux-gnu/libdl-2.23.so
7feba0953000-7feba0b52000 ---p 00003000 08:01 16782622                   /lib/x86_64-linux-gnu/libdl-2.23.so
7feba0b52000-7feba0b53000 r--p 00002000 08:01 16782622                   /lib/x86_64-linux-gnu/libdl-2.23.so
7feba0b53000-7feba0b54000 rw-p 00003000 08:01 16782622                   /lib/x86_64-linux-gnu/libdl-2.23.so
7feba0b54000-7feba0b6d000 r-xp 00000000 08:01 16777452                   /lib/x86_64-linux-gnu/libz.so.1.2.8
7feba0b6d000-7feba0d6c000 ---p 00019000 08:01 16777452                   /lib/x86_64-linux-gnu/libz.so.1.2.8
7feba0d6c000-7feba0d6d000 r--p 00018000 08:01 16777452                   /lib/x86_64-linux-gnu/libz.so.1.2.8
7feba0d6d000-7feba0d6e000 rw-p 00019000 08:01 16777452                   /lib/x86_64-linux-gnu/libz.so.1.2.8
7feba0d6e000-7feba0f2e000 r-xp 00000000 08:01 16782637                   /lib/x86_64-linux-gnu/libc-2.23.so
7feba0f2e000-7feba112e000 ---p 001c0000 08:01 16782637                   /lib/x86_64-linux-gnu/libc-2.23.so
7feba112e000-7feba1132000 r--p 001c0000 08:01 16782637                   /lib/x86_64-linux-gnu/libc-2.23.so
7feba1132000-7feba1134000 rw-p 001c4000 08:01 16782637                   /lib/x86_64-linux-gnu/libc-2.23.so
7feba1134000-7feba1138000 rw-p 00000000 00:00 0 
7feba1138000-7feba1146000 r-xp 00000000 08:01 17040454                   /usr/lib/jvm/java-9-openjdk-amd64/lib/amd64/jli/libjli.so
7feba1146000-7feba1345000 ---p 0000e000 08:01 17040454                   /usr/lib/jvm/java-9-openjdk-amd64/lib/amd64/jli/libjli.so
7feba1345000-7feba1346000 r--p 0000d000 08:01 17040454                   /usr/lib/jvm/java-9-openjdk-amd64/lib/amd64/jli/libjli.so
7feba1346000-7feba1347000 rw-p 0000e000 08:01 17040454                   /usr/lib/jvm/java-9-openjdk-amd64/lib/amd64/jli/libjli.so
7feba1347000-7feba136d000 r-xp 00000000 08:01 16782623                   /lib/x86_64-linux-gnu/ld-2.23.so
7feba136d000-7feba136e000 r--s 00000000 08:01 22544889                   /var/cache/fontconfig/0c9eb80ebd1c36541ebe2852d3bb0c49-le64.cache-6
7feba136e000-7feba136f000 r--s 00000000 08:01 22545804                   /var/cache/fontconfig/3334a778d104e76d188e9df399bc24d2-le64.cache-6
7feba136f000-7feba1373000 r--s 00000000 08:01 22545797                   /var/cache/fontconfig/9fb319ef52839f11ee26ab8b4cffa12b-le64.cache-6
7feba1373000-7feba1375000 r--s 00000000 08:01 22545796                   /var/cache/fontconfig/43bfe21a9e1edebcf703d79ee2950b06-le64.cache-6
7feba1375000-7feba138b000 r--s 00000000 08:01 22545701                   /var/cache/fontconfig/e13b20fdb08344e0e664864cc2ede53d-le64.cache-6
7feba138b000-7feba13ac000 r--s 00000000 08:01 22545696                   /var/cache/fontconfig/467c019e582ee353435ea5c21d137ef6-le64.cache-6
7feba13ac000-7feba142f000 rw-p 00000000 00:00 0 
7feba142f000-7feba1433000 ---p 00000000 00:00 0 
7feba1433000-7feba1535000 rw-p 00000000 00:00 0 
7feba1535000-7feba1538000 r--s 00000000 08:01 22545793                   /var/cache/fontconfig/c19b55eb3b4c5b40ea175e31682068a5-le64.cache-6
7feba1538000-7feba1539000 r--s 00000000 08:01 22544921                   /var/cache/fontconfig/c277e94e32b20404286a1ddafa5a80f0-le64.cache-6
7feba1539000-7feba153d000 r--s 00000000 08:01 22545792                   /var/cache/fontconfig/3629f2adf904f9a612908891fae71ceb-le64.cache-6
7feba153d000-7feba1540000 r--s 00000000 08:01 22545700                   /var/cache/fontconfig/de83a0a961185c8bd1f159015d56c039-le64.cache-6
7feba1540000-7feba1545000 r--s 00000000 08:01 22544984                   /var/cache/fontconfig/7ef2298fde41cc6eeb7af42e48b7d293-le64.cache-6
7feba1545000-7feba1547000 r--s 00000000 08:01 22545699                   /var/cache/fontconfig/16326683038b281783a0ef8c680e3a10-le64.cache-6
7feba1547000-7feba1554000 r--s 00000000 08:01 22545698                   /var/cache/fontconfig/8f02d4cb045bd6ce15663e43f347c9f8-le64.cache-6
7feba1554000-7feba1555000 r--s 00000000 08:01 22545697                   /var/cache/fontconfig/e0aa53bcfa504e64f87823c16bc01eb6-le64.cache-6
7feba1555000-7feba155a000 rw-p 00000000 00:00 0 
7feba155a000-7feba1561000 ---p 00000000 00:00 0 
7feba1561000-7feba1569000 rw-s 00000000 08:01 56885410                   /tmp/hsperfdata_artem/17345
7feba1569000-7feba156a000 rw-p 00000000 00:00 0 
7feba156a000-7feba156b000 r--p 00000000 00:00 0 
7feba156b000-7feba156c000 rw-p 00000000 00:00 0 
7feba156c000-7feba156d000 r--p 00025000 08:01 16782623                   /lib/x86_64-linux-gnu/ld-2.23.so
7feba156d000-7feba156e000 rw-p 00026000 08:01 16782623                   /lib/x86_64-linux-gnu/ld-2.23.so
7feba156e000-7feba156f000 rw-p 00000000 00:00 0 
7fff9ceff000-7fff9cf21000 rw-p 00000000 00:00 0                          [stack]
7fff9cf5e000-7fff9cf60000 r--p 00000000 00:00 0                          [vvar]
7fff9cf60000-7fff9cf62000 r-xp 00000000 00:00 0                          [vdso]
ffffffffff600000-ffffffffff601000 r-xp 00000000 00:00 0                  [vsyscall]

VM Arguments:
jvm_args: -Xmx500m 
java_command: ij.ImageJ -ijpath /home/artem/.imagej -port1 /home/artem/testOF/downrigger_3_4/report/pic/fullView.png
java_class_path (initial): /usr/share/java/ij.jar
Launcher Type: SUN_STANDARD

Environment Variables:
PATH=/opt/ThirdParty-4.1/platforms/linux64Gcc/gperftools-svn/bin:/opt/paraviewopenfoam50/bin:/home/artem/OpenFOAM/artem-4.1/platforms/linux64GccDPInt32Opt/bin:/opt/site/4.1/platforms/linux64GccDPInt32Opt/bin:/opt/openfoam4/platforms/linux64GccDPInt32Opt/bin:/opt/openfoam4/bin:/opt/openfoam4/wmake:/usr/local/sbin:/usr/local/bin:/usr/sbin:/usr/bin:/sbin:/bin:/usr/games:/usr/local/games:/snap/bin
LD_LIBRARY_PATH=/opt/ThirdParty-4.1/platforms/linux64Gcc/gperftools-svn/lib:/opt/paraviewopenfoam50/lib/paraview-5.0:/opt/openfoam4/platforms/linux64GccDPInt32Opt/lib/openmpi-system:/opt/ThirdParty-4.1/platforms/linux64GccDPInt32/lib/openmpi-system:/usr/lib/openmpi/lib:/home/artem/OpenFOAM/artem-4.1/platforms/linux64GccDPInt32Opt/lib:/opt/site/4.1/platforms/linux64GccDPInt32Opt/lib:/opt/openfoam4/platforms/linux64GccDPInt32Opt/lib:/opt/ThirdParty-4.1/platforms/linux64GccDPInt32/lib:/opt/openfoam4/platforms/linux64GccDPInt32Opt/lib/dummy
SHELL=/bin/bash
DISPLAY=:0.0

Signal Handlers:
SIGSEGV: [libjvm.so+0xc12c20], sa_mask[0]=11111111011111111101111111111110, sa_flags=SA_RESTART|SA_SIGINFO
SIGBUS: [libjvm.so+0xc12c20], sa_mask[0]=11111111011111111101111111111110, sa_flags=SA_RESTART|SA_SIGINFO
SIGFPE: [libjvm.so+0xc12c20], sa_mask[0]=11111111011111111101111111111110, sa_flags=SA_RESTART|SA_SIGINFO
SIGPIPE: [libjvm.so+0xa3b600], sa_mask[0]=11111111011111111101111111111110, sa_flags=SA_RESTART|SA_SIGINFO
SIGXFSZ: [libjvm.so+0xa3b600], sa_mask[0]=11111111011111111101111111111110, sa_flags=SA_RESTART|SA_SIGINFO
SIGILL: [libjvm.so+0xc12c20], sa_mask[0]=11111111011111111101111111111110, sa_flags=SA_RESTART|SA_SIGINFO
SIGUSR2: [libjvm.so+0xa3b4a0], sa_mask[0]=00000000000000000000000000000000, sa_flags=SA_RESTART|SA_SIGINFO
SIGHUP: [libjvm.so+0xa3b870], sa_mask[0]=11111111011111111101111111111110, sa_flags=SA_RESTART|SA_SIGINFO
SIGINT: [libjvm.so+0xa3b870], sa_mask[0]=11111111011111111101111111111110, sa_flags=SA_RESTART|SA_SIGINFO
SIGTERM: [libjvm.so+0xa3b870], sa_mask[0]=11111111011111111101111111111110, sa_flags=SA_RESTART|SA_SIGINFO
SIGQUIT: [libjvm.so+0xa3b870], sa_mask[0]=11111111011111111101111111111110, sa_flags=SA_RESTART|SA_SIGINFO


---------------  S Y S T E M  ---------------

OS:DISTRIB_ID=Ubuntu
DISTRIB_RELEASE=16.04
DISTRIB_CODENAME=xenial
DISTRIB_DESCRIPTION="Ubuntu 16.04.6 LTS"
uname:Linux 4.10.0-35-generic #39~16.04.1-Ubuntu SMP Wed Sep 13 09:02:42 UTC 2017 x86_64
libc:glibc 2.23 NPTL 2.23 
rlimit: STACK 8192k, CORE 0k, NPROC 55879, NOFILE 1048576, AS infinity
load average:0,39 0,26 0,24

/proc/meminfo:
MemTotal:       14354948 kB
MemFree:         9949504 kB
MemAvailable:   11679268 kB
Buffers:          136036 kB
Cached:          1938896 kB
SwapCached:            0 kB
Active:          2765772 kB
Inactive:        1276420 kB
Active(anon):    1974044 kB
Inactive(anon):   152704 kB
Active(file):     791728 kB
Inactive(file):  1123716 kB
Unevictable:           0 kB
Mlocked:               0 kB
SwapTotal:        999420 kB
SwapFree:         999420 kB
Dirty:               672 kB
Writeback:             0 kB
AnonPages:       1946612 kB
Mapped:           770700 kB
Shmem:            158332 kB
Slab:             194712 kB
SReclaimable:     120024 kB
SUnreclaim:        74688 kB
KernelStack:       15648 kB
PageTables:        51992 kB
NFS_Unstable:          0 kB
Bounce:                0 kB
WritebackTmp:          0 kB
CommitLimit:     8176892 kB
Committed_AS:    6322608 kB
VmallocTotal:   34359738367 kB
VmallocUsed:           0 kB
VmallocChunk:          0 kB
HardwareCorrupted:     0 kB
AnonHugePages:    450560 kB
ShmemHugePages:        0 kB
ShmemPmdMapped:        0 kB
CmaTotal:              0 kB
CmaFree:               0 kB
HugePages_Total:       0
HugePages_Free:        0
HugePages_Rsvd:        0
HugePages_Surp:        0
Hugepagesize:       2048 kB
DirectMap4k:      260608 kB
DirectMap2M:    14409728 kB


CPU:total 8 (4 cores per cpu, 2 threads per core) family 6 model 26 stepping 5, cmov, cx8, fxsr, mmx, sse, sse2, sse3, ssse3, sse4.1, sse4.2, popcnt, ht, tsc, tscinvbit, tscinv

CPU Model and flags from /proc/cpuinfo:
model name	: Intel(R) Core(TM) i7 CPU         930  @ 2.80GHz
flags		: fpu vme de pse tsc msr pae mce cx8 apic sep mtrr pge mca cmov pat pse36 clflush dts acpi mmx fxsr sse sse2 ss ht tm pbe syscall nx rdtscp lm constant_tsc arch_perfmon pebs bts rep_good nopl xtopology nonstop_tsc aperfmperf pni dtes64 monitor ds_cpl vmx est tm2 ssse3 cx16 xtpr pdcm sse4_1 sse4_2 popcnt lahf_lm tpr_shadow vnmi flexpriority ept vpid dtherm ida

Memory: 4k page, physical 14354948k(9949504k free), swap 999420k(999420k free)

vm_info: OpenJDK 64-Bit Server VM (9-internal+0-2016-04-14-195246.buildd.src) for linux-amd64 JRE (9-internal+0-2016-04-14-195246.buildd.src), built on Apr 14 2016 20:05:37 by "buildd" with gcc 5.3.1 20160413

END.
