#
# A fatal error has been detected by the Java Runtime Environment:
#
#  SIGSEGV (0xb) at pc=0x00007fd9d46e7009, pid=13878, tid=13879
#
# JRE version: OpenJDK Runtime Environment (9.0) (build 9-internal+0-2016-04-14-195246.buildd.src)
# Java VM: OpenJDK 64-Bit Server VM (9-internal+0-2016-04-14-195246.buildd.src, mixed mode, tiered, compressed oops, g1 gc, linux-amd64)
# Problematic frame:
# C  [libjava.so+0x1d009]  JNU_GetEnv+0x19
#
# Core dump will be written. Default location: Core dumps may be processed with "/usr/share/apport/apport %p %s %c %d %P" (or dumping to /home/artem/testOF/downrigger/report/pic/core.13878)
#
# If you would like to submit a bug report, please visit:
#   http://bugreport.java.com/bugreport/crash.jsp
# The crash happened outside the Java Virtual Machine in native code.
# See problematic frame for where to report the bug.
#

---------------  S U M M A R Y ------------

Command Line: -Xmx500m ij.ImageJ -ijpath /home/artem/.imagej -port1 /home/artem/testOF/downrigger/report/pic/pic2.png

Host: Intel(R) Core(TM) i7 CPU         930  @ 2.80GHz, 8 cores, 13G, Ubuntu 16.04.6 LTS
Time: Sun Feb  2 15:53:46 2020 +05 elapsed time: 7 seconds (0d 0h 0m 7s)

---------------  T H R E A D  ---------------

Current thread (0x00007fd9d0011000):  JavaThread "main" [_thread_in_native, id=13879, stack(0x00007fd9d7433000,0x00007fd9d7534000)]

Stack: [0x00007fd9d7433000,0x00007fd9d7534000],  sp=0x00007fd9d75311b0,  free space=1016k
Native frames: (J=compiled Java code, j=interpreted, Vv=VM code, C=native code)
C  [libjava.so+0x1d009]  JNU_GetEnv+0x19
C  [libfontmanager.so+0x33f8e]
C  [libfreetype.so.6+0x14d2b]  FT_Stream_Seek+0x1b

Java frames: (J=compiled Java code, j=interpreted, Vv=VM code)
j  sun.font.FreetypeFontScaler.initNativeScaler(Lsun/font/Font2D;IIZI)J+0 java.desktop@9-internal
j  sun.font.FreetypeFontScaler.<init>(Lsun/font/Font2D;IZI)V+26 java.desktop@9-internal
v  ~StubRoutines::call_stub
j  sun.reflect.NativeConstructorAccessorImpl.newInstance0(Ljava/lang/reflect/Constructor;[Ljava/lang/Object;)Ljava/lang/Object;+0 java.base@9-internal
j  sun.reflect.NativeConstructorAccessorImpl.newInstance([Ljava/lang/Object;)Ljava/lang/Object;+85 java.base@9-internal
j  sun.reflect.DelegatingConstructorAccessorImpl.newInstance([Ljava/lang/Object;)Ljava/lang/Object;+5 java.base@9-internal
j  java.lang.reflect.Constructor.newInstance([Ljava/lang/Object;)Ljava/lang/Object;+65 java.base@9-internal
j  sun.font.FontScaler.getScaler(Lsun/font/Font2D;IZI)Lsun/font/FontScaler;+39 java.desktop@9-internal
j  sun.font.TrueTypeFont.getScaler()Lsun/font/FontScaler;+21 java.desktop@9-internal
j  sun.font.FileFontStrike.<init>(Lsun/font/FileFont;Lsun/font/FontStrikeDesc;)V+204 java.desktop@9-internal
j  sun.font.FileFont.createStrike(Lsun/font/FontStrikeDesc;)Lsun/font/FontStrike;+18 java.desktop@9-internal
j  sun.font.Font2D.getStrike(Lsun/font/FontStrikeDesc;Z)Lsun/font/FontStrike;+92 java.desktop@9-internal
j  sun.font.Font2D.getStrike(Lsun/font/FontStrikeDesc;)Lsun/font/FontStrike;+3 java.desktop@9-internal
j  sun.font.CompositeStrike.getStrikeForSlot(I)Lsun/font/PhysicalStrike;+23 java.desktop@9-internal
j  sun.font.CompositeStrike.getFontMetrics()Lsun/font/StrikeMetrics;+31 java.desktop@9-internal
j  sun.font.FontDesignMetrics.initMatrixAndMetrics()V+28 java.desktop@9-internal
j  sun.font.FontDesignMetrics.<init>(Ljava/awt/Font;Ljava/awt/font/FontRenderContext;)V+62 java.desktop@9-internal
j  sun.font.FontDesignMetrics.getMetrics(Ljava/awt/Font;Ljava/awt/font/FontRenderContext;)Lsun/font/FontDesignMetrics;+128 java.desktop@9-internal
j  sun.swing.SwingUtilities2.getFontMetrics(Ljavax/swing/JComponent;Ljava/awt/Font;)Ljava/awt/FontMetrics;+15 java.desktop@9-internal
j  javax.swing.JComponent.getFontMetrics(Ljava/awt/Font;)Ljava/awt/FontMetrics;+2 java.desktop@9-internal
j  javax.swing.plaf.basic.BasicLabelUI.getPreferredSize(Ljavax/swing/JComponent;)Ljava/awt/Dimension;+144 java.desktop@9-internal
j  javax.swing.JComponent.getPreferredSize()Ljava/awt/Dimension;+26 java.desktop@9-internal
j  java.awt.BorderLayout.preferredLayoutSize(Ljava/awt/Container;)Ljava/awt/Dimension;+157 java.desktop@9-internal
j  java.awt.Container.preferredSize()Ljava/awt/Dimension;+43 java.desktop@9-internal
j  java.awt.Container.getPreferredSize()Ljava/awt/Dimension;+1 java.desktop@9-internal
j  java.awt.BorderLayout.preferredLayoutSize(Ljava/awt/Container;)Ljava/awt/Dimension;+264 java.desktop@9-internal
j  java.awt.Container.preferredSize()Ljava/awt/Dimension;+43 java.desktop@9-internal
j  java.awt.Container.getPreferredSize()Ljava/awt/Dimension;+1 java.desktop@9-internal
j  java.awt.Window.pack()V+32 java.desktop@9-internal
j  ij.ImageJ.<init>(Ljava/applet/Applet;I)V+426
j  ij.ImageJ.main([Ljava/lang/String;)V+358
v  ~StubRoutines::call_stub

siginfo: si_signo: 11 (SIGSEGV), si_code: 1 (SEGV_MAPERR), si_addr: 0x0000000000000000

Register to memory mapping:

RAX=0x0000000000000000 is an unknown value
RBX=0x0000000000000000 is an unknown value
RCX=0x0000000000000000 is an unknown value
RDX=0x0000000000010002 is an unknown value
RSP=0x00007fd9d75311b0 is pointing into the stack for thread: 0x00007fd9d0011000
RBP=0x00007fd9d75311c0 is pointing into the stack for thread: 0x00007fd9d0011000
RSI=0x0000000000010002 is an unknown value
RDI=0x0000000000000000 is an unknown value
R8 =0x0000000000000000 is an unknown value
R9 =0x0000000000000000 is an unknown value
R10=0x00000000000001db is an unknown value
R11=0x00007fd9d46e6ff0: JNU_GetEnv+0x0000000000000000 in /usr/lib/jvm/java-9-openjdk-amd64/lib/amd64/libjava.so at 0x00007fd9d46ca000
R12=0x00007fd9d06f9580 is an unknown value
R13=0x0000000000000000 is an unknown value
R14=0x0000000000000000 is an unknown value
R15=0x00007fd9d0700550 is an unknown value


Registers:
RAX=0x0000000000000000, RBX=0x0000000000000000, RCX=0x0000000000000000, RDX=0x0000000000010002
RSP=0x00007fd9d75311b0, RBP=0x00007fd9d75311c0, RSI=0x0000000000010002, RDI=0x0000000000000000
R8 =0x0000000000000000, R9 =0x0000000000000000, R10=0x00000000000001db, R11=0x00007fd9d46e6ff0
R12=0x00007fd9d06f9580, R13=0x0000000000000000, R14=0x0000000000000000, R15=0x00007fd9d0700550
RIP=0x00007fd9d46e7009, EFLAGS=0x0000000000010246, CSGSFS=0x002b000000000033, ERR=0x0000000000000004
  TRAPNO=0x000000000000000e

Top of Stack: (sp=0x00007fd9d75311b0)
0x00007fd9d75311b0:   0000000000000000 b427893e2dc89d00
0x00007fd9d75311c0:   00007fd9d7531200 00007fd938a67f8e
0x00007fd9d75311d0:   00007fd9d06ff980 00007fd9d06f9580
0x00007fd9d75311e0:   0000000000000000 0000000000000000
0x00007fd9d75311f0:   00007fd9d06f9580 00007fd9d0700550
0x00007fd9d7531200:   0000000000000000 00007fd93879ed2b
0x00007fd9d7531210:   0000000000000000 00007fd938a30d80
0x00007fd9d7531220:   0000000000000000 00007fd9387b28e0
0x00007fd9d7531230:   0000000000000002 0000003200000008
0x00007fd9d7531240:   0000000000000000 0000000000000000
0x00007fd9d7531250:   0000006e0000005b 0000000000000000
0x00007fd9d7531260:   0000000000000000 0000007c00000077
0x00007fd9d7531270:   468b45f04e8b41d0 468b41e04e8b45e8
0x00007fd9d7531280:   000000006176616a 0000000000000000
0x00007fd9d7531290:   00000000ffff0000 00007fd9d0000020
0x00007fd9d75312a0:   0000000000000070 00007fd9d7531354
0x00007fd9d75312b0:   00007fd9d06ff980 00007fd9d0700550
0x00007fd9d75312c0:   00007fd9d7531354 00007fd9d6df5184
0x00007fd9d75312d0:   0000000000000004 00007fd9d7531304
0x00007fd9d75312e0:   00007fd938a2d9e0 b427893e2dc89d00
0x00007fd9d75312f0:   0000000000000070 00007fd9d06f9850
0x00007fd9d7531300:   00007fd938a2d9e0 00007fd9d7531418
0x00007fd9d7531310:   00007fd9d06ff980 00007fd9d0700550
0x00007fd9d7531320:   00007fd9d06f9880 00007fd9387a14c2
0x00007fd9d7531330:   0000000100000000 00007fd9d7531420
0x00007fd9d7531340:   0000000000000000 0000000000000000
0x00007fd9d7531350:   00000000d7531418 b427893e2dc89d00
0x00007fd9d7531360:   00007fd9d06f9850 00007fd9d7531420
0x00007fd9d7531370:   0000000000000000 00007fd9d06ff8a8
0x00007fd9d7531380:   00007fd9d7531620 00007fd9d06ff808
0x00007fd9d7531390:   00007fd9d06ff980 00007fd9387a3581
0x00007fd9d75313a0:   00007fd9d7531420 00007fd9387a3376 

Instructions: (pc=0x00007fd9d46e7009)
0x00007fd9d46e6fe9:   ff eb ea 0f 1f 40 00 55 89 f2 48 89 e5 48 83 ec
0x00007fd9d46e6ff9:   10 64 48 8b 04 25 28 00 00 00 48 89 45 f8 31 c0
0x00007fd9d46e7009:   48 8b 07 48 8d 75 f0 ff 50 30 48 8b 4d f8 64 48
0x00007fd9d46e7019:   33 0c 25 28 00 00 00 48 8b 45 f0 75 02 c9 c3 e8 


---------------  P R O C E S S  ---------------

Java Threads: ( => current thread )
  0x00007fd920001000 JavaThread "SeedGenerator Thread" daemon [_thread_blocked, id=13955, stack(0x00007fd90f8fd000,0x00007fd90f9fe000)]
  0x00007fd9d070f800 JavaThread "AWT-EventQueue-0" [_thread_blocked, id=13944, stack(0x00007fd90fbfe000,0x00007fd90fcff000)]
  0x00007fd9d0642800 JavaThread "AWT-Shutdown" [_thread_blocked, id=13943, stack(0x00007fd90feff000,0x00007fd910000000)]
  0x00007fd9d0535800 JavaThread "AWT-XAWT" daemon [_thread_in_native, id=13940, stack(0x00007fd938054000,0x00007fd938155000)]
  0x00007fd9d0510800 JavaThread "Java2D Disposer" daemon [_thread_blocked, id=13939, stack(0x00007fd9645a8000,0x00007fd9646a9000)]
  0x00007fd9d04b6800 JavaThread "GC Daemon" daemon [_thread_blocked, id=13937, stack(0x00007fd938efe000,0x00007fd938fff000)]
  0x00007fd9d04b2800 JavaThread "RMI Reaper" [_thread_blocked, id=13936, stack(0x00007fd964345000,0x00007fd964446000)]
  0x00007fd9d040c000 JavaThread "RMI TCP Accept-0" daemon [_thread_in_native, id=13935, stack(0x00007fd9644a7000,0x00007fd9645a8000)]
  0x00007fd9d03f9000 JavaThread "SeedGenerator Thread" daemon [_thread_in_Java, id=13913, stack(0x00007fd9646a9000,0x00007fd9647aa000)]
  0x00007fd9d0371000 JavaThread "Service Thread" daemon [_thread_blocked, id=13911, stack(0x00007fd965f6f000,0x00007fd966070000)]
  0x00007fd9d02e6800 JavaThread "Common-Cleaner" daemon [_thread_blocked, id=13910, stack(0x00007fd966070000,0x00007fd966171000)]
  0x00007fd9d02c6800 JavaThread "Sweeper thread" daemon [_thread_blocked, id=13909, stack(0x00007fd96659b000,0x00007fd96669c000)]
  0x00007fd9d02bc800 JavaThread "C1 CompilerThread3" daemon [_thread_blocked, id=13908, stack(0x00007fd96669c000,0x00007fd96679d000)]
  0x00007fd9d02ba800 JavaThread "C2 CompilerThread2" daemon [_thread_blocked, id=13907, stack(0x00007fd96679d000,0x00007fd96689e000)]
  0x00007fd9d02b8800 JavaThread "C2 CompilerThread1" daemon [_thread_blocked, id=13906, stack(0x00007fd96689e000,0x00007fd96699f000)]
  0x00007fd9d02b7000 JavaThread "C2 CompilerThread0" daemon [_thread_blocked, id=13905, stack(0x00007fd96699f000,0x00007fd966aa0000)]
  0x00007fd9d02b2800 JavaThread "Signal Dispatcher" daemon [_thread_blocked, id=13904, stack(0x00007fd966aa0000,0x00007fd966ba1000)]
  0x00007fd9d02b0800 JavaThread "Surrogate Locker Thread (Concurrent GC)" daemon [_thread_blocked, id=13903, stack(0x00007fd966ba1000,0x00007fd966ca2000)]
  0x00007fd9d029e000 JavaThread "Finalizer" daemon [_thread_blocked, id=13902, stack(0x00007fd9670f9000,0x00007fd9671fa000)]
  0x00007fd9d029a000 JavaThread "Reference Handler" daemon [_thread_blocked, id=13901, stack(0x00007fd9671fa000,0x00007fd9672fb000)]
=>0x00007fd9d0011000 JavaThread "main" [_thread_in_native, id=13879, stack(0x00007fd9d7433000,0x00007fd9d7534000)]

Other Threads:
  0x00007fd9d0290000 VMThread [stack: 0x00007fd9672fb000,0x00007fd9673fc000] [id=13900]
  0x00007fd9d0373800 WatcherThread [stack: 0x00007fd965e6e000,0x00007fd965f6f000] [id=13912]

Threads with active compile tasks:

VM state:not at safepoint (normal execution)

VM Mutex/Monitor currently owned by a thread: None

heap address: 0x00000000e0c00000, size: 500 MB, Compressed Oops mode: 32-bit
Narrow klass base: 0x0000000000000000, Narrow klass shift: 3
Compressed class space size: 1073741824 Address: 0x0000000100000000

Heap:
 garbage-first heap   total 225280K, used 11264K [0x00000000e0c00000, 0x00000000e0d006e0, 0x0000000100000000)
  region size 1024K, 12 young (12288K), 0 survivors (0K)
 Metaspace       used 14713K, capacity 15204K, committed 15360K, reserved 1062912K
  class space    used 1600K, capacity 1766K, committed 1792K, reserved 1048576K

Heap Regions: E=young(eden), S=young(survivor), O=old, HS=humongous(starts), HC=humongous(continues), CS=collection set, F=free, A=archive, TS=gc time stamp, AC=allocation context, TAMS=top-at-mark-start (previous, next)
|   0|0x00000000e0c00000, 0x00000000e0c00000, 0x00000000e0d00000|  0%| F|  |TS  0|AC  0|TAMS 0x00000000e0c00000, 0x00000000e0c00000|
|   1|0x00000000e0d00000, 0x00000000e0d00000, 0x00000000e0e00000|  0%| F|  |TS  0|AC  0|TAMS 0x00000000e0d00000, 0x00000000e0d00000|
|   2|0x00000000e0e00000, 0x00000000e0e00000, 0x00000000e0f00000|  0%| F|  |TS  0|AC  0|TAMS 0x00000000e0e00000, 0x00000000e0e00000|
|   3|0x00000000e0f00000, 0x00000000e0f00000, 0x00000000e1000000|  0%| F|  |TS  0|AC  0|TAMS 0x00000000e0f00000, 0x00000000e0f00000|
|   4|0x00000000e1000000, 0x00000000e1000000, 0x00000000e1100000|  0%| F|  |TS  0|AC  0|TAMS 0x00000000e1000000, 0x00000000e1000000|
|   5|0x00000000e1100000, 0x00000000e1100000, 0x00000000e1200000|  0%| F|  |TS  0|AC  0|TAMS 0x00000000e1100000, 0x00000000e1100000|
|   6|0x00000000e1200000, 0x00000000e1200000, 0x00000000e1300000|  0%| F|  |TS  0|AC  0|TAMS 0x00000000e1200000, 0x00000000e1200000|
|   7|0x00000000e1300000, 0x00000000e1300000, 0x00000000e1400000|  0%| F|  |TS  0|AC  0|TAMS 0x00000000e1300000, 0x00000000e1300000|
|   8|0x00000000e1400000, 0x00000000e1400000, 0x00000000e1500000|  0%| F|  |TS  0|AC  0|TAMS 0x00000000e1400000, 0x00000000e1400000|
|   9|0x00000000e1500000, 0x00000000e1500000, 0x00000000e1600000|  0%| F|  |TS  0|AC  0|TAMS 0x00000000e1500000, 0x00000000e1500000|
|  10|0x00000000e1600000, 0x00000000e1600000, 0x00000000e1700000|  0%| F|  |TS  0|AC  0|TAMS 0x00000000e1600000, 0x00000000e1600000|
|  11|0x00000000e1700000, 0x00000000e1700000, 0x00000000e1800000|  0%| F|  |TS  0|AC  0|TAMS 0x00000000e1700000, 0x00000000e1700000|
|  12|0x00000000e1800000, 0x00000000e1800000, 0x00000000e1900000|  0%| F|  |TS  0|AC  0|TAMS 0x00000000e1800000, 0x00000000e1800000|
|  13|0x00000000e1900000, 0x00000000e1900000, 0x00000000e1a00000|  0%| F|  |TS  0|AC  0|TAMS 0x00000000e1900000, 0x00000000e1900000|
|  14|0x00000000e1a00000, 0x00000000e1a00000, 0x00000000e1b00000|  0%| F|  |TS  0|AC  0|TAMS 0x00000000e1a00000, 0x00000000e1a00000|
|  15|0x00000000e1b00000, 0x00000000e1b00000, 0x00000000e1c00000|  0%| F|  |TS  0|AC  0|TAMS 0x00000000e1b00000, 0x00000000e1b00000|
|  16|0x00000000e1c00000, 0x00000000e1c00000, 0x00000000e1d00000|  0%| F|  |TS  0|AC  0|TAMS 0x00000000e1c00000, 0x00000000e1c00000|
|  17|0x00000000e1d00000, 0x00000000e1d00000, 0x00000000e1e00000|  0%| F|  |TS  0|AC  0|TAMS 0x00000000e1d00000, 0x00000000e1d00000|
|  18|0x00000000e1e00000, 0x00000000e1e00000, 0x00000000e1f00000|  0%| F|  |TS  0|AC  0|TAMS 0x00000000e1e00000, 0x00000000e1e00000|
|  19|0x00000000e1f00000, 0x00000000e1f00000, 0x00000000e2000000|  0%| F|  |TS  0|AC  0|TAMS 0x00000000e1f00000, 0x00000000e1f00000|
|  20|0x00000000e2000000, 0x00000000e2000000, 0x00000000e2100000|  0%| F|  |TS  0|AC  0|TAMS 0x00000000e2000000, 0x00000000e2000000|
|  21|0x00000000e2100000, 0x00000000e2100000, 0x00000000e2200000|  0%| F|  |TS  0|AC  0|TAMS 0x00000000e2100000, 0x00000000e2100000|
|  22|0x00000000e2200000, 0x00000000e2200000, 0x00000000e2300000|  0%| F|  |TS  0|AC  0|TAMS 0x00000000e2200000, 0x00000000e2200000|
|  23|0x00000000e2300000, 0x00000000e2300000, 0x00000000e2400000|  0%| F|  |TS  0|AC  0|TAMS 0x00000000e2300000, 0x00000000e2300000|
|  24|0x00000000e2400000, 0x00000000e2400000, 0x00000000e2500000|  0%| F|  |TS  0|AC  0|TAMS 0x00000000e2400000, 0x00000000e2400000|
|  25|0x00000000e2500000, 0x00000000e2500000, 0x00000000e2600000|  0%| F|  |TS  0|AC  0|TAMS 0x00000000e2500000, 0x00000000e2500000|
|  26|0x00000000e2600000, 0x00000000e2600000, 0x00000000e2700000|  0%| F|  |TS  0|AC  0|TAMS 0x00000000e2600000, 0x00000000e2600000|
|  27|0x00000000e2700000, 0x00000000e2700000, 0x00000000e2800000|  0%| F|  |TS  0|AC  0|TAMS 0x00000000e2700000, 0x00000000e2700000|
|  28|0x00000000e2800000, 0x00000000e2800000, 0x00000000e2900000|  0%| F|  |TS  0|AC  0|TAMS 0x00000000e2800000, 0x00000000e2800000|
|  29|0x00000000e2900000, 0x00000000e2900000, 0x00000000e2a00000|  0%| F|  |TS  0|AC  0|TAMS 0x00000000e2900000, 0x00000000e2900000|
|  30|0x00000000e2a00000, 0x00000000e2a00000, 0x00000000e2b00000|  0%| F|  |TS  0|AC  0|TAMS 0x00000000e2a00000, 0x00000000e2a00000|
|  31|0x00000000e2b00000, 0x00000000e2b00000, 0x00000000e2c00000|  0%| F|  |TS  0|AC  0|TAMS 0x00000000e2b00000, 0x00000000e2b00000|
|  32|0x00000000e2c00000, 0x00000000e2c00000, 0x00000000e2d00000|  0%| F|  |TS  0|AC  0|TAMS 0x00000000e2c00000, 0x00000000e2c00000|
|  33|0x00000000e2d00000, 0x00000000e2d00000, 0x00000000e2e00000|  0%| F|  |TS  0|AC  0|TAMS 0x00000000e2d00000, 0x00000000e2d00000|
|  34|0x00000000e2e00000, 0x00000000e2e00000, 0x00000000e2f00000|  0%| F|  |TS  0|AC  0|TAMS 0x00000000e2e00000, 0x00000000e2e00000|
|  35|0x00000000e2f00000, 0x00000000e2f00000, 0x00000000e3000000|  0%| F|  |TS  0|AC  0|TAMS 0x00000000e2f00000, 0x00000000e2f00000|
|  36|0x00000000e3000000, 0x00000000e3000000, 0x00000000e3100000|  0%| F|  |TS  0|AC  0|TAMS 0x00000000e3000000, 0x00000000e3000000|
|  37|0x00000000e3100000, 0x00000000e3100000, 0x00000000e3200000|  0%| F|  |TS  0|AC  0|TAMS 0x00000000e3100000, 0x00000000e3100000|
|  38|0x00000000e3200000, 0x00000000e3200000, 0x00000000e3300000|  0%| F|  |TS  0|AC  0|TAMS 0x00000000e3200000, 0x00000000e3200000|
|  39|0x00000000e3300000, 0x00000000e3300000, 0x00000000e3400000|  0%| F|  |TS  0|AC  0|TAMS 0x00000000e3300000, 0x00000000e3300000|
|  40|0x00000000e3400000, 0x00000000e3400000, 0x00000000e3500000|  0%| F|  |TS  0|AC  0|TAMS 0x00000000e3400000, 0x00000000e3400000|
|  41|0x00000000e3500000, 0x00000000e3500000, 0x00000000e3600000|  0%| F|  |TS  0|AC  0|TAMS 0x00000000e3500000, 0x00000000e3500000|
|  42|0x00000000e3600000, 0x00000000e3600000, 0x00000000e3700000|  0%| F|  |TS  0|AC  0|TAMS 0x00000000e3600000, 0x00000000e3600000|
|  43|0x00000000e3700000, 0x00000000e3700000, 0x00000000e3800000|  0%| F|  |TS  0|AC  0|TAMS 0x00000000e3700000, 0x00000000e3700000|
|  44|0x00000000e3800000, 0x00000000e3800000, 0x00000000e3900000|  0%| F|  |TS  0|AC  0|TAMS 0x00000000e3800000, 0x00000000e3800000|
|  45|0x00000000e3900000, 0x00000000e3900000, 0x00000000e3a00000|  0%| F|  |TS  0|AC  0|TAMS 0x00000000e3900000, 0x00000000e3900000|
|  46|0x00000000e3a00000, 0x00000000e3a00000, 0x00000000e3b00000|  0%| F|  |TS  0|AC  0|TAMS 0x00000000e3a00000, 0x00000000e3a00000|
|  47|0x00000000e3b00000, 0x00000000e3b00000, 0x00000000e3c00000|  0%| F|  |TS  0|AC  0|TAMS 0x00000000e3b00000, 0x00000000e3b00000|
|  48|0x00000000e3c00000, 0x00000000e3c00000, 0x00000000e3d00000|  0%| F|  |TS  0|AC  0|TAMS 0x00000000e3c00000, 0x00000000e3c00000|
|  49|0x00000000e3d00000, 0x00000000e3d00000, 0x00000000e3e00000|  0%| F|  |TS  0|AC  0|TAMS 0x00000000e3d00000, 0x00000000e3d00000|
|  50|0x00000000e3e00000, 0x00000000e3e00000, 0x00000000e3f00000|  0%| F|  |TS  0|AC  0|TAMS 0x00000000e3e00000, 0x00000000e3e00000|
|  51|0x00000000e3f00000, 0x00000000e3f00000, 0x00000000e4000000|  0%| F|  |TS  0|AC  0|TAMS 0x00000000e3f00000, 0x00000000e3f00000|
|  52|0x00000000e4000000, 0x00000000e4000000, 0x00000000e4100000|  0%| F|  |TS  0|AC  0|TAMS 0x00000000e4000000, 0x00000000e4000000|
|  53|0x00000000e4100000, 0x00000000e4100000, 0x00000000e4200000|  0%| F|  |TS  0|AC  0|TAMS 0x00000000e4100000, 0x00000000e4100000|
|  54|0x00000000e4200000, 0x00000000e4200000, 0x00000000e4300000|  0%| F|  |TS  0|AC  0|TAMS 0x00000000e4200000, 0x00000000e4200000|
|  55|0x00000000e4300000, 0x00000000e4300000, 0x00000000e4400000|  0%| F|  |TS  0|AC  0|TAMS 0x00000000e4300000, 0x00000000e4300000|
|  56|0x00000000e4400000, 0x00000000e4400000, 0x00000000e4500000|  0%| F|  |TS  0|AC  0|TAMS 0x00000000e4400000, 0x00000000e4400000|
|  57|0x00000000e4500000, 0x00000000e4500000, 0x00000000e4600000|  0%| F|  |TS  0|AC  0|TAMS 0x00000000e4500000, 0x00000000e4500000|
|  58|0x00000000e4600000, 0x00000000e4600000, 0x00000000e4700000|  0%| F|  |TS  0|AC  0|TAMS 0x00000000e4600000, 0x00000000e4600000|
|  59|0x00000000e4700000, 0x00000000e4700000, 0x00000000e4800000|  0%| F|  |TS  0|AC  0|TAMS 0x00000000e4700000, 0x00000000e4700000|
|  60|0x00000000e4800000, 0x00000000e4800000, 0x00000000e4900000|  0%| F|  |TS  0|AC  0|TAMS 0x00000000e4800000, 0x00000000e4800000|
|  61|0x00000000e4900000, 0x00000000e4900000, 0x00000000e4a00000|  0%| F|  |TS  0|AC  0|TAMS 0x00000000e4900000, 0x00000000e4900000|
|  62|0x00000000e4a00000, 0x00000000e4a00000, 0x00000000e4b00000|  0%| F|  |TS  0|AC  0|TAMS 0x00000000e4a00000, 0x00000000e4a00000|
|  63|0x00000000e4b00000, 0x00000000e4b00000, 0x00000000e4c00000|  0%| F|  |TS  0|AC  0|TAMS 0x00000000e4b00000, 0x00000000e4b00000|
|  64|0x00000000e4c00000, 0x00000000e4c00000, 0x00000000e4d00000|  0%| F|  |TS  0|AC  0|TAMS 0x00000000e4c00000, 0x00000000e4c00000|
|  65|0x00000000e4d00000, 0x00000000e4d00000, 0x00000000e4e00000|  0%| F|  |TS  0|AC  0|TAMS 0x00000000e4d00000, 0x00000000e4d00000|
|  66|0x00000000e4e00000, 0x00000000e4e00000, 0x00000000e4f00000|  0%| F|  |TS  0|AC  0|TAMS 0x00000000e4e00000, 0x00000000e4e00000|
|  67|0x00000000e4f00000, 0x00000000e4f00000, 0x00000000e5000000|  0%| F|  |TS  0|AC  0|TAMS 0x00000000e4f00000, 0x00000000e4f00000|
|  68|0x00000000e5000000, 0x00000000e5000000, 0x00000000e5100000|  0%| F|  |TS  0|AC  0|TAMS 0x00000000e5000000, 0x00000000e5000000|
|  69|0x00000000e5100000, 0x00000000e5100000, 0x00000000e5200000|  0%| F|  |TS  0|AC  0|TAMS 0x00000000e5100000, 0x00000000e5100000|
|  70|0x00000000e5200000, 0x00000000e5200000, 0x00000000e5300000|  0%| F|  |TS  0|AC  0|TAMS 0x00000000e5200000, 0x00000000e5200000|
|  71|0x00000000e5300000, 0x00000000e5300000, 0x00000000e5400000|  0%| F|  |TS  0|AC  0|TAMS 0x00000000e5300000, 0x00000000e5300000|
|  72|0x00000000e5400000, 0x00000000e5400000, 0x00000000e5500000|  0%| F|  |TS  0|AC  0|TAMS 0x00000000e5400000, 0x00000000e5400000|
|  73|0x00000000e5500000, 0x00000000e5500000, 0x00000000e5600000|  0%| F|  |TS  0|AC  0|TAMS 0x00000000e5500000, 0x00000000e5500000|
|  74|0x00000000e5600000, 0x00000000e5600000, 0x00000000e5700000|  0%| F|  |TS  0|AC  0|TAMS 0x00000000e5600000, 0x00000000e5600000|
|  75|0x00000000e5700000, 0x00000000e5700000, 0x00000000e5800000|  0%| F|  |TS  0|AC  0|TAMS 0x00000000e5700000, 0x00000000e5700000|
|  76|0x00000000e5800000, 0x00000000e5800000, 0x00000000e5900000|  0%| F|  |TS  0|AC  0|TAMS 0x00000000e5800000, 0x00000000e5800000|
|  77|0x00000000e5900000, 0x00000000e5900000, 0x00000000e5a00000|  0%| F|  |TS  0|AC  0|TAMS 0x00000000e5900000, 0x00000000e5900000|
|  78|0x00000000e5a00000, 0x00000000e5a00000, 0x00000000e5b00000|  0%| F|  |TS  0|AC  0|TAMS 0x00000000e5a00000, 0x00000000e5a00000|
|  79|0x00000000e5b00000, 0x00000000e5b00000, 0x00000000e5c00000|  0%| F|  |TS  0|AC  0|TAMS 0x00000000e5b00000, 0x00000000e5b00000|
|  80|0x00000000e5c00000, 0x00000000e5c00000, 0x00000000e5d00000|  0%| F|  |TS  0|AC  0|TAMS 0x00000000e5c00000, 0x00000000e5c00000|
|  81|0x00000000e5d00000, 0x00000000e5d00000, 0x00000000e5e00000|  0%| F|  |TS  0|AC  0|TAMS 0x00000000e5d00000, 0x00000000e5d00000|
|  82|0x00000000e5e00000, 0x00000000e5e00000, 0x00000000e5f00000|  0%| F|  |TS  0|AC  0|TAMS 0x00000000e5e00000, 0x00000000e5e00000|
|  83|0x00000000e5f00000, 0x00000000e5f00000, 0x00000000e6000000|  0%| F|  |TS  0|AC  0|TAMS 0x00000000e5f00000, 0x00000000e5f00000|
|  84|0x00000000e6000000, 0x00000000e6000000, 0x00000000e6100000|  0%| F|  |TS  0|AC  0|TAMS 0x00000000e6000000, 0x00000000e6000000|
|  85|0x00000000e6100000, 0x00000000e6100000, 0x00000000e6200000|  0%| F|  |TS  0|AC  0|TAMS 0x00000000e6100000, 0x00000000e6100000|
|  86|0x00000000e6200000, 0x00000000e6200000, 0x00000000e6300000|  0%| F|  |TS  0|AC  0|TAMS 0x00000000e6200000, 0x00000000e6200000|
|  87|0x00000000e6300000, 0x00000000e6300000, 0x00000000e6400000|  0%| F|  |TS  0|AC  0|TAMS 0x00000000e6300000, 0x00000000e6300000|
|  88|0x00000000e6400000, 0x00000000e6400000, 0x00000000e6500000|  0%| F|  |TS  0|AC  0|TAMS 0x00000000e6400000, 0x00000000e6400000|
|  89|0x00000000e6500000, 0x00000000e6500000, 0x00000000e6600000|  0%| F|  |TS  0|AC  0|TAMS 0x00000000e6500000, 0x00000000e6500000|
|  90|0x00000000e6600000, 0x00000000e6600000, 0x00000000e6700000|  0%| F|  |TS  0|AC  0|TAMS 0x00000000e6600000, 0x00000000e6600000|
|  91|0x00000000e6700000, 0x00000000e6700000, 0x00000000e6800000|  0%| F|  |TS  0|AC  0|TAMS 0x00000000e6700000, 0x00000000e6700000|
|  92|0x00000000e6800000, 0x00000000e6800000, 0x00000000e6900000|  0%| F|  |TS  0|AC  0|TAMS 0x00000000e6800000, 0x00000000e6800000|
|  93|0x00000000e6900000, 0x00000000e6900000, 0x00000000e6a00000|  0%| F|  |TS  0|AC  0|TAMS 0x00000000e6900000, 0x00000000e6900000|
|  94|0x00000000e6a00000, 0x00000000e6a00000, 0x00000000e6b00000|  0%| F|  |TS  0|AC  0|TAMS 0x00000000e6a00000, 0x00000000e6a00000|
|  95|0x00000000e6b00000, 0x00000000e6b00000, 0x00000000e6c00000|  0%| F|  |TS  0|AC  0|TAMS 0x00000000e6b00000, 0x00000000e6b00000|
|  96|0x00000000e6c00000, 0x00000000e6c00000, 0x00000000e6d00000|  0%| F|  |TS  0|AC  0|TAMS 0x00000000e6c00000, 0x00000000e6c00000|
|  97|0x00000000e6d00000, 0x00000000e6d00000, 0x00000000e6e00000|  0%| F|  |TS  0|AC  0|TAMS 0x00000000e6d00000, 0x00000000e6d00000|
|  98|0x00000000e6e00000, 0x00000000e6e00000, 0x00000000e6f00000|  0%| F|  |TS  0|AC  0|TAMS 0x00000000e6e00000, 0x00000000e6e00000|
|  99|0x00000000e6f00000, 0x00000000e6f00000, 0x00000000e7000000|  0%| F|  |TS  0|AC  0|TAMS 0x00000000e6f00000, 0x00000000e6f00000|
| 100|0x00000000e7000000, 0x00000000e7000000, 0x00000000e7100000|  0%| F|  |TS  0|AC  0|TAMS 0x00000000e7000000, 0x00000000e7000000|
| 101|0x00000000e7100000, 0x00000000e7100000, 0x00000000e7200000|  0%| F|  |TS  0|AC  0|TAMS 0x00000000e7100000, 0x00000000e7100000|
| 102|0x00000000e7200000, 0x00000000e7200000, 0x00000000e7300000|  0%| F|  |TS  0|AC  0|TAMS 0x00000000e7200000, 0x00000000e7200000|
| 103|0x00000000e7300000, 0x00000000e7300000, 0x00000000e7400000|  0%| F|  |TS  0|AC  0|TAMS 0x00000000e7300000, 0x00000000e7300000|
| 104|0x00000000e7400000, 0x00000000e7400000, 0x00000000e7500000|  0%| F|  |TS  0|AC  0|TAMS 0x00000000e7400000, 0x00000000e7400000|
| 105|0x00000000e7500000, 0x00000000e7500000, 0x00000000e7600000|  0%| F|  |TS  0|AC  0|TAMS 0x00000000e7500000, 0x00000000e7500000|
| 106|0x00000000e7600000, 0x00000000e7600000, 0x00000000e7700000|  0%| F|  |TS  0|AC  0|TAMS 0x00000000e7600000, 0x00000000e7600000|
| 107|0x00000000e7700000, 0x00000000e7700000, 0x00000000e7800000|  0%| F|  |TS  0|AC  0|TAMS 0x00000000e7700000, 0x00000000e7700000|
| 108|0x00000000e7800000, 0x00000000e7800000, 0x00000000e7900000|  0%| F|  |TS  0|AC  0|TAMS 0x00000000e7800000, 0x00000000e7800000|
| 109|0x00000000e7900000, 0x00000000e7900000, 0x00000000e7a00000|  0%| F|  |TS  0|AC  0|TAMS 0x00000000e7900000, 0x00000000e7900000|
| 110|0x00000000e7a00000, 0x00000000e7a00000, 0x00000000e7b00000|  0%| F|  |TS  0|AC  0|TAMS 0x00000000e7a00000, 0x00000000e7a00000|
| 111|0x00000000e7b00000, 0x00000000e7b00000, 0x00000000e7c00000|  0%| F|  |TS  0|AC  0|TAMS 0x00000000e7b00000, 0x00000000e7b00000|
| 112|0x00000000e7c00000, 0x00000000e7c00000, 0x00000000e7d00000|  0%| F|  |TS  0|AC  0|TAMS 0x00000000e7c00000, 0x00000000e7c00000|
| 113|0x00000000e7d00000, 0x00000000e7d00000, 0x00000000e7e00000|  0%| F|  |TS  0|AC  0|TAMS 0x00000000e7d00000, 0x00000000e7d00000|
| 114|0x00000000e7e00000, 0x00000000e7e00000, 0x00000000e7f00000|  0%| F|  |TS  0|AC  0|TAMS 0x00000000e7e00000, 0x00000000e7e00000|
| 115|0x00000000e7f00000, 0x00000000e7f00000, 0x00000000e8000000|  0%| F|  |TS  0|AC  0|TAMS 0x00000000e7f00000, 0x00000000e7f00000|
| 116|0x00000000e8000000, 0x00000000e8000000, 0x00000000e8100000|  0%| F|  |TS  0|AC  0|TAMS 0x00000000e8000000, 0x00000000e8000000|
| 117|0x00000000e8100000, 0x00000000e8100000, 0x00000000e8200000|  0%| F|  |TS  0|AC  0|TAMS 0x00000000e8100000, 0x00000000e8100000|
| 118|0x00000000e8200000, 0x00000000e8200000, 0x00000000e8300000|  0%| F|  |TS  0|AC  0|TAMS 0x00000000e8200000, 0x00000000e8200000|
| 119|0x00000000e8300000, 0x00000000e8300000, 0x00000000e8400000|  0%| F|  |TS  0|AC  0|TAMS 0x00000000e8300000, 0x00000000e8300000|
| 120|0x00000000e8400000, 0x00000000e8400000, 0x00000000e8500000|  0%| F|  |TS  0|AC  0|TAMS 0x00000000e8400000, 0x00000000e8400000|
| 121|0x00000000e8500000, 0x00000000e8500000, 0x00000000e8600000|  0%| F|  |TS  0|AC  0|TAMS 0x00000000e8500000, 0x00000000e8500000|
| 122|0x00000000e8600000, 0x00000000e8600000, 0x00000000e8700000|  0%| F|  |TS  0|AC  0|TAMS 0x00000000e8600000, 0x00000000e8600000|
| 123|0x00000000e8700000, 0x00000000e8700000, 0x00000000e8800000|  0%| F|  |TS  0|AC  0|TAMS 0x00000000e8700000, 0x00000000e8700000|
| 124|0x00000000e8800000, 0x00000000e8800000, 0x00000000e8900000|  0%| F|  |TS  0|AC  0|TAMS 0x00000000e8800000, 0x00000000e8800000|
| 125|0x00000000e8900000, 0x00000000e8900000, 0x00000000e8a00000|  0%| F|  |TS  0|AC  0|TAMS 0x00000000e8900000, 0x00000000e8900000|
| 126|0x00000000e8a00000, 0x00000000e8a00000, 0x00000000e8b00000|  0%| F|  |TS  0|AC  0|TAMS 0x00000000e8a00000, 0x00000000e8a00000|
| 127|0x00000000e8b00000, 0x00000000e8b00000, 0x00000000e8c00000|  0%| F|  |TS  0|AC  0|TAMS 0x00000000e8b00000, 0x00000000e8b00000|
| 128|0x00000000e8c00000, 0x00000000e8c00000, 0x00000000e8d00000|  0%| F|  |TS  0|AC  0|TAMS 0x00000000e8c00000, 0x00000000e8c00000|
| 129|0x00000000e8d00000, 0x00000000e8d00000, 0x00000000e8e00000|  0%| F|  |TS  0|AC  0|TAMS 0x00000000e8d00000, 0x00000000e8d00000|
| 130|0x00000000e8e00000, 0x00000000e8e00000, 0x00000000e8f00000|  0%| F|  |TS  0|AC  0|TAMS 0x00000000e8e00000, 0x00000000e8e00000|
| 131|0x00000000e8f00000, 0x00000000e8f00000, 0x00000000e9000000|  0%| F|  |TS  0|AC  0|TAMS 0x00000000e8f00000, 0x00000000e8f00000|
| 132|0x00000000e9000000, 0x00000000e9000000, 0x00000000e9100000|  0%| F|  |TS  0|AC  0|TAMS 0x00000000e9000000, 0x00000000e9000000|
| 133|0x00000000e9100000, 0x00000000e9100000, 0x00000000e9200000|  0%| F|  |TS  0|AC  0|TAMS 0x00000000e9100000, 0x00000000e9100000|
| 134|0x00000000e9200000, 0x00000000e9200000, 0x00000000e9300000|  0%| F|  |TS  0|AC  0|TAMS 0x00000000e9200000, 0x00000000e9200000|
| 135|0x00000000e9300000, 0x00000000e9300000, 0x00000000e9400000|  0%| F|  |TS  0|AC  0|TAMS 0x00000000e9300000, 0x00000000e9300000|
| 136|0x00000000e9400000, 0x00000000e9400000, 0x00000000e9500000|  0%| F|  |TS  0|AC  0|TAMS 0x00000000e9400000, 0x00000000e9400000|
| 137|0x00000000e9500000, 0x00000000e9500000, 0x00000000e9600000|  0%| F|  |TS  0|AC  0|TAMS 0x00000000e9500000, 0x00000000e9500000|
| 138|0x00000000e9600000, 0x00000000e9600000, 0x00000000e9700000|  0%| F|  |TS  0|AC  0|TAMS 0x00000000e9600000, 0x00000000e9600000|
| 139|0x00000000e9700000, 0x00000000e9700000, 0x00000000e9800000|  0%| F|  |TS  0|AC  0|TAMS 0x00000000e9700000, 0x00000000e9700000|
| 140|0x00000000e9800000, 0x00000000e9800000, 0x00000000e9900000|  0%| F|  |TS  0|AC  0|TAMS 0x00000000e9800000, 0x00000000e9800000|
| 141|0x00000000e9900000, 0x00000000e9900000, 0x00000000e9a00000|  0%| F|  |TS  0|AC  0|TAMS 0x00000000e9900000, 0x00000000e9900000|
| 142|0x00000000e9a00000, 0x00000000e9a00000, 0x00000000e9b00000|  0%| F|  |TS  0|AC  0|TAMS 0x00000000e9a00000, 0x00000000e9a00000|
| 143|0x00000000e9b00000, 0x00000000e9b00000, 0x00000000e9c00000|  0%| F|  |TS  0|AC  0|TAMS 0x00000000e9b00000, 0x00000000e9b00000|
| 144|0x00000000e9c00000, 0x00000000e9c00000, 0x00000000e9d00000|  0%| F|  |TS  0|AC  0|TAMS 0x00000000e9c00000, 0x00000000e9c00000|
| 145|0x00000000e9d00000, 0x00000000e9d00000, 0x00000000e9e00000|  0%| F|  |TS  0|AC  0|TAMS 0x00000000e9d00000, 0x00000000e9d00000|
| 146|0x00000000e9e00000, 0x00000000e9e00000, 0x00000000e9f00000|  0%| F|  |TS  0|AC  0|TAMS 0x00000000e9e00000, 0x00000000e9e00000|
| 147|0x00000000e9f00000, 0x00000000e9f00000, 0x00000000ea000000|  0%| F|  |TS  0|AC  0|TAMS 0x00000000e9f00000, 0x00000000e9f00000|
| 148|0x00000000ea000000, 0x00000000ea000000, 0x00000000ea100000|  0%| F|  |TS  0|AC  0|TAMS 0x00000000ea000000, 0x00000000ea000000|
| 149|0x00000000ea100000, 0x00000000ea100000, 0x00000000ea200000|  0%| F|  |TS  0|AC  0|TAMS 0x00000000ea100000, 0x00000000ea100000|
| 150|0x00000000ea200000, 0x00000000ea200000, 0x00000000ea300000|  0%| F|  |TS  0|AC  0|TAMS 0x00000000ea200000, 0x00000000ea200000|
| 151|0x00000000ea300000, 0x00000000ea300000, 0x00000000ea400000|  0%| F|  |TS  0|AC  0|TAMS 0x00000000ea300000, 0x00000000ea300000|
| 152|0x00000000ea400000, 0x00000000ea400000, 0x00000000ea500000|  0%| F|  |TS  0|AC  0|TAMS 0x00000000ea400000, 0x00000000ea400000|
| 153|0x00000000ea500000, 0x00000000ea500000, 0x00000000ea600000|  0%| F|  |TS  0|AC  0|TAMS 0x00000000ea500000, 0x00000000ea500000|
| 154|0x00000000ea600000, 0x00000000ea600000, 0x00000000ea700000|  0%| F|  |TS  0|AC  0|TAMS 0x00000000ea600000, 0x00000000ea600000|
| 155|0x00000000ea700000, 0x00000000ea700000, 0x00000000ea800000|  0%| F|  |TS  0|AC  0|TAMS 0x00000000ea700000, 0x00000000ea700000|
| 156|0x00000000ea800000, 0x00000000ea800000, 0x00000000ea900000|  0%| F|  |TS  0|AC  0|TAMS 0x00000000ea800000, 0x00000000ea800000|
| 157|0x00000000ea900000, 0x00000000ea900000, 0x00000000eaa00000|  0%| F|  |TS  0|AC  0|TAMS 0x00000000ea900000, 0x00000000ea900000|
| 158|0x00000000eaa00000, 0x00000000eaa00000, 0x00000000eab00000|  0%| F|  |TS  0|AC  0|TAMS 0x00000000eaa00000, 0x00000000eaa00000|
| 159|0x00000000eab00000, 0x00000000eab00000, 0x00000000eac00000|  0%| F|  |TS  0|AC  0|TAMS 0x00000000eab00000, 0x00000000eab00000|
| 160|0x00000000eac00000, 0x00000000eac00000, 0x00000000ead00000|  0%| F|  |TS  0|AC  0|TAMS 0x00000000eac00000, 0x00000000eac00000|
| 161|0x00000000ead00000, 0x00000000ead00000, 0x00000000eae00000|  0%| F|  |TS  0|AC  0|TAMS 0x00000000ead00000, 0x00000000ead00000|
| 162|0x00000000eae00000, 0x00000000eae00000, 0x00000000eaf00000|  0%| F|  |TS  0|AC  0|TAMS 0x00000000eae00000, 0x00000000eae00000|
| 163|0x00000000eaf00000, 0x00000000eaf00000, 0x00000000eb000000|  0%| F|  |TS  0|AC  0|TAMS 0x00000000eaf00000, 0x00000000eaf00000|
| 164|0x00000000eb000000, 0x00000000eb000000, 0x00000000eb100000|  0%| F|  |TS  0|AC  0|TAMS 0x00000000eb000000, 0x00000000eb000000|
| 165|0x00000000eb100000, 0x00000000eb100000, 0x00000000eb200000|  0%| F|  |TS  0|AC  0|TAMS 0x00000000eb100000, 0x00000000eb100000|
| 166|0x00000000eb200000, 0x00000000eb200000, 0x00000000eb300000|  0%| F|  |TS  0|AC  0|TAMS 0x00000000eb200000, 0x00000000eb200000|
| 167|0x00000000eb300000, 0x00000000eb300000, 0x00000000eb400000|  0%| F|  |TS  0|AC  0|TAMS 0x00000000eb300000, 0x00000000eb300000|
| 168|0x00000000eb400000, 0x00000000eb400000, 0x00000000eb500000|  0%| F|  |TS  0|AC  0|TAMS 0x00000000eb400000, 0x00000000eb400000|
| 169|0x00000000eb500000, 0x00000000eb500000, 0x00000000eb600000|  0%| F|  |TS  0|AC  0|TAMS 0x00000000eb500000, 0x00000000eb500000|
| 170|0x00000000eb600000, 0x00000000eb600000, 0x00000000eb700000|  0%| F|  |TS  0|AC  0|TAMS 0x00000000eb600000, 0x00000000eb600000|
| 171|0x00000000eb700000, 0x00000000eb700000, 0x00000000eb800000|  0%| F|  |TS  0|AC  0|TAMS 0x00000000eb700000, 0x00000000eb700000|
| 172|0x00000000eb800000, 0x00000000eb800000, 0x00000000eb900000|  0%| F|  |TS  0|AC  0|TAMS 0x00000000eb800000, 0x00000000eb800000|
| 173|0x00000000eb900000, 0x00000000eb900000, 0x00000000eba00000|  0%| F|  |TS  0|AC  0|TAMS 0x00000000eb900000, 0x00000000eb900000|
| 174|0x00000000eba00000, 0x00000000eba00000, 0x00000000ebb00000|  0%| F|  |TS  0|AC  0|TAMS 0x00000000eba00000, 0x00000000eba00000|
| 175|0x00000000ebb00000, 0x00000000ebb00000, 0x00000000ebc00000|  0%| F|  |TS  0|AC  0|TAMS 0x00000000ebb00000, 0x00000000ebb00000|
| 176|0x00000000ebc00000, 0x00000000ebc00000, 0x00000000ebd00000|  0%| F|  |TS  0|AC  0|TAMS 0x00000000ebc00000, 0x00000000ebc00000|
| 177|0x00000000ebd00000, 0x00000000ebd00000, 0x00000000ebe00000|  0%| F|  |TS  0|AC  0|TAMS 0x00000000ebd00000, 0x00000000ebd00000|
| 178|0x00000000ebe00000, 0x00000000ebe00000, 0x00000000ebf00000|  0%| F|  |TS  0|AC  0|TAMS 0x00000000ebe00000, 0x00000000ebe00000|
| 179|0x00000000ebf00000, 0x00000000ebf00000, 0x00000000ec000000|  0%| F|  |TS  0|AC  0|TAMS 0x00000000ebf00000, 0x00000000ebf00000|
| 180|0x00000000ec000000, 0x00000000ec000000, 0x00000000ec100000|  0%| F|  |TS  0|AC  0|TAMS 0x00000000ec000000, 0x00000000ec000000|
| 181|0x00000000ec100000, 0x00000000ec100000, 0x00000000ec200000|  0%| F|  |TS  0|AC  0|TAMS 0x00000000ec100000, 0x00000000ec100000|
| 182|0x00000000ec200000, 0x00000000ec200000, 0x00000000ec300000|  0%| F|  |TS  0|AC  0|TAMS 0x00000000ec200000, 0x00000000ec200000|
| 183|0x00000000ec300000, 0x00000000ec300000, 0x00000000ec400000|  0%| F|  |TS  0|AC  0|TAMS 0x00000000ec300000, 0x00000000ec300000|
| 184|0x00000000ec400000, 0x00000000ec400000, 0x00000000ec500000|  0%| F|  |TS  0|AC  0|TAMS 0x00000000ec400000, 0x00000000ec400000|
| 185|0x00000000ec500000, 0x00000000ec500000, 0x00000000ec600000|  0%| F|  |TS  0|AC  0|TAMS 0x00000000ec500000, 0x00000000ec500000|
| 186|0x00000000ec600000, 0x00000000ec600000, 0x00000000ec700000|  0%| F|  |TS  0|AC  0|TAMS 0x00000000ec600000, 0x00000000ec600000|
| 187|0x00000000ec700000, 0x00000000ec700000, 0x00000000ec800000|  0%| F|  |TS  0|AC  0|TAMS 0x00000000ec700000, 0x00000000ec700000|
| 188|0x00000000ec800000, 0x00000000ec800000, 0x00000000ec900000|  0%| F|  |TS  0|AC  0|TAMS 0x00000000ec800000, 0x00000000ec800000|
| 189|0x00000000ec900000, 0x00000000ec900000, 0x00000000eca00000|  0%| F|  |TS  0|AC  0|TAMS 0x00000000ec900000, 0x00000000ec900000|
| 190|0x00000000eca00000, 0x00000000eca00000, 0x00000000ecb00000|  0%| F|  |TS  0|AC  0|TAMS 0x00000000eca00000, 0x00000000eca00000|
| 191|0x00000000ecb00000, 0x00000000ecb00000, 0x00000000ecc00000|  0%| F|  |TS  0|AC  0|TAMS 0x00000000ecb00000, 0x00000000ecb00000|
| 192|0x00000000ecc00000, 0x00000000ecc00000, 0x00000000ecd00000|  0%| F|  |TS  0|AC  0|TAMS 0x00000000ecc00000, 0x00000000ecc00000|
| 193|0x00000000ecd00000, 0x00000000ecd00000, 0x00000000ece00000|  0%| F|  |TS  0|AC  0|TAMS 0x00000000ecd00000, 0x00000000ecd00000|
| 194|0x00000000ece00000, 0x00000000ece00000, 0x00000000ecf00000|  0%| F|  |TS  0|AC  0|TAMS 0x00000000ece00000, 0x00000000ece00000|
| 195|0x00000000ecf00000, 0x00000000ecf00000, 0x00000000ed000000|  0%| F|  |TS  0|AC  0|TAMS 0x00000000ecf00000, 0x00000000ecf00000|
| 196|0x00000000ed000000, 0x00000000ed000000, 0x00000000ed100000|  0%| F|  |TS  0|AC  0|TAMS 0x00000000ed000000, 0x00000000ed000000|
| 197|0x00000000ed100000, 0x00000000ed100000, 0x00000000ed200000|  0%| F|  |TS  0|AC  0|TAMS 0x00000000ed100000, 0x00000000ed100000|
| 198|0x00000000ed200000, 0x00000000ed200000, 0x00000000ed300000|  0%| F|  |TS  0|AC  0|TAMS 0x00000000ed200000, 0x00000000ed200000|
| 199|0x00000000ed300000, 0x00000000ed300000, 0x00000000ed400000|  0%| F|  |TS  0|AC  0|TAMS 0x00000000ed300000, 0x00000000ed300000|
| 200|0x00000000ed400000, 0x00000000ed400000, 0x00000000ed500000|  0%| F|  |TS  0|AC  0|TAMS 0x00000000ed400000, 0x00000000ed400000|
| 201|0x00000000ed500000, 0x00000000ed500000, 0x00000000ed600000|  0%| F|  |TS  0|AC  0|TAMS 0x00000000ed500000, 0x00000000ed500000|
| 202|0x00000000ed600000, 0x00000000ed600000, 0x00000000ed700000|  0%| F|  |TS  0|AC  0|TAMS 0x00000000ed600000, 0x00000000ed600000|
| 203|0x00000000ed700000, 0x00000000ed700000, 0x00000000ed800000|  0%| F|  |TS  0|AC  0|TAMS 0x00000000ed700000, 0x00000000ed700000|
| 204|0x00000000ed800000, 0x00000000ed800000, 0x00000000ed900000|  0%| F|  |TS  0|AC  0|TAMS 0x00000000ed800000, 0x00000000ed800000|
| 205|0x00000000ed900000, 0x00000000ed900000, 0x00000000eda00000|  0%| F|  |TS  0|AC  0|TAMS 0x00000000ed900000, 0x00000000ed900000|
| 206|0x00000000eda00000, 0x00000000eda00000, 0x00000000edb00000|  0%| F|  |TS  0|AC  0|TAMS 0x00000000eda00000, 0x00000000eda00000|
| 207|0x00000000edb00000, 0x00000000edb00000, 0x00000000edc00000|  0%| F|  |TS  0|AC  0|TAMS 0x00000000edb00000, 0x00000000edb00000|
| 208|0x00000000edc00000, 0x00000000edcf68a8, 0x00000000edd00000| 96%| E|  |TS  0|AC  0|TAMS 0x00000000edc00000, 0x00000000edc00000|
| 209|0x00000000edd00000, 0x00000000ede00000, 0x00000000ede00000|100%| E|CS|TS  0|AC  0|TAMS 0x00000000edd00000, 0x00000000edd00000|
| 210|0x00000000ede00000, 0x00000000edf00000, 0x00000000edf00000|100%| E|CS|TS  0|AC  0|TAMS 0x00000000ede00000, 0x00000000ede00000|
| 211|0x00000000edf00000, 0x00000000ee000000, 0x00000000ee000000|100%| E|CS|TS  0|AC  0|TAMS 0x00000000edf00000, 0x00000000edf00000|
| 212|0x00000000ee000000, 0x00000000ee100000, 0x00000000ee100000|100%| E|CS|TS  0|AC  0|TAMS 0x00000000ee000000, 0x00000000ee000000|
| 213|0x00000000ee100000, 0x00000000ee200000, 0x00000000ee200000|100%| E|CS|TS  0|AC  0|TAMS 0x00000000ee100000, 0x00000000ee100000|
| 214|0x00000000ee200000, 0x00000000ee300000, 0x00000000ee300000|100%| E|CS|TS  0|AC  0|TAMS 0x00000000ee200000, 0x00000000ee200000|
| 215|0x00000000ee300000, 0x00000000ee400000, 0x00000000ee400000|100%| E|CS|TS  0|AC  0|TAMS 0x00000000ee300000, 0x00000000ee300000|
| 216|0x00000000ee400000, 0x00000000ee500000, 0x00000000ee500000|100%| E|CS|TS  0|AC  0|TAMS 0x00000000ee400000, 0x00000000ee400000|
| 217|0x00000000ee500000, 0x00000000ee600000, 0x00000000ee600000|100%| E|CS|TS  0|AC  0|TAMS 0x00000000ee500000, 0x00000000ee500000|
| 218|0x00000000ee600000, 0x00000000ee700000, 0x00000000ee700000|100%| E|CS|TS  0|AC  0|TAMS 0x00000000ee600000, 0x00000000ee600000|
| 219|0x00000000ee700000, 0x00000000ee800000, 0x00000000ee800000|100%| E|CS|TS  0|AC  0|TAMS 0x00000000ee700000, 0x00000000ee700000|

Card table byte_map: [0x00007fd98b80d000,0x00007fd98b907000] byte_map_base: 0x00007fd98b107000

Marking Bits (Prev, Next): (CMBitMap*) 0x00007fd9d0054ca0, (CMBitMap*) 0x00007fd9d0054cf8
 Prev Bits: [0x00007fd98af43000, 0x00007fd98b713000)
 Next Bits: [0x00007fd98a773000, 0x00007fd98af43000)

Polling page: 0x00007fd9d756d000

CodeHeap 'non-nmethods': size=5700Kb used=1268Kb max_used=1300Kb free=4431Kb
 bounds [0x00007fd9b9631000, 0x00007fd9b98a1000, 0x00007fd9b9bc2000]
CodeHeap 'profiled nmethods': size=120028Kb used=1282Kb max_used=1282Kb free=118745Kb
 bounds [0x00007fd9b9bc2000, 0x00007fd9b9e32000, 0x00007fd9c10f9000]
CodeHeap 'non-profiled nmethods': size=120032Kb used=265Kb max_used=265Kb free=119766Kb
 bounds [0x00007fd9c10f9000, 0x00007fd9c1369000, 0x00007fd9c8631000]
 total_blobs=1471 nmethods=774 adapters=452
 compilation: enabled

Compilation events (10 events):
Event: 7,530 Thread 0x00007fd9d02b8800 nmethod 762 0x00007fd9c1138710 code [0x00007fd9c11388c0, 0x00007fd9c1139298]
Event: 7,530 Thread 0x00007fd9d02ba800  769       4       java.lang.StringBuilder::append (8 bytes)
Event: 7,530 Thread 0x00007fd9d02b8800  770       4       java.lang.String::getBytes (44 bytes)
Event: 7,530 Thread 0x00007fd9d02b7000 nmethod 763% 0x00007fd9c1139790 code [0x00007fd9c1139980, 0x00007fd9c113a1f0]
Event: 7,531 Thread 0x00007fd9d02b8800 nmethod 770 0x00007fd9c113a890 code [0x00007fd9c113aa00, 0x00007fd9c113ab18]
Event: 7,536 Thread 0x00007fd9d02ba800 nmethod 769 0x00007fd9c113ac10 code [0x00007fd9c113ada0, 0x00007fd9c113b318]
Event: 7,563 Thread 0x00007fd9d02bc800  774       3       java.nio.HeapByteBuffer::_get (7 bytes)
Event: 7,563 Thread 0x00007fd9d02bc800 nmethod 774 0x00007fd9b9d02110 code [0x00007fd9b9d02280, 0x00007fd9b9d023f0]
Event: 7,563 Thread 0x00007fd9d02bc800  775       3       java.lang.Short::valueOf (33 bytes)
Event: 7,564 Thread 0x00007fd9d02bc800 nmethod 775 0x00007fd9b9d02510 code [0x00007fd9b9d026a0, 0x00007fd9b9d029f0]

GC Heap History (0 events):
No events

Deoptimization events (10 events):
Event: 1,755 Thread 0x00007fd9d03f9000 Uncommon trap: reason=unstable_if action=reinterpret pc=0x00007fd9c1114940 method=sun.security.provider.SeedGenerator$ThreadedSeedGenerator.run()V @ 120
Event: 6,601 Thread 0x00007fd9d0011000 Uncommon trap: reason=class_check action=maybe_recompile pc=0x00007fd9c11050ac method=java.util.HashMap.putVal(ILjava/lang/Object;Ljava/lang/Object;ZZ)Ljava/lang/Object; @ 91
Event: 6,602 Thread 0x00007fd9d0011000 Uncommon trap: reason=class_check action=maybe_recompile pc=0x00007fd9c11050ac method=java.util.HashMap.putVal(ILjava/lang/Object;Ljava/lang/Object;ZZ)Ljava/lang/Object; @ 91
Event: 6,744 Thread 0x00007fd9d0011000 Uncommon trap: reason=bimorphic_or_optimized_type_check action=maybe_recompile pc=0x00007fd9c111d970 method=java.util.HashMap.putVal(ILjava/lang/Object;Ljava/lang/Object;ZZ)Ljava/lang/Object; @ 152
Event: 6,848 Thread 0x00007fd9d0011000 Uncommon trap: reason=bimorphic_or_optimized_type_check action=maybe_recompile pc=0x00007fd9c111d904 method=java.util.HashMap.putVal(ILjava/lang/Object;Ljava/lang/Object;ZZ)Ljava/lang/Object; @ 56
Event: 6,945 Thread 0x00007fd9d0011000 Uncommon trap: reason=bimorphic_or_optimized_type_check action=maybe_recompile pc=0x00007fd9c111da48 method=java.util.HashMap.putVal(ILjava/lang/Object;Ljava/lang/Object;ZZ)Ljava/lang/Object; @ 91
Event: 7,211 Thread 0x00007fd9d0011000 Uncommon trap: reason=bimorphic_or_optimized_type_check action=maybe_recompile pc=0x00007fd9c111d904 method=java.util.HashMap.putVal(ILjava/lang/Object;Ljava/lang/Object;ZZ)Ljava/lang/Object; @ 56
Event: 7,212 Thread 0x00007fd9d0011000 Uncommon trap: reason=bimorphic_or_optimized_type_check action=maybe_recompile pc=0x00007fd9c111b60c method=java.util.HashMap.putVal(ILjava/lang/Object;Ljava/lang/Object;ZZ)Ljava/lang/Object; @ 56
Event: 7,232 Thread 0x00007fd9d0011000 Uncommon trap: reason=unstable_if action=reinterpret pc=0x00007fd9c112e1e8 method=java.util.HashMap.hash(Ljava/lang/Object;)I @ 1
Event: 7,380 Thread 0x00007fd9d0011000 Uncommon trap: reason=unstable_fused_if action=reinterpret pc=0x00007fd9c110fc5c method=jdk.internal.org.objectweb.asm.ByteVector.putUTF8(Ljava/lang/String;)Ljdk/internal/org/objectweb/asm/ByteVector; @ 91

Classes redefined (0 events):
No events

Internal exceptions (10 events):
Event: 1,229 Thread 0x00007fd9d0011000 Exception <a 'java/io/FileNotFoundException'> (0x00000000ee40bb50) thrown at [/build/openjdk-9-argm_o/openjdk-9-9~b114/src/hotspot/src/share/vm/prims/jni.cpp, line 605]
Event: 1,390 Thread 0x00007fd9d0011000 Exception <a 'java/io/FileNotFoundException'> (0x00000000ee360ee0) thrown at [/build/openjdk-9-argm_o/openjdk-9-9~b114/src/hotspot/src/share/vm/prims/jni.cpp, line 605]
Event: 1,390 Thread 0x00007fd9d0011000 Exception <a 'java/io/FileNotFoundException'> (0x00000000ee361750) thrown at [/build/openjdk-9-argm_o/openjdk-9-9~b114/src/hotspot/src/share/vm/prims/jni.cpp, line 605]
Event: 1,426 Thread 0x00007fd9d0011000 Exception <a 'java/io/FileNotFoundException'> (0x00000000ee370520) thrown at [/build/openjdk-9-argm_o/openjdk-9-9~b114/src/hotspot/src/share/vm/prims/jni.cpp, line 605]
Event: 6,576 Thread 0x00007fd9d0011000 Exception <a 'java/lang/NoSuchMethodError': java.lang.Object.of([Ljava/lang/Object;)Ljava/util/stream/Stream;> (0x00000000ee21dd98) thrown at [/build/openjdk-9-argm_o/openjdk-9-9~b114/src/hotspot/src/share/vm/interpreter/linkResolver.cpp, line 728]
Event: 6,987 Thread 0x00007fd9d0011000 Exception <a 'java/io/FileNotFoundException'> (0x00000000ee1bf3e8) thrown at [/build/openjdk-9-argm_o/openjdk-9-9~b114/src/hotspot/src/share/vm/prims/jni.cpp, line 605]
Event: 6,988 Thread 0x00007fd9d0011000 Exception <a 'java/io/FileNotFoundException'> (0x00000000ee1bfa28) thrown at [/build/openjdk-9-argm_o/openjdk-9-9~b114/src/hotspot/src/share/vm/prims/jni.cpp, line 605]
Event: 7,211 Thread 0x00007fd9d0011000 Exception <a 'java/lang/ClassNotFoundException': com/sun/swing/internal/plaf/metal/resources/metalProvider> (0x00000000edf753e8) thrown at [/build/openjdk-9-argm_o/openjdk-9-9~b114/src/hotspot/src/share/vm/classfile/systemDictionary.cpp, line 224]
Event: 7,212 Thread 0x00007fd9d0011000 Exception <a 'java/lang/ClassNotFoundException': com/sun/swing/internal/plaf/basic/resources/basicProvider> (0x00000000edf78a48) thrown at [/build/openjdk-9-argm_o/openjdk-9-9~b114/src/hotspot/src/share/vm/classfile/systemDictionary.cpp, line 224]
Event: 7,232 Thread 0x00007fd9d0011000 Implicit null exception at 0x00007fd9c112d53e to 0x00007fd9c112e1cd

Events (10 events):
Event: 7,577 loading class sun/nio/cs/UnicodeDecoder done
Event: 7,577 loading class sun/nio/cs/UTF_16$Decoder done
Event: 7,578 loading class sun/font/FileFontStrike
Event: 7,579 loading class sun/font/FileFontStrike done
Event: 7,579 loading class sun/font/FontScaler
Event: 7,579 Executing VM operation: RevokeBias
Event: 7,579 loading class sun/font/FontScaler done
Event: 7,579 Executing VM operation: RevokeBias done
Event: 7,579 loading class sun/font/FreetypeFontScaler
Event: 7,580 loading class sun/font/FreetypeFontScaler done


Dynamic libraries:
00400000-00401000 r-xp 00000000 08:01 16911176                           /usr/lib/jvm/java-9-openjdk-amd64/bin/java
00600000-00601000 r--p 00000000 08:01 16911176                           /usr/lib/jvm/java-9-openjdk-amd64/bin/java
00601000-00602000 rw-p 00001000 08:01 16911176                           /usr/lib/jvm/java-9-openjdk-amd64/bin/java
013c8000-013e9000 rw-p 00000000 00:00 0                                  [heap]
e0c00000-ee800000 rw-p 00000000 00:00 0 
ee800000-100000000 ---p 00000000 00:00 0 
100000000-1001c0000 rw-p 00000000 00:00 0 
1001c0000-140000000 ---p 00000000 00:00 0 
7fd8fc000000-7fd8fc021000 rw-p 00000000 00:00 0 
7fd8fc021000-7fd900000000 ---p 00000000 00:00 0 
7fd900000000-7fd900021000 rw-p 00000000 00:00 0 
7fd900021000-7fd904000000 ---p 00000000 00:00 0 
7fd904000000-7fd904021000 rw-p 00000000 00:00 0 
7fd904021000-7fd908000000 ---p 00000000 00:00 0 
7fd908000000-7fd908021000 rw-p 00000000 00:00 0 
7fd908021000-7fd90c000000 ---p 00000000 00:00 0 
7fd90f8fd000-7fd90f901000 ---p 00000000 00:00 0 
7fd90f901000-7fd90fb3e000 rw-p 00000000 00:00 0 
7fd90fb3e000-7fd90fbfe000 ---p 00000000 00:00 0 
7fd90fbfe000-7fd90fc02000 ---p 00000000 00:00 0 
7fd90fc02000-7fd90feff000 rw-p 00000000 00:00 0 
7fd90feff000-7fd90ff03000 ---p 00000000 00:00 0 
7fd90ff03000-7fd910000000 rw-p 00000000 00:00 0 
7fd910000000-7fd910021000 rw-p 00000000 00:00 0 
7fd910021000-7fd914000000 ---p 00000000 00:00 0 
7fd914000000-7fd914021000 rw-p 00000000 00:00 0 
7fd914021000-7fd918000000 ---p 00000000 00:00 0 
7fd918000000-7fd918021000 rw-p 00000000 00:00 0 
7fd918021000-7fd91c000000 ---p 00000000 00:00 0 
7fd91c000000-7fd91c021000 rw-p 00000000 00:00 0 
7fd91c021000-7fd920000000 ---p 00000000 00:00 0 
7fd920000000-7fd920021000 rw-p 00000000 00:00 0 
7fd920021000-7fd924000000 ---p 00000000 00:00 0 
7fd924000000-7fd924021000 rw-p 00000000 00:00 0 
7fd924021000-7fd928000000 ---p 00000000 00:00 0 
7fd928000000-7fd928021000 rw-p 00000000 00:00 0 
7fd928021000-7fd92c000000 ---p 00000000 00:00 0 
7fd92c000000-7fd92c021000 rw-p 00000000 00:00 0 
7fd92c021000-7fd930000000 ---p 00000000 00:00 0 
7fd930000000-7fd930021000 rw-p 00000000 00:00 0 
7fd930021000-7fd934000000 ---p 00000000 00:00 0 
7fd934000000-7fd934021000 rw-p 00000000 00:00 0 
7fd934021000-7fd938000000 ---p 00000000 00:00 0 
7fd938054000-7fd938058000 ---p 00000000 00:00 0 
7fd938058000-7fd938155000 rw-p 00000000 00:00 0 
7fd938155000-7fd93815a000 r-xp 00000000 08:01 16524577                   /usr/lib/x86_64-linux-gnu/libXfixes.so.3.1.0
7fd93815a000-7fd938359000 ---p 00005000 08:01 16524577                   /usr/lib/x86_64-linux-gnu/libXfixes.so.3.1.0
7fd938359000-7fd93835a000 r--p 00004000 08:01 16524577                   /usr/lib/x86_64-linux-gnu/libXfixes.so.3.1.0
7fd93835a000-7fd93835b000 rw-p 00005000 08:01 16524577                   /usr/lib/x86_64-linux-gnu/libXfixes.so.3.1.0
7fd93835b000-7fd938364000 r-xp 00000000 08:01 16524561                   /usr/lib/x86_64-linux-gnu/libXcursor.so.1.0.2
7fd938364000-7fd938563000 ---p 00009000 08:01 16524561                   /usr/lib/x86_64-linux-gnu/libXcursor.so.1.0.2
7fd938563000-7fd938564000 r--p 00008000 08:01 16524561                   /usr/lib/x86_64-linux-gnu/libXcursor.so.1.0.2
7fd938564000-7fd938565000 rw-p 00009000 08:01 16524561                   /usr/lib/x86_64-linux-gnu/libXcursor.so.1.0.2
7fd938565000-7fd938589000 r-xp 00000000 08:01 16781921                   /lib/x86_64-linux-gnu/libpng12.so.0.54.0
7fd938589000-7fd938788000 ---p 00024000 08:01 16781921                   /lib/x86_64-linux-gnu/libpng12.so.0.54.0
7fd938788000-7fd938789000 r--p 00023000 08:01 16781921                   /lib/x86_64-linux-gnu/libpng12.so.0.54.0
7fd938789000-7fd93878a000 rw-p 00024000 08:01 16781921                   /lib/x86_64-linux-gnu/libpng12.so.0.54.0
7fd93878a000-7fd93882e000 r-xp 00000000 08:01 16515700                   /usr/lib/x86_64-linux-gnu/libfreetype.so.6.12.1
7fd93882e000-7fd938a2d000 ---p 000a4000 08:01 16515700                   /usr/lib/x86_64-linux-gnu/libfreetype.so.6.12.1
7fd938a2d000-7fd938a33000 r--p 000a3000 08:01 16515700                   /usr/lib/x86_64-linux-gnu/libfreetype.so.6.12.1
7fd938a33000-7fd938a34000 rw-p 000a9000 08:01 16515700                   /usr/lib/x86_64-linux-gnu/libfreetype.so.6.12.1
7fd938a34000-7fd938afa000 r-xp 00000000 08:01 17040429                   /usr/lib/jvm/java-9-openjdk-amd64/lib/amd64/libfontmanager.so
7fd938afa000-7fd938cf9000 ---p 000c6000 08:01 17040429                   /usr/lib/jvm/java-9-openjdk-amd64/lib/amd64/libfontmanager.so
7fd938cf9000-7fd938cfc000 r--p 000c5000 08:01 17040429                   /usr/lib/jvm/java-9-openjdk-amd64/lib/amd64/libfontmanager.so
7fd938cfc000-7fd938cfd000 rw-p 000c8000 08:01 17040429                   /usr/lib/jvm/java-9-openjdk-amd64/lib/amd64/libfontmanager.so
7fd938cfd000-7fd938efe000 rw-p 00000000 00:00 0 
7fd938efe000-7fd938f02000 ---p 00000000 00:00 0 
7fd938f02000-7fd93c000000 rw-p 00000000 00:00 0 
7fd93c000000-7fd93c29a000 rw-p 00000000 00:00 0 
7fd93c29a000-7fd940000000 ---p 00000000 00:00 0 
7fd940000000-7fd94013b000 rw-p 00000000 00:00 0 
7fd94013b000-7fd944000000 ---p 00000000 00:00 0 
7fd944000000-7fd9441e2000 rw-p 00000000 00:00 0 
7fd9441e2000-7fd948000000 ---p 00000000 00:00 0 
7fd948000000-7fd94834f000 rw-p 00000000 00:00 0 
7fd94834f000-7fd94c000000 ---p 00000000 00:00 0 
7fd94c000000-7fd94c021000 rw-p 00000000 00:00 0 
7fd94c021000-7fd950000000 ---p 00000000 00:00 0 
7fd950000000-7fd950021000 rw-p 00000000 00:00 0 
7fd950021000-7fd954000000 ---p 00000000 00:00 0 
7fd954000000-7fd954021000 rw-p 00000000 00:00 0 
7fd954021000-7fd958000000 ---p 00000000 00:00 0 
7fd958000000-7fd958021000 rw-p 00000000 00:00 0 
7fd958021000-7fd95c000000 ---p 00000000 00:00 0 
7fd95c000000-7fd95c021000 rw-p 00000000 00:00 0 
7fd95c021000-7fd960000000 ---p 00000000 00:00 0 
7fd960000000-7fd960021000 rw-p 00000000 00:00 0 
7fd960021000-7fd964000000 ---p 00000000 00:00 0 
7fd964042000-7fd964046000 ---p 00000000 00:00 0 
7fd964046000-7fd964143000 rw-p 00000000 00:00 0 
7fd964143000-7fd964144000 r-xp 00000000 08:01 17040425                   /usr/lib/jvm/java-9-openjdk-amd64/lib/amd64/librmi.so
7fd964144000-7fd964343000 ---p 00001000 08:01 17040425                   /usr/lib/jvm/java-9-openjdk-amd64/lib/amd64/librmi.so
7fd964343000-7fd964344000 r--p 00000000 08:01 17040425                   /usr/lib/jvm/java-9-openjdk-amd64/lib/amd64/librmi.so
7fd964344000-7fd964345000 rw-p 00001000 08:01 17040425                   /usr/lib/jvm/java-9-openjdk-amd64/lib/amd64/librmi.so
7fd964345000-7fd964349000 ---p 00000000 00:00 0 
7fd964349000-7fd964446000 rw-p 00000000 00:00 0 
7fd9644a7000-7fd9644ab000 ---p 00000000 00:00 0 
7fd9644ab000-7fd9645a8000 rw-p 00000000 00:00 0 
7fd9645a8000-7fd9645ac000 ---p 00000000 00:00 0 
7fd9645ac000-7fd9646a9000 rw-p 00000000 00:00 0 
7fd9646a9000-7fd9646ad000 ---p 00000000 00:00 0 
7fd9646ad000-7fd9647aa000 rw-p 00000000 00:00 0 
7fd9647aa000-7fd9647af000 r-xp 00000000 08:01 16524569                   /usr/lib/x86_64-linux-gnu/libXdmcp.so.6.0.0
7fd9647af000-7fd9649ae000 ---p 00005000 08:01 16524569                   /usr/lib/x86_64-linux-gnu/libXdmcp.so.6.0.0
7fd9649ae000-7fd9649af000 r--p 00004000 08:01 16524569                   /usr/lib/x86_64-linux-gnu/libXdmcp.so.6.0.0
7fd9649af000-7fd9649b0000 rw-p 00005000 08:01 16524569                   /usr/lib/x86_64-linux-gnu/libXdmcp.so.6.0.0
7fd9649b0000-7fd9649b2000 r-xp 00000000 08:01 16524554                   /usr/lib/x86_64-linux-gnu/libXau.so.6.0.0
7fd9649b2000-7fd964bb2000 ---p 00002000 08:01 16524554                   /usr/lib/x86_64-linux-gnu/libXau.so.6.0.0
7fd964bb2000-7fd964bb3000 r--p 00002000 08:01 16524554                   /usr/lib/x86_64-linux-gnu/libXau.so.6.0.0
7fd964bb3000-7fd964bb4000 rw-p 00003000 08:01 16524554                   /usr/lib/x86_64-linux-gnu/libXau.so.6.0.0
7fd964bb4000-7fd964bd5000 r-xp 00000000 08:01 16527341                   /usr/lib/x86_64-linux-gnu/libxcb.so.1.1.0
7fd964bd5000-7fd964dd4000 ---p 00021000 08:01 16527341                   /usr/lib/x86_64-linux-gnu/libxcb.so.1.1.0
7fd964dd4000-7fd964dd5000 r--p 00020000 08:01 16527341                   /usr/lib/x86_64-linux-gnu/libxcb.so.1.1.0
7fd964dd5000-7fd964dd6000 rw-p 00021000 08:01 16527341                   /usr/lib/x86_64-linux-gnu/libxcb.so.1.1.0
7fd964dd6000-7fd964de5000 r-xp 00000000 08:01 16524587                   /usr/lib/x86_64-linux-gnu/libXi.so.6.1.0
7fd964de5000-7fd964fe4000 ---p 0000f000 08:01 16524587                   /usr/lib/x86_64-linux-gnu/libXi.so.6.1.0
7fd964fe4000-7fd964fe5000 r--p 0000e000 08:01 16524587                   /usr/lib/x86_64-linux-gnu/libXi.so.6.1.0
7fd964fe5000-7fd964fe6000 rw-p 0000f000 08:01 16524587                   /usr/lib/x86_64-linux-gnu/libXi.so.6.1.0
7fd964fe6000-7fd964feb000 r-xp 00000000 08:01 16524616                   /usr/lib/x86_64-linux-gnu/libXtst.so.6.1.0
7fd964feb000-7fd9651ea000 ---p 00005000 08:01 16524616                   /usr/lib/x86_64-linux-gnu/libXtst.so.6.1.0
7fd9651ea000-7fd9651eb000 r--p 00004000 08:01 16524616                   /usr/lib/x86_64-linux-gnu/libXtst.so.6.1.0
7fd9651eb000-7fd9651ec000 rw-p 00005000 08:01 16524616                   /usr/lib/x86_64-linux-gnu/libXtst.so.6.1.0
7fd9651ec000-7fd9651f5000 r-xp 00000000 08:01 16524608                   /usr/lib/x86_64-linux-gnu/libXrender.so.1.3.0
7fd9651f5000-7fd9653f4000 ---p 00009000 08:01 16524608                   /usr/lib/x86_64-linux-gnu/libXrender.so.1.3.0
7fd9653f4000-7fd9653f5000 r--p 00008000 08:01 16524608                   /usr/lib/x86_64-linux-gnu/libXrender.so.1.3.0
7fd9653f5000-7fd9653f6000 rw-p 00009000 08:01 16524608                   /usr/lib/x86_64-linux-gnu/libXrender.so.1.3.0
7fd9653f6000-7fd96552b000 r-xp 00000000 08:01 16524548                   /usr/lib/x86_64-linux-gnu/libX11.so.6.3.0
7fd96552b000-7fd96572b000 ---p 00135000 08:01 16524548                   /usr/lib/x86_64-linux-gnu/libX11.so.6.3.0
7fd96572b000-7fd96572c000 r--p 00135000 08:01 16524548                   /usr/lib/x86_64-linux-gnu/libX11.so.6.3.0
7fd96572c000-7fd965730000 rw-p 00136000 08:01 16524548                   /usr/lib/x86_64-linux-gnu/libX11.so.6.3.0
7fd965730000-7fd965741000 r-xp 00000000 08:01 16524573                   /usr/lib/x86_64-linux-gnu/libXext.so.6.4.0
7fd965741000-7fd965940000 ---p 00011000 08:01 16524573                   /usr/lib/x86_64-linux-gnu/libXext.so.6.4.0
7fd965940000-7fd965941000 r--p 00010000 08:01 16524573                   /usr/lib/x86_64-linux-gnu/libXext.so.6.4.0
7fd965941000-7fd965942000 rw-p 00011000 08:01 16524573                   /usr/lib/x86_64-linux-gnu/libXext.so.6.4.0
7fd965942000-7fd965999000 r-xp 00000000 08:01 17040456                   /usr/lib/jvm/java-9-openjdk-amd64/lib/amd64/libawt_xawt.so
7fd965999000-7fd965b99000 ---p 00057000 08:01 17040456                   /usr/lib/jvm/java-9-openjdk-amd64/lib/amd64/libawt_xawt.so
7fd965b99000-7fd965b9a000 r--p 00057000 08:01 17040456                   /usr/lib/jvm/java-9-openjdk-amd64/lib/amd64/libawt_xawt.so
7fd965b9a000-7fd965b9d000 rw-p 00058000 08:01 17040456                   /usr/lib/jvm/java-9-openjdk-amd64/lib/amd64/libawt_xawt.so
7fd965b9d000-7fd965b9e000 rw-p 00000000 00:00 0 
7fd965b9e000-7fd965c3e000 r-xp 00000000 08:01 17040428                   /usr/lib/jvm/java-9-openjdk-amd64/lib/amd64/libawt.so
7fd965c3e000-7fd965e3d000 ---p 000a0000 08:01 17040428                   /usr/lib/jvm/java-9-openjdk-amd64/lib/amd64/libawt.so
7fd965e3d000-7fd965e3e000 r--p 0009f000 08:01 17040428                   /usr/lib/jvm/java-9-openjdk-amd64/lib/amd64/libawt.so
7fd965e3e000-7fd965e49000 rw-p 000a0000 08:01 17040428                   /usr/lib/jvm/java-9-openjdk-amd64/lib/amd64/libawt.so
7fd965e49000-7fd965e6e000 rw-p 00000000 00:00 0 
7fd965e6e000-7fd965e6f000 ---p 00000000 00:00 0 
7fd965e6f000-7fd965f6f000 rw-p 00000000 00:00 0 
7fd965f6f000-7fd965f73000 ---p 00000000 00:00 0 
7fd965f73000-7fd966070000 rw-p 00000000 00:00 0 
7fd966070000-7fd966074000 ---p 00000000 00:00 0 
7fd966074000-7fd966171000 rw-p 00000000 00:00 0 
7fd966171000-7fd966187000 r-xp 00000000 08:01 17040430                   /usr/lib/jvm/java-9-openjdk-amd64/lib/amd64/libnet.so
7fd966187000-7fd966386000 ---p 00016000 08:01 17040430                   /usr/lib/jvm/java-9-openjdk-amd64/lib/amd64/libnet.so
7fd966386000-7fd966387000 r--p 00015000 08:01 17040430                   /usr/lib/jvm/java-9-openjdk-amd64/lib/amd64/libnet.so
7fd966387000-7fd966388000 rw-p 00016000 08:01 17040430                   /usr/lib/jvm/java-9-openjdk-amd64/lib/amd64/libnet.so
7fd966388000-7fd966399000 r-xp 00000000 08:01 17040457                   /usr/lib/jvm/java-9-openjdk-amd64/lib/amd64/libnio.so
7fd966399000-7fd966599000 ---p 00011000 08:01 17040457                   /usr/lib/jvm/java-9-openjdk-amd64/lib/amd64/libnio.so
7fd966599000-7fd96659a000 r--p 00011000 08:01 17040457                   /usr/lib/jvm/java-9-openjdk-amd64/lib/amd64/libnio.so
7fd96659a000-7fd96659b000 rw-p 00012000 08:01 17040457                   /usr/lib/jvm/java-9-openjdk-amd64/lib/amd64/libnio.so
7fd96659b000-7fd96659f000 ---p 00000000 00:00 0 
7fd96659f000-7fd96669c000 rw-p 00000000 00:00 0 
7fd96669c000-7fd9666a0000 ---p 00000000 00:00 0 
7fd9666a0000-7fd96679d000 rw-p 00000000 00:00 0 
7fd96679d000-7fd9667a1000 ---p 00000000 00:00 0 
7fd9667a1000-7fd96689e000 rw-p 00000000 00:00 0 
7fd96689e000-7fd9668a2000 ---p 00000000 00:00 0 
7fd9668a2000-7fd96699f000 rw-p 00000000 00:00 0 
7fd96699f000-7fd9669a3000 ---p 00000000 00:00 0 
7fd9669a3000-7fd966aa0000 rw-p 00000000 00:00 0 
7fd966aa0000-7fd966aa4000 ---p 00000000 00:00 0 
7fd966aa4000-7fd966ba1000 rw-p 00000000 00:00 0 
7fd966ba1000-7fd966ba5000 ---p 00000000 00:00 0 
7fd966ba5000-7fd966ca2000 rw-p 00000000 00:00 0 
7fd966ca2000-7fd9670f9000 r--p 00000000 08:01 16522275                   /usr/lib/locale/locale-archive
7fd9670f9000-7fd9670fd000 ---p 00000000 00:00 0 
7fd9670fd000-7fd9671fa000 rw-p 00000000 00:00 0 
7fd9671fa000-7fd9671fe000 ---p 00000000 00:00 0 
7fd9671fe000-7fd9672fb000 rw-p 00000000 00:00 0 
7fd9672fb000-7fd9672fc000 ---p 00000000 00:00 0 
7fd9672fc000-7fd967bfc000 rw-p 00000000 00:00 0 
7fd967bfc000-7fd968000000 rw-p 00000000 00:00 0 
7fd968000000-7fd968021000 rw-p 00000000 00:00 0 
7fd968021000-7fd96c000000 ---p 00000000 00:00 0 
7fd96c000000-7fd96c021000 rw-p 00000000 00:00 0 
7fd96c021000-7fd970000000 ---p 00000000 00:00 0 
7fd970000000-7fd970021000 rw-p 00000000 00:00 0 
7fd970021000-7fd974000000 ---p 00000000 00:00 0 
7fd974000000-7fd974021000 rw-p 00000000 00:00 0 
7fd974021000-7fd978000000 ---p 00000000 00:00 0 
7fd978000000-7fd978021000 rw-p 00000000 00:00 0 
7fd978021000-7fd97c000000 ---p 00000000 00:00 0 
7fd97c000000-7fd97c021000 rw-p 00000000 00:00 0 
7fd97c021000-7fd980000000 ---p 00000000 00:00 0 
7fd980000000-7fd980021000 rw-p 00000000 00:00 0 
7fd980021000-7fd984000000 ---p 00000000 00:00 0 
7fd984000000-7fd984021000 rw-p 00000000 00:00 0 
7fd984021000-7fd988000000 ---p 00000000 00:00 0 
7fd98806c000-7fd98a470000 rw-p 00000000 00:00 0 
7fd98a470000-7fd98a471000 ---p 00000000 00:00 0 
7fd98a471000-7fd98a571000 rw-p 00000000 00:00 0 
7fd98a571000-7fd98a572000 ---p 00000000 00:00 0 
7fd98a572000-7fd98a672000 rw-p 00000000 00:00 0 
7fd98a672000-7fd98a673000 ---p 00000000 00:00 0 
7fd98a673000-7fd98aae3000 rw-p 00000000 00:00 0 
7fd98aae3000-7fd98af43000 ---p 00000000 00:00 0 
7fd98af43000-7fd98b2b3000 rw-p 00000000 00:00 0 
7fd98b2b3000-7fd98b713000 ---p 00000000 00:00 0 
7fd98b713000-7fd98b781000 rw-p 00000000 00:00 0 
7fd98b781000-7fd98b80d000 ---p 00000000 00:00 0 
7fd98b80d000-7fd98b87b000 rw-p 00000000 00:00 0 
7fd98b87b000-7fd98ba01000 ---p 00000000 00:00 0 
7fd98ba01000-7fd98ba6f000 rw-p 00000000 00:00 0 
7fd98ba6f000-7fd98bafb000 ---p 00000000 00:00 0 
7fd98bafb000-7fd98bafc000 ---p 00000000 00:00 0 
7fd98bafc000-7fd98bbfc000 rw-p 00000000 00:00 0 
7fd98bbfc000-7fd98bbfd000 ---p 00000000 00:00 0 
7fd98bbfd000-7fd98bcfd000 rw-p 00000000 00:00 0 
7fd98bcfd000-7fd98bcfe000 ---p 00000000 00:00 0 
7fd98bcfe000-7fd98bdfe000 rw-p 00000000 00:00 0 
7fd98bdfe000-7fd98bdff000 ---p 00000000 00:00 0 
7fd98bdff000-7fd98beff000 rw-p 00000000 00:00 0 
7fd98beff000-7fd98bf00000 ---p 00000000 00:00 0 
7fd98bf00000-7fd98c000000 rw-p 00000000 00:00 0 
7fd98c000000-7fd98c021000 rw-p 00000000 00:00 0 
7fd98c021000-7fd990000000 ---p 00000000 00:00 0 
7fd990000000-7fd990021000 rw-p 00000000 00:00 0 
7fd990021000-7fd994000000 ---p 00000000 00:00 0 
7fd994000000-7fd994021000 rw-p 00000000 00:00 0 
7fd994021000-7fd998000000 ---p 00000000 00:00 0 
7fd998000000-7fd998021000 rw-p 00000000 00:00 0 
7fd998021000-7fd99c000000 ---p 00000000 00:00 0 
7fd99c000000-7fd99c021000 rw-p 00000000 00:00 0 
7fd99c021000-7fd9a0000000 ---p 00000000 00:00 0 
7fd9a0000000-7fd9a0021000 rw-p 00000000 00:00 0 
7fd9a0021000-7fd9a4000000 ---p 00000000 00:00 0 
7fd9a4000000-7fd9a4021000 rw-p 00000000 00:00 0 
7fd9a4021000-7fd9a8000000 ---p 00000000 00:00 0 
7fd9a8000000-7fd9a8021000 rw-p 00000000 00:00 0 
7fd9a8021000-7fd9ac000000 ---p 00000000 00:00 0 
7fd9ac000000-7fd9ac021000 rw-p 00000000 00:00 0 
7fd9ac021000-7fd9b0000000 ---p 00000000 00:00 0 
7fd9b0000000-7fd9b0021000 rw-p 00000000 00:00 0 
7fd9b0021000-7fd9b4000000 ---p 00000000 00:00 0 
7fd9b4000000-7fd9b4021000 rw-p 00000000 00:00 0 
7fd9b4021000-7fd9b8000000 ---p 00000000 00:00 0 
7fd9b8047000-7fd9b8048000 ---p 00000000 00:00 0 
7fd9b8048000-7fd9b8148000 rw-p 00000000 00:00 0 
7fd9b8148000-7fd9b8149000 ---p 00000000 00:00 0 
7fd9b8149000-7fd9b8249000 rw-p 00000000 00:00 0 
7fd9b8249000-7fd9b824a000 ---p 00000000 00:00 0 
7fd9b824a000-7fd9b834a000 rw-p 00000000 00:00 0 
7fd9b834a000-7fd9b834b000 ---p 00000000 00:00 0 
7fd9b834b000-7fd9b8c53000 rw-p 00000000 00:00 0 
7fd9b8c53000-7fd9b8c54000 ---p 00000000 00:00 0 
7fd9b8c54000-7fd9b8d54000 rw-p 00000000 00:00 0 
7fd9b8d54000-7fd9b8d55000 ---p 00000000 00:00 0 
7fd9b8d55000-7fd9b8e55000 rw-p 00000000 00:00 0 
7fd9b8e55000-7fd9b8e56000 ---p 00000000 00:00 0 
7fd9b8e56000-7fd9b8f56000 rw-p 00000000 00:00 0 
7fd9b8f56000-7fd9b8f57000 ---p 00000000 00:00 0 
7fd9b8f57000-7fd9b9057000 rw-p 00000000 00:00 0 
7fd9b9057000-7fd9b9058000 ---p 00000000 00:00 0 
7fd9b9058000-7fd9b9158000 rw-p 00000000 00:00 0 
7fd9b9158000-7fd9b9159000 ---p 00000000 00:00 0 
7fd9b9159000-7fd9b9259000 rw-p 00000000 00:00 0 
7fd9b9259000-7fd9b925a000 ---p 00000000 00:00 0 
7fd9b925a000-7fd9b935a000 rw-p 00000000 00:00 0 
7fd9b935a000-7fd9b935b000 ---p 00000000 00:00 0 
7fd9b935b000-7fd9b9460000 rw-p 00000000 00:00 0 
7fd9b9460000-7fd9b9546000 ---p 00000000 00:00 0 
7fd9b9546000-7fd9b954b000 rw-p 00000000 00:00 0 
7fd9b954b000-7fd9b9631000 ---p 00000000 00:00 0 
7fd9b9631000-7fd9b98a1000 rwxp 00000000 00:00 0 
7fd9b98a1000-7fd9b9bc2000 ---p 00000000 00:00 0 
7fd9b9bc2000-7fd9b9e32000 rwxp 00000000 00:00 0 
7fd9b9e32000-7fd9c10f9000 ---p 00000000 00:00 0 
7fd9c10f9000-7fd9c1369000 rwxp 00000000 00:00 0 
7fd9c1369000-7fd9c8631000 ---p 00000000 00:00 0 
7fd9c8631000-7fd9cf9e0000 r--s 00000000 08:01 16911181                   /usr/lib/jvm/java-9-openjdk-amd64/lib/modules
7fd9cf9e0000-7fd9cf9e5000 r-xp 00000000 08:01 17040444                   /usr/lib/jvm/java-9-openjdk-amd64/lib/amd64/libjimage.so
7fd9cf9e5000-7fd9cfbe4000 ---p 00005000 08:01 17040444                   /usr/lib/jvm/java-9-openjdk-amd64/lib/amd64/libjimage.so
7fd9cfbe4000-7fd9cfbe5000 r--p 00004000 08:01 17040444                   /usr/lib/jvm/java-9-openjdk-amd64/lib/amd64/libjimage.so
7fd9cfbe5000-7fd9cfbe6000 rw-p 00005000 08:01 17040444                   /usr/lib/jvm/java-9-openjdk-amd64/lib/amd64/libjimage.so
7fd9cfbe6000-7fd9cfbed000 r-xp 00000000 08:01 17040440                   /usr/lib/jvm/java-9-openjdk-amd64/lib/amd64/libzip.so
7fd9cfbed000-7fd9cfdec000 ---p 00007000 08:01 17040440                   /usr/lib/jvm/java-9-openjdk-amd64/lib/amd64/libzip.so
7fd9cfdec000-7fd9cfded000 r--p 00006000 08:01 17040440                   /usr/lib/jvm/java-9-openjdk-amd64/lib/amd64/libzip.so
7fd9cfded000-7fd9cfdee000 rw-p 00007000 08:01 17040440                   /usr/lib/jvm/java-9-openjdk-amd64/lib/amd64/libzip.so
7fd9cfdee000-7fd9cfdf9000 r-xp 00000000 08:01 16782634                   /lib/x86_64-linux-gnu/libnss_files-2.23.so
7fd9cfdf9000-7fd9cfff8000 ---p 0000b000 08:01 16782634                   /lib/x86_64-linux-gnu/libnss_files-2.23.so
7fd9cfff8000-7fd9cfff9000 r--p 0000a000 08:01 16782634                   /lib/x86_64-linux-gnu/libnss_files-2.23.so
7fd9cfff9000-7fd9cfffa000 rw-p 0000b000 08:01 16782634                   /lib/x86_64-linux-gnu/libnss_files-2.23.so
7fd9cfffa000-7fd9d0000000 rw-p 00000000 00:00 0 
7fd9d0000000-7fd9d0772000 rw-p 00000000 00:00 0 
7fd9d0772000-7fd9d4000000 ---p 00000000 00:00 0 
7fd9d4026000-7fd9d409c000 rw-p 00000000 00:00 0 
7fd9d409c000-7fd9d40a7000 r-xp 00000000 08:01 16782627                   /lib/x86_64-linux-gnu/libnss_nis-2.23.so
7fd9d40a7000-7fd9d42a6000 ---p 0000b000 08:01 16782627                   /lib/x86_64-linux-gnu/libnss_nis-2.23.so
7fd9d42a6000-7fd9d42a7000 r--p 0000a000 08:01 16782627                   /lib/x86_64-linux-gnu/libnss_nis-2.23.so
7fd9d42a7000-7fd9d42a8000 rw-p 0000b000 08:01 16782627                   /lib/x86_64-linux-gnu/libnss_nis-2.23.so
7fd9d42a8000-7fd9d42be000 r-xp 00000000 08:01 16782632                   /lib/x86_64-linux-gnu/libnsl-2.23.so
7fd9d42be000-7fd9d44bd000 ---p 00016000 08:01 16782632                   /lib/x86_64-linux-gnu/libnsl-2.23.so
7fd9d44bd000-7fd9d44be000 r--p 00015000 08:01 16782632                   /lib/x86_64-linux-gnu/libnsl-2.23.so
7fd9d44be000-7fd9d44bf000 rw-p 00016000 08:01 16782632                   /lib/x86_64-linux-gnu/libnsl-2.23.so
7fd9d44bf000-7fd9d44c1000 rw-p 00000000 00:00 0 
7fd9d44c1000-7fd9d44c9000 r-xp 00000000 08:01 16782638                   /lib/x86_64-linux-gnu/libnss_compat-2.23.so
7fd9d44c9000-7fd9d46c8000 ---p 00008000 08:01 16782638                   /lib/x86_64-linux-gnu/libnss_compat-2.23.so
7fd9d46c8000-7fd9d46c9000 r--p 00007000 08:01 16782638                   /lib/x86_64-linux-gnu/libnss_compat-2.23.so
7fd9d46c9000-7fd9d46ca000 rw-p 00008000 08:01 16782638                   /lib/x86_64-linux-gnu/libnss_compat-2.23.so
7fd9d46ca000-7fd9d46f5000 r-xp 00000000 08:01 17040423                   /usr/lib/jvm/java-9-openjdk-amd64/lib/amd64/libjava.so
7fd9d46f5000-7fd9d48f4000 ---p 0002b000 08:01 17040423                   /usr/lib/jvm/java-9-openjdk-amd64/lib/amd64/libjava.so
7fd9d48f4000-7fd9d48f5000 r--p 0002a000 08:01 17040423                   /usr/lib/jvm/java-9-openjdk-amd64/lib/amd64/libjava.so
7fd9d48f5000-7fd9d48f7000 rw-p 0002b000 08:01 17040423                   /usr/lib/jvm/java-9-openjdk-amd64/lib/amd64/libjava.so
7fd9d48f7000-7fd9d4904000 r-xp 00000000 08:01 17040424                   /usr/lib/jvm/java-9-openjdk-amd64/lib/amd64/libverify.so
7fd9d4904000-7fd9d4b03000 ---p 0000d000 08:01 17040424                   /usr/lib/jvm/java-9-openjdk-amd64/lib/amd64/libverify.so
7fd9d4b03000-7fd9d4b05000 r--p 0000c000 08:01 17040424                   /usr/lib/jvm/java-9-openjdk-amd64/lib/amd64/libverify.so
7fd9d4b05000-7fd9d4b06000 rw-p 0000e000 08:01 17040424                   /usr/lib/jvm/java-9-openjdk-amd64/lib/amd64/libverify.so
7fd9d4b06000-7fd9d4b0d000 r-xp 00000000 08:01 16779060                   /lib/x86_64-linux-gnu/librt-2.23.so
7fd9d4b0d000-7fd9d4d0c000 ---p 00007000 08:01 16779060                   /lib/x86_64-linux-gnu/librt-2.23.so
7fd9d4d0c000-7fd9d4d0d000 r--p 00006000 08:01 16779060                   /lib/x86_64-linux-gnu/librt-2.23.so
7fd9d4d0d000-7fd9d4d0e000 rw-p 00007000 08:01 16779060                   /lib/x86_64-linux-gnu/librt-2.23.so
7fd9d4d0e000-7fd9d4d24000 r-xp 00000000 08:01 16781818                   /lib/x86_64-linux-gnu/libgcc_s.so.1
7fd9d4d24000-7fd9d4f23000 ---p 00016000 08:01 16781818                   /lib/x86_64-linux-gnu/libgcc_s.so.1
7fd9d4f23000-7fd9d4f24000 rw-p 00015000 08:01 16781818                   /lib/x86_64-linux-gnu/libgcc_s.so.1
7fd9d4f24000-7fd9d502c000 r-xp 00000000 08:01 16782640                   /lib/x86_64-linux-gnu/libm-2.23.so
7fd9d502c000-7fd9d522b000 ---p 00108000 08:01 16782640                   /lib/x86_64-linux-gnu/libm-2.23.so
7fd9d522b000-7fd9d522c000 r--p 00107000 08:01 16782640                   /lib/x86_64-linux-gnu/libm-2.23.so
7fd9d522c000-7fd9d522d000 rw-p 00108000 08:01 16782640                   /lib/x86_64-linux-gnu/libm-2.23.so
7fd9d522d000-7fd9d539f000 r-xp 00000000 08:01 16515618                   /usr/lib/x86_64-linux-gnu/libstdc++.so.6.0.21
7fd9d539f000-7fd9d559f000 ---p 00172000 08:01 16515618                   /usr/lib/x86_64-linux-gnu/libstdc++.so.6.0.21
7fd9d559f000-7fd9d55a9000 r--p 00172000 08:01 16515618                   /usr/lib/x86_64-linux-gnu/libstdc++.so.6.0.21
7fd9d55a9000-7fd9d55ab000 rw-p 0017c000 08:01 16515618                   /usr/lib/x86_64-linux-gnu/libstdc++.so.6.0.21
7fd9d55ab000-7fd9d55af000 rw-p 00000000 00:00 0 
7fd9d55af000-7fd9d640d000 r-xp 00000000 08:01 17040437                   /usr/lib/jvm/java-9-openjdk-amd64/lib/amd64/server/libjvm.so
7fd9d640d000-7fd9d660d000 ---p 00e5e000 08:01 17040437                   /usr/lib/jvm/java-9-openjdk-amd64/lib/amd64/server/libjvm.so
7fd9d660d000-7fd9d66bf000 r--p 00e5e000 08:01 17040437                   /usr/lib/jvm/java-9-openjdk-amd64/lib/amd64/server/libjvm.so
7fd9d66bf000-7fd9d66f1000 rw-p 00f10000 08:01 17040437                   /usr/lib/jvm/java-9-openjdk-amd64/lib/amd64/server/libjvm.so
7fd9d66f1000-7fd9d6736000 rw-p 00000000 00:00 0 
7fd9d6736000-7fd9d674e000 r-xp 00000000 08:01 16782624                   /lib/x86_64-linux-gnu/libpthread-2.23.so
7fd9d674e000-7fd9d694d000 ---p 00018000 08:01 16782624                   /lib/x86_64-linux-gnu/libpthread-2.23.so
7fd9d694d000-7fd9d694e000 r--p 00017000 08:01 16782624                   /lib/x86_64-linux-gnu/libpthread-2.23.so
7fd9d694e000-7fd9d694f000 rw-p 00018000 08:01 16782624                   /lib/x86_64-linux-gnu/libpthread-2.23.so
7fd9d694f000-7fd9d6953000 rw-p 00000000 00:00 0 
7fd9d6953000-7fd9d6956000 r-xp 00000000 08:01 16782622                   /lib/x86_64-linux-gnu/libdl-2.23.so
7fd9d6956000-7fd9d6b55000 ---p 00003000 08:01 16782622                   /lib/x86_64-linux-gnu/libdl-2.23.so
7fd9d6b55000-7fd9d6b56000 r--p 00002000 08:01 16782622                   /lib/x86_64-linux-gnu/libdl-2.23.so
7fd9d6b56000-7fd9d6b57000 rw-p 00003000 08:01 16782622                   /lib/x86_64-linux-gnu/libdl-2.23.so
7fd9d6b57000-7fd9d6b70000 r-xp 00000000 08:01 16777452                   /lib/x86_64-linux-gnu/libz.so.1.2.8
7fd9d6b70000-7fd9d6d6f000 ---p 00019000 08:01 16777452                   /lib/x86_64-linux-gnu/libz.so.1.2.8
7fd9d6d6f000-7fd9d6d70000 r--p 00018000 08:01 16777452                   /lib/x86_64-linux-gnu/libz.so.1.2.8
7fd9d6d70000-7fd9d6d71000 rw-p 00019000 08:01 16777452                   /lib/x86_64-linux-gnu/libz.so.1.2.8
7fd9d6d71000-7fd9d6f31000 r-xp 00000000 08:01 16782637                   /lib/x86_64-linux-gnu/libc-2.23.so
7fd9d6f31000-7fd9d7131000 ---p 001c0000 08:01 16782637                   /lib/x86_64-linux-gnu/libc-2.23.so
7fd9d7131000-7fd9d7135000 r--p 001c0000 08:01 16782637                   /lib/x86_64-linux-gnu/libc-2.23.so
7fd9d7135000-7fd9d7137000 rw-p 001c4000 08:01 16782637                   /lib/x86_64-linux-gnu/libc-2.23.so
7fd9d7137000-7fd9d713b000 rw-p 00000000 00:00 0 
7fd9d713b000-7fd9d7149000 r-xp 00000000 08:01 17040454                   /usr/lib/jvm/java-9-openjdk-amd64/lib/amd64/jli/libjli.so
7fd9d7149000-7fd9d7348000 ---p 0000e000 08:01 17040454                   /usr/lib/jvm/java-9-openjdk-amd64/lib/amd64/jli/libjli.so
7fd9d7348000-7fd9d7349000 r--p 0000d000 08:01 17040454                   /usr/lib/jvm/java-9-openjdk-amd64/lib/amd64/jli/libjli.so
7fd9d7349000-7fd9d734a000 rw-p 0000e000 08:01 17040454                   /usr/lib/jvm/java-9-openjdk-amd64/lib/amd64/jli/libjli.so
7fd9d734a000-7fd9d7370000 r-xp 00000000 08:01 16782623                   /lib/x86_64-linux-gnu/ld-2.23.so
7fd9d73b0000-7fd9d7433000 rw-p 00000000 00:00 0 
7fd9d7433000-7fd9d7437000 ---p 00000000 00:00 0 
7fd9d7437000-7fd9d7538000 rw-p 00000000 00:00 0 
7fd9d7558000-7fd9d755d000 rw-p 00000000 00:00 0 
7fd9d755d000-7fd9d7564000 ---p 00000000 00:00 0 
7fd9d7564000-7fd9d756c000 rw-s 00000000 08:01 56885268                   /tmp/hsperfdata_artem/13878
7fd9d756c000-7fd9d756d000 rw-p 00000000 00:00 0 
7fd9d756d000-7fd9d756e000 r--p 00000000 00:00 0 
7fd9d756e000-7fd9d756f000 rw-p 00000000 00:00 0 
7fd9d756f000-7fd9d7570000 r--p 00025000 08:01 16782623                   /lib/x86_64-linux-gnu/ld-2.23.so
7fd9d7570000-7fd9d7571000 rw-p 00026000 08:01 16782623                   /lib/x86_64-linux-gnu/ld-2.23.so
7fd9d7571000-7fd9d7572000 rw-p 00000000 00:00 0 
7ffea09ea000-7ffea0a0b000 rw-p 00000000 00:00 0                          [stack]
7ffea0aff000-7ffea0b01000 r--p 00000000 00:00 0                          [vvar]
7ffea0b01000-7ffea0b03000 r-xp 00000000 00:00 0                          [vdso]
ffffffffff600000-ffffffffff601000 r-xp 00000000 00:00 0                  [vsyscall]

VM Arguments:
jvm_args: -Xmx500m 
java_command: ij.ImageJ -ijpath /home/artem/.imagej -port1 /home/artem/testOF/downrigger/report/pic/pic2.png
java_class_path (initial): /usr/share/java/ij.jar
Launcher Type: SUN_STANDARD

Environment Variables:
PATH=/usr/local/sbin:/usr/local/bin:/usr/sbin:/usr/bin:/sbin:/bin:/usr/games:/usr/local/games:/snap/bin
SHELL=/bin/bash
DISPLAY=:0.0

Signal Handlers:
SIGSEGV: [libjvm.so+0xc12c20], sa_mask[0]=11111111011111111101111111111110, sa_flags=SA_RESTART|SA_SIGINFO
SIGBUS: [libjvm.so+0xc12c20], sa_mask[0]=11111111011111111101111111111110, sa_flags=SA_RESTART|SA_SIGINFO
SIGFPE: [libjvm.so+0xc12c20], sa_mask[0]=11111111011111111101111111111110, sa_flags=SA_RESTART|SA_SIGINFO
SIGPIPE: [libjvm.so+0xa3b600], sa_mask[0]=11111111011111111101111111111110, sa_flags=SA_RESTART|SA_SIGINFO
SIGXFSZ: [libjvm.so+0xa3b600], sa_mask[0]=11111111011111111101111111111110, sa_flags=SA_RESTART|SA_SIGINFO
SIGILL: [libjvm.so+0xc12c20], sa_mask[0]=11111111011111111101111111111110, sa_flags=SA_RESTART|SA_SIGINFO
SIGUSR2: [libjvm.so+0xa3b4a0], sa_mask[0]=00000000000000000000000000000000, sa_flags=SA_RESTART|SA_SIGINFO
SIGHUP: [libjvm.so+0xa3b870], sa_mask[0]=11111111011111111101111111111110, sa_flags=SA_RESTART|SA_SIGINFO
SIGINT: [libjvm.so+0xa3b870], sa_mask[0]=11111111011111111101111111111110, sa_flags=SA_RESTART|SA_SIGINFO
SIGTERM: [libjvm.so+0xa3b870], sa_mask[0]=11111111011111111101111111111110, sa_flags=SA_RESTART|SA_SIGINFO
SIGQUIT: [libjvm.so+0xa3b870], sa_mask[0]=11111111011111111101111111111110, sa_flags=SA_RESTART|SA_SIGINFO


---------------  S Y S T E M  ---------------

OS:DISTRIB_ID=Ubuntu
DISTRIB_RELEASE=16.04
DISTRIB_CODENAME=xenial
DISTRIB_DESCRIPTION="Ubuntu 16.04.6 LTS"
uname:Linux 4.10.0-35-generic #39~16.04.1-Ubuntu SMP Wed Sep 13 09:02:42 UTC 2017 x86_64
libc:glibc 2.23 NPTL 2.23 
rlimit: STACK 8192k, CORE 0k, NPROC 55879, NOFILE 1048576, AS infinity
load average:0,19 0,36 0,30

/proc/meminfo:
MemTotal:       14354948 kB
MemFree:        12429572 kB
MemAvailable:   13394968 kB
Buffers:          104116 kB
Cached:          1080420 kB
SwapCached:            0 kB
Active:          1134444 kB
Inactive:         527524 kB
Active(anon):     478288 kB
Inactive(anon):    14820 kB
Active(file):     656156 kB
Inactive(file):   512704 kB
Unevictable:           0 kB
Mlocked:               0 kB
SwapTotal:        999420 kB
SwapFree:         999420 kB
Dirty:               232 kB
Writeback:             0 kB
AnonPages:        467448 kB
Mapped:           180112 kB
Shmem:             15820 kB
Slab:             143460 kB
SReclaimable:      84456 kB
SUnreclaim:        59004 kB
KernelStack:        8320 kB
PageTables:        29792 kB
NFS_Unstable:          0 kB
Bounce:                0 kB
WritebackTmp:          0 kB
CommitLimit:     8176892 kB
Committed_AS:    2801296 kB
VmallocTotal:   34359738367 kB
VmallocUsed:           0 kB
VmallocChunk:          0 kB
HardwareCorrupted:     0 kB
AnonHugePages:    151552 kB
ShmemHugePages:        0 kB
ShmemPmdMapped:        0 kB
CmaTotal:              0 kB
CmaFree:               0 kB
HugePages_Total:       0
HugePages_Free:        0
HugePages_Rsvd:        0
HugePages_Surp:        0
Hugepagesize:       2048 kB
DirectMap4k:      184832 kB
DirectMap2M:    14485504 kB


CPU:total 8 (4 cores per cpu, 2 threads per core) family 6 model 26 stepping 5, cmov, cx8, fxsr, mmx, sse, sse2, sse3, ssse3, sse4.1, sse4.2, popcnt, ht, tsc, tscinvbit, tscinv

CPU Model and flags from /proc/cpuinfo:
model name	: Intel(R) Core(TM) i7 CPU         930  @ 2.80GHz
flags		: fpu vme de pse tsc msr pae mce cx8 apic sep mtrr pge mca cmov pat pse36 clflush dts acpi mmx fxsr sse sse2 ss ht tm pbe syscall nx rdtscp lm constant_tsc arch_perfmon pebs bts rep_good nopl xtopology nonstop_tsc aperfmperf pni dtes64 monitor ds_cpl vmx est tm2 ssse3 cx16 xtpr pdcm sse4_1 sse4_2 popcnt lahf_lm tpr_shadow vnmi flexpriority ept vpid dtherm ida

Memory: 4k page, physical 14354948k(12429572k free), swap 999420k(999420k free)

vm_info: OpenJDK 64-Bit Server VM (9-internal+0-2016-04-14-195246.buildd.src) for linux-amd64 JRE (9-internal+0-2016-04-14-195246.buildd.src), built on Apr 14 2016 20:05:37 by "buildd" with gcc 5.3.1 20160413

END.
